[2016-07-15 23:26:07][debug] [1-1]. openid Code: 031vyaD41aqFVZ17v8C41N48D41vyaDj
[2016-07-15 23:26:07][debug] [2]. Get openid url: https://api.weixin.qq.com/sns/oauth2/access_token?appid=wxe375e15cc67fa781&secret=228cf37dd081a8de71dd7cd330b080a7&code=031vyaD41aqFVZ17v8C41N48D41vyaDj&grant_type=authorization_code
[2016-07-15 23:26:08][debug] [1-1]. openid Code: 031upE1M108aW01XoJZL1CIH1M1upE1v
[2016-07-15 23:26:08][debug] [2]. Get openid url: https://api.weixin.qq.com/sns/oauth2/access_token?appid=wxe375e15cc67fa781&secret=228cf37dd081a8de71dd7cd330b080a7&code=031upE1M108aW01XoJZL1CIH1M1upE1v&grant_type=authorization_code
[2016-07-15 23:26:08][debug] [1-1]. openid Code: 041nZi2219lJ5323pb121Nmi221nZi2A
[2016-07-15 23:26:08][debug] [2]. Get openid url: https://api.weixin.qq.com/sns/oauth2/access_token?appid=wxe375e15cc67fa781&secret=228cf37dd081a8de71dd7cd330b080a7&code=041nZi2219lJ5323pb121Nmi221nZi2A&grant_type=authorization_code
[2016-07-15 23:26:09][debug] [2-1]. Get openid return: {"access_token":"pxKx6Xp_B3FzqBmJgGVWt0FtTi7BjzC4OC2xsoFlNw5LagFYJuGtrfMkwRAzNaB2g-knIFB8zLRTNIGm0POFottjTPKnkJFJ3C0Hlo-FMoc","expires_in":7200,"refresh_token":"beXxuw6wDzzlSwR4zw_n7XkrXJgfI7NV07ndTzUSHTWzDGfTR_Dt9YI2eReCwU7xD73jk5Xrpu326PtnMHraylihgdON0XR8pENlsKQ-pKc","openid":"o7WT5jiDEEMeSJ3rL1nJ6zi7jGn0","scope":"snsapi_base"}
[2016-07-15 23:26:09][debug] [4]. Get access token url: https://api.weixin.qq.com/cgi-bin/token?grant_type=client_credential&appid=wxe375e15cc67fa781&secret=228cf37dd081a8de71dd7cd330b080a7
[2016-07-15 23:26:09][debug] [4-1]. Get access token return: {"access_token":"lSJYPlFkngTP7DKzGD4de_lFGNlqzjx_3AsPCO17rNDOGs6987X8fIWliHyJMo8tuz7bY-Xe4ZN3rMr_5-xDlN-LSf2TUx80EltndRTtogDaf4fLFLOfqWk5gK_ZLFaGVPQgAGAICD","expires_in":7200}
[2016-07-15 23:26:09][debug] [3]. Get user info url: https://api.weixin.qq.com/cgi-bin/user/info?access_token=lSJYPlFkngTP7DKzGD4de_lFGNlqzjx_3AsPCO17rNDOGs6987X8fIWliHyJMo8tuz7bY-Xe4ZN3rMr_5-xDlN-LSf2TUx80EltndRTtogDaf4fLFLOfqWk5gK_ZLFaGVPQgAGAICD&openid=o7WT5jiDEEMeSJ3rL1nJ6zi7jGn0
[2016-07-15 23:26:09][debug] [3-1]. Get user info return: {"subscribe":0,"openid":"o7WT5jiDEEMeSJ3rL1nJ6zi7jGn0","tagid_list":[]}
[2016-07-15 23:26:09][debug] [2-1]. Get openid return: {"access_token":"IZQOglhGdaVu3wQcKe2hg1p-sK0CdyL5Erj8Ad6eEirWs0z3bCZfrFb9j5Qgu53A45FWfLW2DlQb-m0RZuw0UeGuftg1E3nMeR107DA5fxQ","expires_in":7200,"refresh_token":"vHhMaqvGAiK5h73FShimSyid90uTqZOnfWMK5KWfLr1eyHmTMtZx_wjnxWpeH04mW9QtiiIL0J7ZP5RSJjWql483vfnUAcv8GcBPeNXFbtU","openid":"o7WT5jiDEEMeSJ3rL1nJ6zi7jGn0","scope":"snsapi_base"}
[2016-07-15 23:26:09][debug] [4]. Get access token url: https://api.weixin.qq.com/cgi-bin/token?grant_type=client_credential&appid=wxe375e15cc67fa781&secret=228cf37dd081a8de71dd7cd330b080a7
[2016-07-15 23:26:09][debug] [2-1]. Get openid return: {"access_token":"NW1RGr72FSjRu_3-RIsj2GmjWgl4OnozwEciEfjXmdgrjSP13uP6IUU7aRujXbakdOtjK_l8_01d62ELPhf5lA_hw46Hm8EjN7hWSGsp00E","expires_in":7200,"refresh_token":"f50Rap-AwdWf2YyOQdb-L9aGrluar8-gKVHJCdp15rXeIolrY0eoiJFqm7STojVqPtX0wKSVN7Q-e6_GdpmROrpORVF90XwLtKg_sJgCogM","openid":"o7WT5jiDEEMeSJ3rL1nJ6zi7jGn0","scope":"snsapi_base"}
[2016-07-15 23:26:09][debug] [4]. Get access token url: https://api.weixin.qq.com/cgi-bin/token?grant_type=client_credential&appid=wxe375e15cc67fa781&secret=228cf37dd081a8de71dd7cd330b080a7
[2016-07-15 23:26:09][debug] [4-1]. Get access token return: {"access_token":"lSJYPlFkngTP7DKzGD4de_lFGNlqzjx_3AsPCO17rNCjdicXpbAzVklNTXCMSV_cEu3ik-vppum8dgZ2tdIck7Pb2E3RJUBg5CLUjkSIFBORQ8GHxkT9vNSk_sQqL_sRUWHgAGALNY","expires_in":7200}
[2016-07-15 23:26:09][debug] [3]. Get user info url: https://api.weixin.qq.com/cgi-bin/user/info?access_token=lSJYPlFkngTP7DKzGD4de_lFGNlqzjx_3AsPCO17rNCjdicXpbAzVklNTXCMSV_cEu3ik-vppum8dgZ2tdIck7Pb2E3RJUBg5CLUjkSIFBORQ8GHxkT9vNSk_sQqL_sRUWHgAGALNY&openid=o7WT5jiDEEMeSJ3rL1nJ6zi7jGn0
[2016-07-15 23:26:09][debug] [4-1]. Get access token return: {"access_token":"lSJYPlFkngTP7DKzGD4de_lFGNlqzjx_3AsPCO17rNDEXBJ-J8P-F7EHHfnMYQl4XsKsp-9zim6a7sU3m__E9EBS3ryCmuvops426CRbWoZUkd9V1DXUaB1bv3bzLQ_kZYGgAGAKJR","expires_in":7200}
[2016-07-15 23:26:09][debug] [3]. Get user info url: https://api.weixin.qq.com/cgi-bin/user/info?access_token=lSJYPlFkngTP7DKzGD4de_lFGNlqzjx_3AsPCO17rNDEXBJ-J8P-F7EHHfnMYQl4XsKsp-9zim6a7sU3m__E9EBS3ryCmuvops426CRbWoZUkd9V1DXUaB1bv3bzLQ_kZYGgAGAKJR&openid=o7WT5jiDEEMeSJ3rL1nJ6zi7jGn0
[2016-07-15 23:26:09][debug] [3-1]. Get user info return: {"subscribe":0,"openid":"o7WT5jiDEEMeSJ3rL1nJ6zi7jGn0","tagid_list":[]}
[2016-07-15 23:26:09][debug] [3-1]. Get user info return: {"subscribe":0,"openid":"o7WT5jiDEEMeSJ3rL1nJ6zi7jGn0","tagid_list":[]}
