[2016-05-16 04:56:15][debug] [1]. Get openid url: https://open.weixin.qq.com/connect/oauth2/authorize?appid=wxe375e15cc67fa781&redirect_uri=http%3A%2F%2Fwww.csckl.com%2Fytj%2Fzhuli%2Findex.php&response_type=code&scope=snsapi_base&state=STATE#wechat_redirect
[2016-05-16 04:56:15][debug] [1-1]. openid Code: 001H5fOR07pSEc2cHMNR0P0hOR0H5fOD
[2016-05-16 04:56:15][debug] [2]. Get openid url: https://api.weixin.qq.com/sns/oauth2/access_token?appid=wxe375e15cc67fa781&secret=228cf37dd081a8de71dd7cd330b080a7&code=001H5fOR07pSEc2cHMNR0P0hOR0H5fOD&grant_type=authorization_code
[2016-05-16 04:56:17][debug] [2-1]. Get openid return: {"access_token":"OezXcEiiBSKSxW0eoylIeDAchTD-4X2pUqlFFdlgfyxGo2LTCv8boV-cOTzPtEOSNLOUpMLJh-h-SXLKGFDXNJQriKGJJM2UPd4nid13wPfDH_dCTbyEXu0U_Xzo8CGoFZiXJmB07podiP4V3g-Uuw","expires_in":7200,"refresh_token":"OezXcEiiBSKSxW0eoylIeDAchTD-4X2pUqlFFdlgfyxGo2LTCv8boV-cOTzPtEOSQEmFBTnwrsbNHE2SbtDmuP13QV4prfh2GNfG_x3-zbq5bHU_AmHRew_NknOjbw4IpbAyly55QbaTfGEi6y12hQ","openid":"o7WT5jsFRVvJyvWfnpXzB_K20Nbo","scope":"snsapi_base"}
[2016-05-16 04:56:17][debug] [4]. Get access token url: https://api.weixin.qq.com/cgi-bin/token?grant_type=client_credential&appid=wxe375e15cc67fa781&secret=228cf37dd081a8de71dd7cd330b080a7
[2016-05-16 04:56:17][debug] [1]. Get openid url: https://open.weixin.qq.com/connect/oauth2/authorize?appid=wxe375e15cc67fa781&redirect_uri=http%3A%2F%2Fwww.csckl.com%2Fytj%2Fzhuli%2Findex.php&response_type=code&scope=snsapi_base&state=STATE#wechat_redirect
[2016-05-16 04:56:17][debug] [4-1]. Get access token return: {"access_token":"Jb_nsKQgldYIXrsoVp9QHNYcl68VAc4LoRbNxrNCjrAYmTt28EOhVSzbmWzIXKmVK297qla1Ud12EKeBWHf4_kFZdkB-lT9T1nd14q5GlOk1Jbs0ZkruSMLDOPP-VxRSTWZaAHAHKN","expires_in":7200}
[2016-05-16 04:56:17][debug] [3]. Get user info url: https://api.weixin.qq.com/cgi-bin/user/info?access_token=Jb_nsKQgldYIXrsoVp9QHNYcl68VAc4LoRbNxrNCjrAYmTt28EOhVSzbmWzIXKmVK297qla1Ud12EKeBWHf4_kFZdkB-lT9T1nd14q5GlOk1Jbs0ZkruSMLDOPP-VxRSTWZaAHAHKN&openid=o7WT5jsFRVvJyvWfnpXzB_K20Nbo
[2016-05-16 04:56:17][debug] [3-1]. Get user info return: {"subscribe":1,"openid":"o7WT5jsFRVvJyvWfnpXzB_K20Nbo","nickname":"糖糖","sex":2,"language":"zh_CN","city":"苏州","province":"江苏","country":"中国","headimgurl":"http:\/\/wx.qlogo.cn\/mmopen\/PiajxSqBRaEJa167ibOmwapSkiaj8oRZZYKM94jIbdtAPsQ7QI3xx870amtBibNbiaToGiaH1fZwXmRC4qkKANOY8e6ZEEgO01xNUwKb78R7hHxSU\/0","subscribe_time":1442028430,"remark":"","groupid":0,"tagid_list":[]}
[2016-05-16 04:56:19][debug] [1]. Get openid url: https://open.weixin.qq.com/connect/oauth2/authorize?appid=wxe375e15cc67fa781&redirect_uri=http%3A%2F%2Fwww.csckl.com%2Fytj%2Fzhuli%2Findex.php%3Ftarget_openid%3Do7WT5jsFRVvJyvWfnpXzB_K20Nbo&response_type=code&scope=snsapi_base&state=STATE#wechat_redirect
[2016-05-16 04:56:20][debug] [1-1]. openid Code: 02144pUf0ZmDjD1d6BTf0Q1nUf044pUw
[2016-05-16 04:56:20][debug] [2]. Get openid url: https://api.weixin.qq.com/sns/oauth2/access_token?appid=wxe375e15cc67fa781&secret=228cf37dd081a8de71dd7cd330b080a7&code=02144pUf0ZmDjD1d6BTf0Q1nUf044pUw&grant_type=authorization_code
[2016-05-16 04:56:22][debug] [2-1]. Get openid return: {"access_token":"OezXcEiiBSKSxW0eoylIeDAchTD-4X2pUqlFFdlgfyxGo2LTCv8boV-cOTzPtEOSNJ7Bks-AgUttFXsrNLAVTbKdB57MHvBr_lCMuQ2TG8Aa-3WCj4Heq2uwwFAKV28ex9tMKYrX9PDTEZWZXJRfLg","expires_in":7200,"refresh_token":"OezXcEiiBSKSxW0eoylIeDAchTD-4X2pUqlFFdlgfyxGo2LTCv8boV-cOTzPtEOStcxBqpSgv_z2u-bkUXHPESCwbddI2UJp7OLj5KEhqjEoz0Bj_Qr7568mTye_805Zrh3iMSj3RftTRNi9Exc3LQ","openid":"o7WT5jsFRVvJyvWfnpXzB_K20Nbo","scope":"snsapi_base"}
[2016-05-16 04:56:22][debug] [4]. Get access token url: https://api.weixin.qq.com/cgi-bin/token?grant_type=client_credential&appid=wxe375e15cc67fa781&secret=228cf37dd081a8de71dd7cd330b080a7
[2016-05-16 04:56:22][debug] [4-1]. Get access token return: {"access_token":"Jb_nsKQgldYIXrsoVp9QHNYcl68VAc4LoRbNxrNCjrC6nHI7rjoFJHbs9DzqtaBzSmWXKCqBpDQQIOG59Kb5NT24Ne2wEkp-DCLARuA69LXiF_7VN3oH7V2Uh9f1Pg6hJCLaAHAQJS","expires_in":7196}
[2016-05-16 04:56:22][debug] [3]. Get user info url: https://api.weixin.qq.com/cgi-bin/user/info?access_token=Jb_nsKQgldYIXrsoVp9QHNYcl68VAc4LoRbNxrNCjrC6nHI7rjoFJHbs9DzqtaBzSmWXKCqBpDQQIOG59Kb5NT24Ne2wEkp-DCLARuA69LXiF_7VN3oH7V2Uh9f1Pg6hJCLaAHAQJS&openid=o7WT5jsFRVvJyvWfnpXzB_K20Nbo
[2016-05-16 04:56:22][debug] [3-1]. Get user info return: {"subscribe":1,"openid":"o7WT5jsFRVvJyvWfnpXzB_K20Nbo","nickname":"糖糖","sex":2,"language":"zh_CN","city":"苏州","province":"江苏","country":"中国","headimgurl":"http:\/\/wx.qlogo.cn\/mmopen\/PiajxSqBRaEJa167ibOmwapSkiaj8oRZZYKM94jIbdtAPsQ7QI3xx870amtBibNbiaToGiaH1fZwXmRC4qkKANOY8e6ZEEgO01xNUwKb78R7hHxSU\/0","subscribe_time":1442028430,"remark":"","groupid":0,"tagid_list":[]}
[2016-05-16 04:56:40][debug] [1-1]. openid Code: 001H5fOR07pSEc2cHMNR0P0hOR0H5fOD
[2016-05-16 04:56:40][debug] [2]. Get openid url: https://api.weixin.qq.com/sns/oauth2/access_token?appid=wxe375e15cc67fa781&secret=228cf37dd081a8de71dd7cd330b080a7&code=001H5fOR07pSEc2cHMNR0P0hOR0H5fOD&grant_type=authorization_code
[2016-05-16 04:56:41][debug] [2-1]. Get openid return: {"errcode":40029,"errmsg":"invalid code, hints: [ req_id: eMi5va0802ns81 ]"}
[2016-05-16 04:56:41][debug] [4]. Get access token url: https://api.weixin.qq.com/cgi-bin/token?grant_type=client_credential&appid=wxe375e15cc67fa781&secret=228cf37dd081a8de71dd7cd330b080a7
[2016-05-16 04:56:41][debug] [4-1]. Get access token return: {"access_token":"Jrj3TcZO35lBz9MYuWurjbpH96NO2Qy3n5cPp9uf3adIl9vZyNFqZSyyqe7SfefpnSysEC7PdKszSxFof_YfJs1yjYopA9CsjZsPiIPHFG8INIdADAMRM","expires_in":7200}
[2016-05-16 04:56:41][debug] [3]. Get user info url: https://api.weixin.qq.com/cgi-bin/user/info?access_token=Jrj3TcZO35lBz9MYuWurjbpH96NO2Qy3n5cPp9uf3adIl9vZyNFqZSyyqe7SfefpnSysEC7PdKszSxFof_YfJs1yjYopA9CsjZsPiIPHFG8INIdADAMRM&openid=
[2016-05-16 04:56:41][debug] [3-1]. Get user info return: {"errcode":40003,"errmsg":"invalid openid hint: [7Ll5rA0802vr18]"}
[2016-05-16 04:56:41][debug] [1]. Get openid url: https://open.weixin.qq.com/connect/oauth2/authorize?appid=wxe375e15cc67fa781&redirect_uri=http%3A%2F%2Fwww.csckl.com%2Fytj%2Fzhuli%2Findex.php&response_type=code&scope=snsapi_base&state=STATE#wechat_redirect
