[2016-04-26 06:23:59][debug] [1-1]. openid Code: 031LojVC0R86e92Bx0UC05thVC0LojVw
[2016-04-26 06:23:59][debug] [2]. Get openid url: https://api.weixin.qq.com/sns/oauth2/access_token?appid=wxe375e15cc67fa781&secret=228cf37dd081a8de71dd7cd330b080a7&code=031LojVC0R86e92Bx0UC05thVC0LojVw&grant_type=authorization_code
[2016-04-26 06:24:01][debug] [2-1]. Get openid return: {"access_token":"OezXcEiiBSKSxW0eoylIeDAchTD-4X2pUqlFFdlgfyxH0cz2bqbKqRGhN3jE3wPukubTbID8iA7Kgmg_y5MI8wdkCCJxYo35yqLQzndzlODzC9Ps5R5bvgW7VaBadjdO2qYJHgx7GmYg8x988ESerQ","expires_in":7200,"refresh_token":"OezXcEiiBSKSxW0eoylIeDAchTD-4X2pUqlFFdlgfyxH0cz2bqbKqRGhN3jE3wPud-vOUoncANNtzpj322Li6cEdTNqJINLCZcT4L1PhJp_LN6RV2_5TZGUmaK7_TpMk1KW6AAW_hm8uwGWQKNBX0A","openid":"o7WT5jhK-RnrxVDD79r9gQ-p-n3c","scope":"snsapi_base"}
[2016-04-26 06:24:01][debug] [4]. Get access token url: https://api.weixin.qq.com/cgi-bin/token?grant_type=client_credential&appid=wxe375e15cc67fa781&secret=228cf37dd081a8de71dd7cd330b080a7
[2016-04-26 06:24:01][debug] [4-1]. Get access token return: {"access_token":"08Wea9CR6R50SYHRxFHWNk0adwjuBOwn9NWP4N1nN4zOOzfRugXgULMOua8ttwQU2sibs7F8ZbSeLggmm-2a0fyrcly0Btc99VfeNGjlytkA8CjWthMJ78vA7XImnh4jZMRfAHAHUZ","expires_in":7200}
[2016-04-26 06:24:01][debug] [3]. Get user info url: https://api.weixin.qq.com/cgi-bin/user/info?access_token=08Wea9CR6R50SYHRxFHWNk0adwjuBOwn9NWP4N1nN4zOOzfRugXgULMOua8ttwQU2sibs7F8ZbSeLggmm-2a0fyrcly0Btc99VfeNGjlytkA8CjWthMJ78vA7XImnh4jZMRfAHAHUZ&openid=o7WT5jhK-RnrxVDD79r9gQ-p-n3c
[2016-04-26 06:24:01][debug] [3-1]. Get user info return: {"subscribe":0,"openid":"o7WT5jhK-RnrxVDD79r9gQ-p-n3c"}
[2016-04-26 06:30:17][debug] [1-1]. openid Code: 001MOjIv0ke6mp1HsbFv0cRgIv0MOjIU
[2016-04-26 06:30:17][debug] [2]. Get openid url: https://api.weixin.qq.com/sns/oauth2/access_token?appid=wxe375e15cc67fa781&secret=228cf37dd081a8de71dd7cd330b080a7&code=001MOjIv0ke6mp1HsbFv0cRgIv0MOjIU&grant_type=authorization_code
[2016-04-26 06:30:19][debug] [2-1]. Get openid return: {"access_token":"OezXcEiiBSKSxW0eoylIeDAchTD-4X2pUqlFFdlgfyykdVWo-UBCikeMLijCdeCv8Ya0IZ_JGUGGDCxMj_ZZ9ZeRiJXHS9LbMOnEbLCFKVwf_CXulbbT-jPGGVW-FzEF3BNabVqxoXYjh3_zMNYA-A","expires_in":7200,"refresh_token":"OezXcEiiBSKSxW0eoylIeDAchTD-4X2pUqlFFdlgfyykdVWo-UBCikeMLijCdeCvvfc1khww04wXz0iAsUSQsqrrn5JWxIfcNCbEUuPv4nmHQRC_r8toTUiTe6ctyjRtGjGwBVjmwfYZ0S-xMJFGCQ","openid":"o7WT5jsTf1k2xaoTyi2gSIZtvvpU","scope":"snsapi_base"}
[2016-04-26 06:30:19][debug] [4]. Get access token url: https://api.weixin.qq.com/cgi-bin/token?grant_type=client_credential&appid=wxe375e15cc67fa781&secret=228cf37dd081a8de71dd7cd330b080a7
[2016-04-26 06:30:19][debug] [4-1]. Get access token return: {"access_token":"NmvPzdGtaEsdynHq-UPdx9nB501aYBdY2EFg67k_f4-gAOC9twiVFxQVXadxCHPqvGx8iNZqg5ZxyHuj72qCEvvRXLRPC77Eq2RzNcn5p2eOYlJIHe2TUhejUqCJdxptQFVbACAXMC","expires_in":7200}
[2016-04-26 06:30:19][debug] [3]. Get user info url: https://api.weixin.qq.com/cgi-bin/user/info?access_token=NmvPzdGtaEsdynHq-UPdx9nB501aYBdY2EFg67k_f4-gAOC9twiVFxQVXadxCHPqvGx8iNZqg5ZxyHuj72qCEvvRXLRPC77Eq2RzNcn5p2eOYlJIHe2TUhejUqCJdxptQFVbACAXMC&openid=o7WT5jsTf1k2xaoTyi2gSIZtvvpU
[2016-04-26 06:30:19][debug] [3-1]. Get user info return: {"subscribe":1,"openid":"o7WT5jsTf1k2xaoTyi2gSIZtvvpU","nickname":"凭兰秋思","sex":2,"language":"zh_CN","city":"","province":"","country":"","headimgurl":"http:\/\/wx.qlogo.cn\/mmopen\/ajNVdqHZLLCQxBYhmvSOeDzTLXA0elhZicv1uNYuEDkIaicI6N4kgpHG6AmdFWLfQW8IW7Ac1RXrKcdcdHkeVeibA\/0","subscribe_time":1445603525,"remark":"","groupid":0}
[2016-04-26 10:27:12][debug] [1]. Get openid url: https://open.weixin.qq.com/connect/oauth2/authorize?appid=wxe375e15cc67fa781&redirect_uri=http%3A%2F%2Fwww.csckl.com%2Fytj%2Fzhuli%2Findex.php&response_type=code&scope=snsapi_base&state=STATE#wechat_redirect
[2016-04-26 10:27:14][debug] [1-1]. openid Code: 041HhzNH0rtFV42iS9NH0p7xNH0HhzNx
[2016-04-26 10:27:14][debug] [2]. Get openid url: https://api.weixin.qq.com/sns/oauth2/access_token?appid=wxe375e15cc67fa781&secret=228cf37dd081a8de71dd7cd330b080a7&code=041HhzNH0rtFV42iS9NH0p7xNH0HhzNx&grant_type=authorization_code
[2016-04-26 10:27:15][debug] [2-1]. Get openid return: {"access_token":"OezXcEiiBSKSxW0eoylIeDAchTD-4X2pUqlFFdlgfyzAMmcfMgP8PtH5HOSjdqR0cML1DaM9Y_5MXA9pUiHgD9J8gbyXlWzn6L2Art7ndkbbqEbBs8oVIfrtfAeqKsqWqrub-ogl_z_-E4-RUJKzuQ","expires_in":7200,"refresh_token":"OezXcEiiBSKSxW0eoylIeDAchTD-4X2pUqlFFdlgfyzAMmcfMgP8PtH5HOSjdqR0whZ_CaZFAzmtE0Xtz1eTqXmaGOoBKbYOl4SaM5D-AH-ZWBvde7KoUhj0WJnv3qg-m--qH0YIZTTBG5_6Zh4x1Q","openid":"o7WT5jnVa4wGJuLiTJk2OQ9LKg88","scope":"snsapi_base"}
[2016-04-26 10:27:15][debug] [4]. Get access token url: https://api.weixin.qq.com/cgi-bin/token?grant_type=client_credential&appid=wxe375e15cc67fa781&secret=228cf37dd081a8de71dd7cd330b080a7
[2016-04-26 10:27:15][debug] [4-1]. Get access token return: {"access_token":"PQMmv5qHltUnT4NUfK7E2F1Pfq8Me40U9nm7YJnqurtXzBuXyTH5Fp1DeTWNoM74uBMMAJcTyr3f7wYXo2wIW4vU2Kq_zhlkh0tBQ1L1trUy5mZxOrozIN6-jakzi79VDUMdACATKC","expires_in":7200}
[2016-04-26 10:27:15][debug] [3]. Get user info url: https://api.weixin.qq.com/cgi-bin/user/info?access_token=PQMmv5qHltUnT4NUfK7E2F1Pfq8Me40U9nm7YJnqurtXzBuXyTH5Fp1DeTWNoM74uBMMAJcTyr3f7wYXo2wIW4vU2Kq_zhlkh0tBQ1L1trUy5mZxOrozIN6-jakzi79VDUMdACATKC&openid=o7WT5jnVa4wGJuLiTJk2OQ9LKg88
[2016-04-26 10:27:15][debug] [3-1]. Get user info return: {"subscribe":1,"openid":"o7WT5jnVa4wGJuLiTJk2OQ9LKg88","nickname":"佳","sex":2,"language":"zh_CN","city":"苏州","province":"江苏","country":"中国","headimgurl":"http:\/\/wx.qlogo.cn\/mmopen\/47CicbLQOxtXwWwia2lb7bO2qtbicFib138V8lWcEMCg6yVc8F60O0zmuenC3h9nKvAXlM3NOo8UrWvm2AdvbiambC5sOR4pElXF0\/0","subscribe_time":1410572756,"remark":"","groupid":0}
[2016-04-26 10:32:29][debug] [1]. Get openid url: https://open.weixin.qq.com/connect/oauth2/authorize?appid=wxe375e15cc67fa781&redirect_uri=http%3A%2F%2Fwww.csckl.com%2Fytj%2Fzhuli%2Findex.php&response_type=code&scope=snsapi_base&state=STATE#wechat_redirect
[2016-04-26 10:32:31][debug] [1-1]. openid Code: 0012xPbI1lYR1c0lO6eI1yyLbI12xPbP
[2016-04-26 10:32:31][debug] [2]. Get openid url: https://api.weixin.qq.com/sns/oauth2/access_token?appid=wxe375e15cc67fa781&secret=228cf37dd081a8de71dd7cd330b080a7&code=0012xPbI1lYR1c0lO6eI1yyLbI12xPbP&grant_type=authorization_code
[2016-04-26 10:32:33][debug] [2-1]. Get openid return: {"access_token":"OezXcEiiBSKSxW0eoylIeDAchTD-4X2pUqlFFdlgfyzAMmcfMgP8PtH5HOSjdqR0N_G9YtaaMyU5eNNh--KZxG-cdnZ5LWr8WW-2CsFDHH39FcjnK6uLgCyQIH-5yAYcbGcLi0KoYUdvnQKEgSze4g","expires_in":7200,"refresh_token":"OezXcEiiBSKSxW0eoylIeDAchTD-4X2pUqlFFdlgfyzAMmcfMgP8PtH5HOSjdqR0vDPVQzdIRkPmaqr3D-wws6iyToTZMQFmvJy3Yl4AGDnEw1UuQ8_Lcnql_8gOePKeqMeZe6_nGKy_oWcTlh_gGg","openid":"o7WT5jnVa4wGJuLiTJk2OQ9LKg88","scope":"snsapi_base"}
[2016-04-26 10:32:33][debug] [4]. Get access token url: https://api.weixin.qq.com/cgi-bin/token?grant_type=client_credential&appid=wxe375e15cc67fa781&secret=228cf37dd081a8de71dd7cd330b080a7
[2016-04-26 10:32:33][debug] [4-1]. Get access token return: {"access_token":"U8E5oltx-jMBOSUv5fu4_uCiBhfpCaSfzj2E98HOmqPAQwBWDNbYUXIDBUlz9KjMwa5SRazvXlRn-FR4VbjMHHOpkPwZywJdv7RVlsyTEdc2WlJtvPcRoFydaKr-Cm4OQXXeAJATAA","expires_in":7200}
[2016-04-26 10:32:33][debug] [3]. Get user info url: https://api.weixin.qq.com/cgi-bin/user/info?access_token=U8E5oltx-jMBOSUv5fu4_uCiBhfpCaSfzj2E98HOmqPAQwBWDNbYUXIDBUlz9KjMwa5SRazvXlRn-FR4VbjMHHOpkPwZywJdv7RVlsyTEdc2WlJtvPcRoFydaKr-Cm4OQXXeAJATAA&openid=o7WT5jnVa4wGJuLiTJk2OQ9LKg88
[2016-04-26 10:32:33][debug] [3-1]. Get user info return: {"subscribe":1,"openid":"o7WT5jnVa4wGJuLiTJk2OQ9LKg88","nickname":"佳","sex":2,"language":"zh_CN","city":"苏州","province":"江苏","country":"中国","headimgurl":"http:\/\/wx.qlogo.cn\/mmopen\/47CicbLQOxtXwWwia2lb7bO2qtbicFib138V8lWcEMCg6yVc8F60O0zmuenC3h9nKvAXlM3NOo8UrWvm2AdvbiambC5sOR4pElXF0\/0","subscribe_time":1410572756,"remark":"","groupid":0}
[2016-04-26 10:32:56][debug] [1]. Get openid url: https://open.weixin.qq.com/connect/oauth2/authorize?appid=wxe375e15cc67fa781&redirect_uri=http%3A%2F%2Fwww.csckl.com%2Fytj%2Fzhuli%2Findex.php%3Ftarget_openid%3Do7WT5jnVa4wGJuLiTJk2OQ9LKg88&response_type=code&scope=snsapi_base&state=STATE#wechat_redirect
[2016-04-26 10:32:58][debug] [1-1]. openid Code: 011xAftR0Hbmhc2h3hvR0SQbtR0xAftz
[2016-04-26 10:32:58][debug] [2]. Get openid url: https://api.weixin.qq.com/sns/oauth2/access_token?appid=wxe375e15cc67fa781&secret=228cf37dd081a8de71dd7cd330b080a7&code=011xAftR0Hbmhc2h3hvR0SQbtR0xAftz&grant_type=authorization_code
[2016-04-26 10:32:59][debug] [2-1]. Get openid return: {"access_token":"OezXcEiiBSKSxW0eoylIeDAchTD-4X2pUqlFFdlgfyzAMmcfMgP8PtH5HOSjdqR0eTPnSsXl4vmpH1U78vDgMYC0RFp5teyS6oaoHNdr7QMe8vWl52RheKnHt2W8jlMxlIZY0J09yydQe-FTTBCqqQ","expires_in":7200,"refresh_token":"OezXcEiiBSKSxW0eoylIeDAchTD-4X2pUqlFFdlgfyzAMmcfMgP8PtH5HOSjdqR0fQnU_mc1ginFvqYRdeP2ouswGqOQMnVDYnfXkyYhSXDrA3dUcayITZr9SJtWf62suVeIq0hKJ5WzRZw3rq6cDQ","openid":"o7WT5jnVa4wGJuLiTJk2OQ9LKg88","scope":"snsapi_base"}
[2016-04-26 10:32:59][debug] [4]. Get access token url: https://api.weixin.qq.com/cgi-bin/token?grant_type=client_credential&appid=wxe375e15cc67fa781&secret=228cf37dd081a8de71dd7cd330b080a7
[2016-04-26 10:33:00][debug] [4-1]. Get access token return: {"access_token":"rp2VkPARTpug-qfn1bw0grwEYGkll1mRezfkat9yINC2ThU2bsMWvDcWeMP04Z9KarEJgJGM2IUCXn9ZJhdqL1PJnUF9ubZKouvj4yTAHWr_8g1LWBKoNqwffeXPftCMKPEbAAACHW","expires_in":7200}
[2016-04-26 10:33:00][debug] [3]. Get user info url: https://api.weixin.qq.com/cgi-bin/user/info?access_token=rp2VkPARTpug-qfn1bw0grwEYGkll1mRezfkat9yINC2ThU2bsMWvDcWeMP04Z9KarEJgJGM2IUCXn9ZJhdqL1PJnUF9ubZKouvj4yTAHWr_8g1LWBKoNqwffeXPftCMKPEbAAACHW&openid=o7WT5jnVa4wGJuLiTJk2OQ9LKg88
[2016-04-26 10:33:00][debug] [3-1]. Get user info return: {"subscribe":1,"openid":"o7WT5jnVa4wGJuLiTJk2OQ9LKg88","nickname":"佳","sex":2,"language":"zh_CN","city":"苏州","province":"江苏","country":"中国","headimgurl":"http:\/\/wx.qlogo.cn\/mmopen\/47CicbLQOxtXwWwia2lb7bO2qtbicFib138V8lWcEMCg6yVc8F60O0zmuenC3h9nKvAXlM3NOo8UrWvm2AdvbiambC5sOR4pElXF0\/0","subscribe_time":1410572756,"remark":"","groupid":0}
[2016-04-26 10:35:26][debug] [1]. Get openid url: https://open.weixin.qq.com/connect/oauth2/authorize?appid=wxe375e15cc67fa781&redirect_uri=http%3A%2F%2Fwww.csckl.com%2Fytj%2Fzhuli%2Findex.php%3Ftarget_openid%3Do7WT5jnVa4wGJuLiTJk2OQ9LKg88&response_type=code&scope=snsapi_base&state=STATE#wechat_redirect
[2016-04-26 10:35:28][debug] [1]. Get openid url: https://open.weixin.qq.com/connect/oauth2/authorize?appid=wxe375e15cc67fa781&redirect_uri=http%3A%2F%2Fwww.csckl.com%2Fytj%2Fzhuli%2Findex.php%3Ftarget_openid%3Do7WT5jnVa4wGJuLiTJk2OQ9LKg88&response_type=code&scope=snsapi_base&state=STATE#wechat_redirect
[2016-04-26 10:35:30][debug] [1-1]. openid Code: 0116JvPO0Z3CCg21f2QO0ayrPO06JvPF
[2016-04-26 10:35:30][debug] [2]. Get openid url: https://api.weixin.qq.com/sns/oauth2/access_token?appid=wxe375e15cc67fa781&secret=228cf37dd081a8de71dd7cd330b080a7&code=0116JvPO0Z3CCg21f2QO0ayrPO06JvPF&grant_type=authorization_code
[2016-04-26 10:35:31][debug] [2-1]. Get openid return: {"access_token":"OezXcEiiBSKSxW0eoylIeDAchTD-4X2pUqlFFdlgfyzAMmcfMgP8PtH5HOSjdqR02jCyzjY-fKedyxxNfMlRtBwF0jakkxidcKKCGi_VOJujrx1hKR3TVpEIaOdpQeRUtGDB45R57X1yd1r0AdHiGw","expires_in":7200,"refresh_token":"OezXcEiiBSKSxW0eoylIeDAchTD-4X2pUqlFFdlgfyzAMmcfMgP8PtH5HOSjdqR02VUUJ1n5RZ55XbJRCJ93D7wHJMPDJPgTjOcbpINIynVhgajMPLiQ5P3_Qks0KylhHaJKrcVC1N4bKCuEVndJbQ","openid":"o7WT5jnVa4wGJuLiTJk2OQ9LKg88","scope":"snsapi_base"}
[2016-04-26 10:35:31][debug] [4]. Get access token url: https://api.weixin.qq.com/cgi-bin/token?grant_type=client_credential&appid=wxe375e15cc67fa781&secret=228cf37dd081a8de71dd7cd330b080a7
[2016-04-26 10:35:31][debug] [4-1]. Get access token return: {"access_token":"U8tjYJKcAhomgzuKZ9Peve6CKuTVMcLgoAOdJpha3GQxc9FnP0OPwakuA2-F5mKRyysTlS-ZYO0uZyddBseD7FWRIGKAKjAZHzcqZ3hj8SntLhFTn9pJ_rsl4FwnFZYqNGYeACAWPH","expires_in":7200}
[2016-04-26 10:35:31][debug] [3]. Get user info url: https://api.weixin.qq.com/cgi-bin/user/info?access_token=U8tjYJKcAhomgzuKZ9Peve6CKuTVMcLgoAOdJpha3GQxc9FnP0OPwakuA2-F5mKRyysTlS-ZYO0uZyddBseD7FWRIGKAKjAZHzcqZ3hj8SntLhFTn9pJ_rsl4FwnFZYqNGYeACAWPH&openid=o7WT5jnVa4wGJuLiTJk2OQ9LKg88
[2016-04-26 10:35:31][debug] [3-1]. Get user info return: {"subscribe":1,"openid":"o7WT5jnVa4wGJuLiTJk2OQ9LKg88","nickname":"佳","sex":2,"language":"zh_CN","city":"苏州","province":"江苏","country":"中国","headimgurl":"http:\/\/wx.qlogo.cn\/mmopen\/47CicbLQOxtXwWwia2lb7bO2qtbicFib138V8lWcEMCg6yVc8F60O0zmuenC3h9nKvAXlM3NOo8UrWvm2AdvbiambC5sOR4pElXF0\/0","subscribe_time":1410572756,"remark":"","groupid":0}
[2016-04-26 10:35:46][debug] [1-1]. openid Code: 0012xPbI1lYR1c0lO6eI1yyLbI12xPbP
[2016-04-26 10:35:46][debug] [2]. Get openid url: https://api.weixin.qq.com/sns/oauth2/access_token?appid=wxe375e15cc67fa781&secret=228cf37dd081a8de71dd7cd330b080a7&code=0012xPbI1lYR1c0lO6eI1yyLbI12xPbP&grant_type=authorization_code
[2016-04-26 10:35:47][debug] [2-1]. Get openid return: {"errcode":40029,"errmsg":"invalid code, hints: [ req_id: cBdD3a0147ns89 ]"}
[2016-04-26 10:35:47][debug] [4]. Get access token url: https://api.weixin.qq.com/cgi-bin/token?grant_type=client_credential&appid=wxe375e15cc67fa781&secret=228cf37dd081a8de71dd7cd330b080a7
[2016-04-26 10:35:48][debug] [4-1]. Get access token return: {"access_token":"U8tjYJKcAhomgzuKZ9Peve6CKuTVMcLgoAOdJpha3GTwuZ0i0QpMXyQstgAgH3g0kt9v-AhLWE6MMrtIC1u7M3SyqxnZWrstOPLyiguKtzNlY_2ujnoDv3dNG1yHf-1yCLKeACAHQP","expires_in":7200}
[2016-04-26 10:35:48][debug] [3]. Get user info url: https://api.weixin.qq.com/cgi-bin/user/info?access_token=U8tjYJKcAhomgzuKZ9Peve6CKuTVMcLgoAOdJpha3GTwuZ0i0QpMXyQstgAgH3g0kt9v-AhLWE6MMrtIC1u7M3SyqxnZWrstOPLyiguKtzNlY_2ujnoDv3dNG1yHf-1yCLKeACAHQP&openid=
[2016-04-26 10:35:48][debug] [3-1]. Get user info return: {"errcode":40003,"errmsg":"invalid openid hint: [P0rYFa0147vr18]"}
[2016-04-26 12:49:26][debug] [1]. Get openid url: https://open.weixin.qq.com/connect/oauth2/authorize?appid=wxe375e15cc67fa781&redirect_uri=http%3A%2F%2Fwww.csckl.com%2Fytj%2Fzhuli%2Findex.php&response_type=code&scope=snsapi_base&state=STATE#wechat_redirect
[2016-04-26 12:49:26][debug] [1-1]. openid Code: 031uu0p82XoDjE0F7Um82Bj1p82uu0pM
[2016-04-26 12:49:26][debug] [2]. Get openid url: https://api.weixin.qq.com/sns/oauth2/access_token?appid=wxe375e15cc67fa781&secret=228cf37dd081a8de71dd7cd330b080a7&code=031uu0p82XoDjE0F7Um82Bj1p82uu0pM&grant_type=authorization_code
[2016-04-26 12:49:28][debug] [2-1]. Get openid return: {"access_token":"OezXcEiiBSKSxW0eoylIeDAchTD-4X2pUqlFFdlgfyxAH4n928WyNmpQ6L1qjOFSOoNPhLjJT75_49YL_UWCWkCuRz6czBpdhLViIoIW0KELpNGeLeZN-fOkOD9Z1bZCT0xIgJGDCU_D0Y3KuQcCkg","expires_in":7200,"refresh_token":"OezXcEiiBSKSxW0eoylIeDAchTD-4X2pUqlFFdlgfyxAH4n928WyNmpQ6L1qjOFSivX6PtIJjBT_bKoQ1pGzRf7SL4Dg9Kak4lf3ER7T3pHsuKbPb4eh59qu66EHxcuOWwY-KsXeKQ99tXzKYzUOQg","openid":"o7WT5jgWI1O4ysnHGKwm2TC7oyyM","scope":"snsapi_base"}
[2016-04-26 12:49:28][debug] [4]. Get access token url: https://api.weixin.qq.com/cgi-bin/token?grant_type=client_credential&appid=wxe375e15cc67fa781&secret=228cf37dd081a8de71dd7cd330b080a7
[2016-04-26 12:49:28][debug] [4-1]. Get access token return: {"access_token":"FGKaYVN6lccUg866mJcDpEimSBOYEuzGnMhcDZjRQGUS4p9GnH4RYSZmyLWL_qaTQr0i5tY3GAT_Dv3R7QS8AR_5xZ7nFGLWG5WXRTwy2xNUKJK591pY0y_EHTYibBE0XBWgAIASWR","expires_in":7200}
[2016-04-26 12:49:28][debug] [3]. Get user info url: https://api.weixin.qq.com/cgi-bin/user/info?access_token=FGKaYVN6lccUg866mJcDpEimSBOYEuzGnMhcDZjRQGUS4p9GnH4RYSZmyLWL_qaTQr0i5tY3GAT_Dv3R7QS8AR_5xZ7nFGLWG5WXRTwy2xNUKJK591pY0y_EHTYibBE0XBWgAIASWR&openid=o7WT5jgWI1O4ysnHGKwm2TC7oyyM
[2016-04-26 12:49:28][debug] [3-1]. Get user info return: {"subscribe":1,"openid":"o7WT5jgWI1O4ysnHGKwm2TC7oyyM","nickname":" 月满西楼","sex":2,"language":"zh_CN","city":"苏州","province":"江苏","country":"中国","headimgurl":"http:\/\/wx.qlogo.cn\/mmopen\/47CicbLQOxtWdWFO9NsX2KY8HSGpF0ytSjdkHCKSiart2heYQAelNicgreic376Gkd58yZtfbHLR176dHCD5AnY9EA\/0","subscribe_time":1461314186,"remark":"","groupid":0}
[2016-04-26 12:49:30][debug] [1]. Get openid url: https://open.weixin.qq.com/connect/oauth2/authorize?appid=wxe375e15cc67fa781&redirect_uri=http%3A%2F%2Fwww.csckl.com%2Fytj%2Fzhuli%2Findex.php%3Ftarget_openid%3Do7WT5jgWI1O4ysnHGKwm2TC7oyyM&response_type=code&scope=snsapi_base&state=STATE#wechat_redirect
[2016-04-26 12:49:30][debug] [1-1]. openid Code: 041Ddlt92o4ifD0HhJq92mfpt92Ddltt
[2016-04-26 12:49:30][debug] [2]. Get openid url: https://api.weixin.qq.com/sns/oauth2/access_token?appid=wxe375e15cc67fa781&secret=228cf37dd081a8de71dd7cd330b080a7&code=041Ddlt92o4ifD0HhJq92mfpt92Ddltt&grant_type=authorization_code
[2016-04-26 12:49:32][debug] [2-1]. Get openid return: {"access_token":"OezXcEiiBSKSxW0eoylIeDAchTD-4X2pUqlFFdlgfyxAH4n928WyNmpQ6L1qjOFS3btXZ8cJV9xMMhVQAuMUe6kYQKJhVQPWmJwo7mTxT18sJsrvPbThFzZl0_02ynlGZIhmJxdRmSPCDkCvLUOnkg","expires_in":7200,"refresh_token":"OezXcEiiBSKSxW0eoylIeDAchTD-4X2pUqlFFdlgfyxAH4n928WyNmpQ6L1qjOFSNVVQAjT0wcFu3NTN0F0TSmZO681R4CeRRUxGVHvigWDEmMg8Qwu4cuZw3rsS_rnaQwmf9ytq9sWIty1bTzg6sw","openid":"o7WT5jgWI1O4ysnHGKwm2TC7oyyM","scope":"snsapi_base"}
[2016-04-26 12:49:32][debug] [4]. Get access token url: https://api.weixin.qq.com/cgi-bin/token?grant_type=client_credential&appid=wxe375e15cc67fa781&secret=228cf37dd081a8de71dd7cd330b080a7
[2016-04-26 12:49:32][debug] [4-1]. Get access token return: {"access_token":"FGKaYVN6lccUg866mJcDpEimSBOYEuzGnMhcDZjRQGXr0xMfX2PPZNt0pVmaP9Hi_t8PaYYKMAbm4FYycE_EhLr9kiXr_EX7rk98I0hIPCeU4f0qz8ifMhZEt8ztxoPyCHQgAIAUZI","expires_in":7196}
[2016-04-26 12:49:32][debug] [3]. Get user info url: https://api.weixin.qq.com/cgi-bin/user/info?access_token=FGKaYVN6lccUg866mJcDpEimSBOYEuzGnMhcDZjRQGXr0xMfX2PPZNt0pVmaP9Hi_t8PaYYKMAbm4FYycE_EhLr9kiXr_EX7rk98I0hIPCeU4f0qz8ifMhZEt8ztxoPyCHQgAIAUZI&openid=o7WT5jgWI1O4ysnHGKwm2TC7oyyM
[2016-04-26 12:49:32][debug] [3-1]. Get user info return: {"subscribe":1,"openid":"o7WT5jgWI1O4ysnHGKwm2TC7oyyM","nickname":" 月满西楼","sex":2,"language":"zh_CN","city":"苏州","province":"江苏","country":"中国","headimgurl":"http:\/\/wx.qlogo.cn\/mmopen\/47CicbLQOxtWdWFO9NsX2KY8HSGpF0ytSjdkHCKSiart2heYQAelNicgreic376Gkd58yZtfbHLR176dHCD5AnY9EA\/0","subscribe_time":1461314186,"remark":"","groupid":0}
[2016-04-26 12:49:37][debug] [1-1]. openid Code: 031uu0p82XoDjE0F7Um82Bj1p82uu0pM
[2016-04-26 12:49:37][debug] [2]. Get openid url: https://api.weixin.qq.com/sns/oauth2/access_token?appid=wxe375e15cc67fa781&secret=228cf37dd081a8de71dd7cd330b080a7&code=031uu0p82XoDjE0F7Um82Bj1p82uu0pM&grant_type=authorization_code
[2016-04-26 12:49:39][debug] [2-1]. Get openid return: {"errcode":40029,"errmsg":"invalid code, hints: [ req_id: Xxfkka0178ns50 ]"}
[2016-04-26 12:49:39][debug] [4]. Get access token url: https://api.weixin.qq.com/cgi-bin/token?grant_type=client_credential&appid=wxe375e15cc67fa781&secret=228cf37dd081a8de71dd7cd330b080a7
[2016-04-26 12:49:39][debug] [4-1]. Get access token return: {"access_token":"FGKaYVN6lccUg866mJcDpEimSBOYEuzGnMhcDZjRQGUQELJXrT3eLW1-O6PP_Gq-Plu-uYvfsiGS08HqSy5Anu__I536hXLrR6M6jdvcUXHh2g9Srjf0J7OphU4Ox7z_MMBgAIAWWL","expires_in":7200}
[2016-04-26 12:49:39][debug] [3]. Get user info url: https://api.weixin.qq.com/cgi-bin/user/info?access_token=FGKaYVN6lccUg866mJcDpEimSBOYEuzGnMhcDZjRQGUQELJXrT3eLW1-O6PP_Gq-Plu-uYvfsiGS08HqSy5Anu__I536hXLrR6M6jdvcUXHh2g9Srjf0J7OphU4Ox7z_MMBgAIAWWL&openid=
[2016-04-26 12:49:39][debug] [3-1]. Get user info return: {"errcode":40003,"errmsg":"invalid openid hint: [0178vr20]"}
[2016-04-26 12:49:40][debug] [1]. Get openid url: https://open.weixin.qq.com/connect/oauth2/authorize?appid=wxe375e15cc67fa781&redirect_uri=http%3A%2F%2Fwww.csckl.com%2Fytj%2Fzhuli%2Findex.php%3Ftarget_openid%3D&response_type=code&scope=snsapi_base&state=STATE#wechat_redirect
[2016-04-26 13:42:29][debug] [1]. Get openid url: https://open.weixin.qq.com/connect/oauth2/authorize?appid=wxe375e15cc67fa781&redirect_uri=http%3A%2F%2Fwww.csckl.com%2Fytj%2Fzhuli%2Findex.php&response_type=code&scope=snsapi_base&state=STATE#wechat_redirect
[2016-04-26 13:42:30][debug] [1-1]. openid Code: 0013KBnm0SGjXf1jnunm0u3znm03KBnM
[2016-04-26 13:42:30][debug] [2]. Get openid url: https://api.weixin.qq.com/sns/oauth2/access_token?appid=wxe375e15cc67fa781&secret=228cf37dd081a8de71dd7cd330b080a7&code=0013KBnm0SGjXf1jnunm0u3znm03KBnM&grant_type=authorization_code
[2016-04-26 13:42:32][debug] [2-1]. Get openid return: {"access_token":"OezXcEiiBSKSxW0eoylIeDAchTD-4X2pUqlFFdlgfyxSX-On6uXwM47sXCj675hV5m9qeNK7h32j_1HJ9tnA8JUOm6u7QsIUm7sP3I8tIPKfF4vihteOOaOREhopTwPoR6vXjgvNJ7RObAFJkerXnA","expires_in":7200,"refresh_token":"OezXcEiiBSKSxW0eoylIeDAchTD-4X2pUqlFFdlgfyxSX-On6uXwM47sXCj675hVj2sDJkyuQZ0qNN-tTGjXskOunwU-iGZLqXUfxow6bZDHrrKMN-NZvhmVBkqPeeiTPoaZBZ6wnuq_HLWPkEv3yw","openid":"o7WT5jnHfafG4N3eYhD8bnDs3TiE","scope":"snsapi_base"}
[2016-04-26 13:42:32][debug] [4]. Get access token url: https://api.weixin.qq.com/cgi-bin/token?grant_type=client_credential&appid=wxe375e15cc67fa781&secret=228cf37dd081a8de71dd7cd330b080a7
[2016-04-26 13:42:32][debug] [4-1]. Get access token return: {"access_token":"xqfWzi3SDUXanS1mtXNIkoPIqt-NVIQ6zKNClmv0ARNpj3vjY-Lcp_Bpr4V7W_GYbyivZJ9ph8Ek3r_8pbjJkyGljkfeWq_IecX2a1cX60IGZXbABAWPN","expires_in":7200}
[2016-04-26 13:42:32][debug] [3]. Get user info url: https://api.weixin.qq.com/cgi-bin/user/info?access_token=xqfWzi3SDUXanS1mtXNIkoPIqt-NVIQ6zKNClmv0ARNpj3vjY-Lcp_Bpr4V7W_GYbyivZJ9ph8Ek3r_8pbjJkyGljkfeWq_IecX2a1cX60IGZXbABAWPN&openid=o7WT5jnHfafG4N3eYhD8bnDs3TiE
[2016-04-26 13:42:32][debug] [3-1]. Get user info return: {"subscribe":1,"openid":"o7WT5jnHfafG4N3eYhD8bnDs3TiE","nickname":"心灵","sex":2,"language":"zh_CN","city":"苏州","province":"江苏","country":"中国","headimgurl":"http:\/\/wx.qlogo.cn\/mmopen\/e7cquZfpTniaicAufg4YJPDtREqwCunaSYbvwOztSbyR2A7MBzeNmyXl4JoWnTOtPuu4Vds5Nq6YdMd7Uzib8TNSibcpOITGZplo\/0","subscribe_time":1441692327,"remark":"","groupid":0}
[2016-04-26 13:42:55][debug] [1]. Get openid url: https://open.weixin.qq.com/connect/oauth2/authorize?appid=wxe375e15cc67fa781&redirect_uri=http%3A%2F%2Fwww.csckl.com%2Fytj%2Fzhuli%2Findex.php%3Ftarget_openid%3Do7WT5jnHfafG4N3eYhD8bnDs3TiE&response_type=code&scope=snsapi_base&state=STATE#wechat_redirect
[2016-04-26 13:43:01][debug] [1-1]. openid Code: 011wToqs1VQQ4s05o9ts1C0mqs1wToqC
[2016-04-26 13:43:01][debug] [2]. Get openid url: https://api.weixin.qq.com/sns/oauth2/access_token?appid=wxe375e15cc67fa781&secret=228cf37dd081a8de71dd7cd330b080a7&code=011wToqs1VQQ4s05o9ts1C0mqs1wToqC&grant_type=authorization_code
[2016-04-26 13:43:02][debug] [2-1]. Get openid return: {"access_token":"OezXcEiiBSKSxW0eoylIeDAchTD-4X2pUqlFFdlgfyxSX-On6uXwM47sXCj675hVJbivl1eLJVJsVy6vL2AhzwU30_arxOdnmUQCFJyYkf4-LtkUL6yJPiTs1OYH1deguxveOt4XNO9LO1GpPAyBww","expires_in":7200,"refresh_token":"OezXcEiiBSKSxW0eoylIeDAchTD-4X2pUqlFFdlgfyxSX-On6uXwM47sXCj675hVqVeSpUoUbBGrcIPMvepYbyArskPqrwtMzeeb2SFFrGpVpdNIxqb9cfXDgyCLv4wMCR3aqG0UMIBsl2XbjRU-WQ","openid":"o7WT5jnHfafG4N3eYhD8bnDs3TiE","scope":"snsapi_base"}
[2016-04-26 13:43:02][debug] [4]. Get access token url: https://api.weixin.qq.com/cgi-bin/token?grant_type=client_credential&appid=wxe375e15cc67fa781&secret=228cf37dd081a8de71dd7cd330b080a7
[2016-04-26 13:43:02][debug] [4-1]. Get access token return: {"access_token":"fsoTD9jJHoPXesej6S5fWAl0lIyfm7SYcbMKqPez2BXoez31HfqQB9y8n_MosKKpAY8VvbCfiJi4VQ7rLnBxDAfK-JSz9VEnkYwvtoywzcACGj4aU1S1S3jwOAgUDWXOKFNaADASNV","expires_in":7200}
[2016-04-26 13:43:02][debug] [3]. Get user info url: https://api.weixin.qq.com/cgi-bin/user/info?access_token=fsoTD9jJHoPXesej6S5fWAl0lIyfm7SYcbMKqPez2BXoez31HfqQB9y8n_MosKKpAY8VvbCfiJi4VQ7rLnBxDAfK-JSz9VEnkYwvtoywzcACGj4aU1S1S3jwOAgUDWXOKFNaADASNV&openid=o7WT5jnHfafG4N3eYhD8bnDs3TiE
[2016-04-26 13:43:02][debug] [3-1]. Get user info return: {"subscribe":1,"openid":"o7WT5jnHfafG4N3eYhD8bnDs3TiE","nickname":"心灵","sex":2,"language":"zh_CN","city":"苏州","province":"江苏","country":"中国","headimgurl":"http:\/\/wx.qlogo.cn\/mmopen\/e7cquZfpTniaicAufg4YJPDtREqwCunaSYbvwOztSbyR2A7MBzeNmyXl4JoWnTOtPuu4Vds5Nq6YdMd7Uzib8TNSibcpOITGZplo\/0","subscribe_time":1441692327,"remark":"","groupid":0}
[2016-04-26 13:43:38][debug] [1]. Get openid url: https://open.weixin.qq.com/connect/oauth2/authorize?appid=wxe375e15cc67fa781&redirect_uri=http%3A%2F%2Fwww.csckl.com%2Fytj%2Fzhuli%2Findex.php%3Ftarget_openid%3Do7WT5jnHfafG4N3eYhD8bnDs3TiE&response_type=code&scope=snsapi_base&state=STATE#wechat_redirect
[2016-04-26 13:43:39][debug] [1-1]. openid Code: 041KUIEt0R1Vqp1JlABt0erGEt0KUIEy
[2016-04-26 13:43:39][debug] [2]. Get openid url: https://api.weixin.qq.com/sns/oauth2/access_token?appid=wxe375e15cc67fa781&secret=228cf37dd081a8de71dd7cd330b080a7&code=041KUIEt0R1Vqp1JlABt0erGEt0KUIEy&grant_type=authorization_code
[2016-04-26 13:43:40][debug] [2-1]. Get openid return: {"access_token":"OezXcEiiBSKSxW0eoylIeDAchTD-4X2pUqlFFdlgfyxSX-On6uXwM47sXCj675hVz2kyW4JdlJVOHum5b_PU9wN23mEMB1DTAOjJaaz_0HeMa1USQtCqRTx6YmXniRcepXb9d15DVi5b41-7ejyANg","expires_in":7200,"refresh_token":"OezXcEiiBSKSxW0eoylIeDAchTD-4X2pUqlFFdlgfyxSX-On6uXwM47sXCj675hVZ350MSwHfl2_-Yzh8uuM_uJBQnk5Zzx37qg9dhsYQ4TQ_3_IBb3qulONTqg9NeIA_A5O9_VViP40ygq_PGIsbA","openid":"o7WT5jnHfafG4N3eYhD8bnDs3TiE","scope":"snsapi_base"}
[2016-04-26 13:43:40][debug] [4]. Get access token url: https://api.weixin.qq.com/cgi-bin/token?grant_type=client_credential&appid=wxe375e15cc67fa781&secret=228cf37dd081a8de71dd7cd330b080a7
[2016-04-26 13:43:40][debug] [4-1]. Get access token return: {"access_token":"S7H_oHIryUmiwH15leF-o7iMvKQBVaKF_Y1N3i9lIuzFgzsSwb5thuHfQ28iAqi0RZWaPS8ss9S2R1x2dmXVosRyMEcKKx520fBdziaBEfLTSXuv4o03fB54ubD49foFDPUiAFAIUZ","expires_in":7200}
[2016-04-26 13:43:40][debug] [3]. Get user info url: https://api.weixin.qq.com/cgi-bin/user/info?access_token=S7H_oHIryUmiwH15leF-o7iMvKQBVaKF_Y1N3i9lIuzFgzsSwb5thuHfQ28iAqi0RZWaPS8ss9S2R1x2dmXVosRyMEcKKx520fBdziaBEfLTSXuv4o03fB54ubD49foFDPUiAFAIUZ&openid=o7WT5jnHfafG4N3eYhD8bnDs3TiE
[2016-04-26 13:43:41][debug] [3-1]. Get user info return: {"subscribe":1,"openid":"o7WT5jnHfafG4N3eYhD8bnDs3TiE","nickname":"心灵","sex":2,"language":"zh_CN","city":"苏州","province":"江苏","country":"中国","headimgurl":"http:\/\/wx.qlogo.cn\/mmopen\/e7cquZfpTniaicAufg4YJPDtREqwCunaSYbvwOztSbyR2A7MBzeNmyXl4JoWnTOtPuu4Vds5Nq6YdMd7Uzib8TNSibcpOITGZplo\/0","subscribe_time":1441692327,"remark":"","groupid":0}
[2016-04-26 17:41:39][debug] [1-1]. openid Code: 0118lG4q0v8wPc17EC3q0PiE4q08lG4S
[2016-04-26 17:41:39][debug] [2]. Get openid url: https://api.weixin.qq.com/sns/oauth2/access_token?appid=wxe375e15cc67fa781&secret=228cf37dd081a8de71dd7cd330b080a7&code=0118lG4q0v8wPc17EC3q0PiE4q08lG4S&grant_type=authorization_code
[2016-04-26 17:41:40][debug] [2-1]. Get openid return: {"access_token":"OezXcEiiBSKSxW0eoylIeDAchTD-4X2pUqlFFdlgfyzmc2XIOvr3VOijccxVrAXbhM0EsHfoJkAyBDpr5TODODoKYAfLbuuEm2YFwt5LsbU_5tbR0MCDSypd1OFjt29_qTTUTVzxGUFKrrrtZdVUYQ","expires_in":7200,"refresh_token":"OezXcEiiBSKSxW0eoylIeDAchTD-4X2pUqlFFdlgfyzmc2XIOvr3VOijccxVrAXbEVMRlwBi-tbS3KmqIfDQ7zwt6hHscCTywng4uI2yypyv-zObYag5F0NRKBP-8-u0f9Sdt7UniuQhUgB63tycAg","openid":"o7WT5jvURMTD62i6CTsKG1vuGcCs","scope":"snsapi_base"}
[2016-04-26 17:41:40][debug] [4]. Get access token url: https://api.weixin.qq.com/cgi-bin/token?grant_type=client_credential&appid=wxe375e15cc67fa781&secret=228cf37dd081a8de71dd7cd330b080a7
[2016-04-26 17:41:40][debug] [4-1]. Get access token return: {"access_token":"lSJYPlFkngTP7DKzGD4de0AoRAJsoeaXTgGQgBaMiAa69WRo7oLNwkWsZ71cE0GduK8OtEd-euUKtoxNuds9ebzk7f-ZSf7JoZtVM3KifZnPyr1907dmEO7eiemmU0EVLWOiABASDV","expires_in":7200}
[2016-04-26 17:41:40][debug] [3]. Get user info url: https://api.weixin.qq.com/cgi-bin/user/info?access_token=lSJYPlFkngTP7DKzGD4de0AoRAJsoeaXTgGQgBaMiAa69WRo7oLNwkWsZ71cE0GduK8OtEd-euUKtoxNuds9ebzk7f-ZSf7JoZtVM3KifZnPyr1907dmEO7eiemmU0EVLWOiABASDV&openid=o7WT5jvURMTD62i6CTsKG1vuGcCs
[2016-04-26 17:41:40][debug] [3-1]. Get user info return: {"subscribe":1,"openid":"o7WT5jvURMTD62i6CTsKG1vuGcCs","nickname":"Smile_ _**","sex":2,"language":"zh_CN","city":"苏州","province":"江苏","country":"中国","headimgurl":"http:\/\/wx.qlogo.cn\/mmopen\/e7cquZfpTniaicAufg4YJPDrxfzFXcYNvYPtf4suKJqFuMq6N93icWfVESrN1AZH14ojYjhH5kibDlQz5VHhp5ibAfibaXSN4ibIJKZ\/0","subscribe_time":1441587914,"remark":"","groupid":0}
[2016-04-26 19:27:22][debug] [1-1]. openid Code: 011GzQxE0ZOLs82z34xE0LmPxE0GzQxy
[2016-04-26 19:27:22][debug] [2]. Get openid url: https://api.weixin.qq.com/sns/oauth2/access_token?appid=wxe375e15cc67fa781&secret=228cf37dd081a8de71dd7cd330b080a7&code=011GzQxE0ZOLs82z34xE0LmPxE0GzQxy&grant_type=authorization_code
[2016-04-26 19:27:23][debug] [2-1]. Get openid return: {"access_token":"OezXcEiiBSKSxW0eoylIeDAchTD-4X2pUqlFFdlgfywtqpIGM5zJ3WLu7th10ua82SsMSAWcK8SNXCea0oIV7p_fBnifqcwx_aXGufbG7-3hmsa0iY5J5QajcMI9z9Fk0Mft-EE-l9JbOQqhbaWhqQ","expires_in":7200,"refresh_token":"OezXcEiiBSKSxW0eoylIeDAchTD-4X2pUqlFFdlgfywtqpIGM5zJ3WLu7th10ua8zbNV8fc4aHINYdw7qv0VdudSQwfcQQ-tNNDMM-Wz-8hrIXpfkZxsixJaLWGPU-0sQl13iECcZ3tf_QdaV4WLBQ","openid":"o7WT5jubv0pIhumFthZSha_Qx0_g","scope":"snsapi_base"}
[2016-04-26 19:27:23][debug] [4]. Get access token url: https://api.weixin.qq.com/cgi-bin/token?grant_type=client_credential&appid=wxe375e15cc67fa781&secret=228cf37dd081a8de71dd7cd330b080a7
[2016-04-26 19:27:24][debug] [4-1]. Get access token return: {"access_token":"MJYNc4Hc51KKLJrDG4Oacuba5DxQOrKsYSfGWmieoUU4-3jcTW-NUok1Py7Iig9qMazBx0GNW7hI1eFaH9JJXGsDYWW1jCxlDPFTMzrzqGCgZRjzjBzYQVcXNmzF-ViiWQUdAEAGAE","expires_in":7200}
[2016-04-26 19:27:24][debug] [3]. Get user info url: https://api.weixin.qq.com/cgi-bin/user/info?access_token=MJYNc4Hc51KKLJrDG4Oacuba5DxQOrKsYSfGWmieoUU4-3jcTW-NUok1Py7Iig9qMazBx0GNW7hI1eFaH9JJXGsDYWW1jCxlDPFTMzrzqGCgZRjzjBzYQVcXNmzF-ViiWQUdAEAGAE&openid=o7WT5jubv0pIhumFthZSha_Qx0_g
[2016-04-26 19:27:24][debug] [3-1]. Get user info return: {"subscribe":0,"openid":"o7WT5jubv0pIhumFthZSha_Qx0_g"}
