[2016-05-01 07:27:52][debug] [1-1]. openid Code: 0113Mqxz1B5db30FSdvz11Hpxz13Mqxw
[2016-05-01 07:27:52][debug] [2]. Get openid url: https://api.weixin.qq.com/sns/oauth2/access_token?appid=wxe375e15cc67fa781&secret=228cf37dd081a8de71dd7cd330b080a7&code=0113Mqxz1B5db30FSdvz11Hpxz13Mqxw&grant_type=authorization_code
[2016-05-01 07:27:53][debug] [2-1]. Get openid return: {"access_token":"OezXcEiiBSKSxW0eoylIeDAchTD-4X2pUqlFFdlgfywtr5GZDHe1S1cQgSltkmE28e53yCUd9SMz4WxYlha-v34yYywuaVx9_c1OLU89HjAYrJoXJX6uTsxHe6DwK6uEqx24KY8n-_r1Y4ZlK1pbvA","expires_in":7200,"refresh_token":"OezXcEiiBSKSxW0eoylIeDAchTD-4X2pUqlFFdlgfywtr5GZDHe1S1cQgSltkmE2raFBVxYgrFA2P5L7i-PgfFOj6iNdjOdvpfg1GpHGn6xA-35FUcdOOcpN5deMjNArQxltJNJB1c1fdaPG-uylOQ","openid":"o7WT5jsBGJIaXxm24iboNXOKdUqo","scope":"snsapi_base"}
[2016-05-01 07:27:53][debug] [4]. Get access token url: https://api.weixin.qq.com/cgi-bin/token?grant_type=client_credential&appid=wxe375e15cc67fa781&secret=228cf37dd081a8de71dd7cd330b080a7
[2016-05-01 07:27:53][debug] [4-1]. Get access token return: {"access_token":"PbOJIHvT09t7PH52B1b75MFHjLIsm_UJAyevcSzskl-L0178kbekAgPiWjpnlO3hpuTBJlDo00HZhoMWWYfr1-C9TF9r_bWEj_iLokzBUj4coiqGq-7mKrmYf4BOWcB0YBCcAGAFIJ","expires_in":7200}
[2016-05-01 07:27:53][debug] [3]. Get user info url: https://api.weixin.qq.com/cgi-bin/user/info?access_token=PbOJIHvT09t7PH52B1b75MFHjLIsm_UJAyevcSzskl-L0178kbekAgPiWjpnlO3hpuTBJlDo00HZhoMWWYfr1-C9TF9r_bWEj_iLokzBUj4coiqGq-7mKrmYf4BOWcB0YBCcAGAFIJ&openid=o7WT5jsBGJIaXxm24iboNXOKdUqo
[2016-05-01 07:27:54][debug] [3-1]. Get user info return: {"subscribe":1,"openid":"o7WT5jsBGJIaXxm24iboNXOKdUqo","nickname":"﹌勿把我忽略","sex":2,"language":"zh_CN","city":"苏州","province":"江苏","country":"中国","headimgurl":"http:\/\/wx.qlogo.cn\/mmopen\/icSHVlwl8wyn4aKov1DcsFDXGVFlejzkvGtFicVgKRzNlRS1ibjQv3AQQklGGIZ2AshbicPx16Te5yiaawvyeNeo9HCX2bEgKAwLg\/0","subscribe_time":1384339277,"remark":"","groupid":0,"tagid_list":[]}
[2016-05-01 10:32:01][debug] [1-1]. openid Code: 021JzYdx0EVltm1jJgdx0LZVdx0JzYdO
[2016-05-01 10:32:01][debug] [2]. Get openid url: https://api.weixin.qq.com/sns/oauth2/access_token?appid=wxe375e15cc67fa781&secret=228cf37dd081a8de71dd7cd330b080a7&code=021JzYdx0EVltm1jJgdx0LZVdx0JzYdO&grant_type=authorization_code
[2016-05-01 10:32:02][debug] [2-1]. Get openid return: {"access_token":"OezXcEiiBSKSxW0eoylIeDAchTD-4X2pUqlFFdlgfyxx2nn9X7YX1n8-Zov80oWBEltVS2tyzzqg2kw_4o0szgPF0Ylf2YDj_PfWrv-semraiwKb4pdCpO61eq-x9qqstO88FJ3jRVle4leJpOUTnQ","expires_in":7200,"refresh_token":"OezXcEiiBSKSxW0eoylIeDAchTD-4X2pUqlFFdlgfyxx2nn9X7YX1n8-Zov80oWBsjie1lVC4fXscTasMbZIy_l2MuNvfX2ctYI7XLYNvioUgEEk91RsA6DhzUWruPw3NlJ4CmiKAvZXZyXF_xVQ3g","openid":"o7WT5jvxX933yZ3tUbTMyumPcmtc","scope":"snsapi_base"}
[2016-05-01 10:32:02][debug] [4]. Get access token url: https://api.weixin.qq.com/cgi-bin/token?grant_type=client_credential&appid=wxe375e15cc67fa781&secret=228cf37dd081a8de71dd7cd330b080a7
[2016-05-01 10:32:02][debug] [4-1]. Get access token return: {"access_token":"DP5E0M-0xlmYoL_2CvOM07Ub2MUQOPh9Su2jlB2c2mYvAEs9GhIOqau5BCbQAUHi-6Z6fZSSLlfwvwr_IvKnUa_knhEKjZDO0pSm-jIRdRrh3y6VqnY5cM9JpuyB_AICMEXfADARJC","expires_in":7200}
[2016-05-01 10:32:02][debug] [3]. Get user info url: https://api.weixin.qq.com/cgi-bin/user/info?access_token=DP5E0M-0xlmYoL_2CvOM07Ub2MUQOPh9Su2jlB2c2mYvAEs9GhIOqau5BCbQAUHi-6Z6fZSSLlfwvwr_IvKnUa_knhEKjZDO0pSm-jIRdRrh3y6VqnY5cM9JpuyB_AICMEXfADARJC&openid=o7WT5jvxX933yZ3tUbTMyumPcmtc
[2016-05-01 10:32:02][debug] [3-1]. Get user info return: {"subscribe":1,"openid":"o7WT5jvxX933yZ3tUbTMyumPcmtc","nickname":"刘平","sex":0,"language":"zh_CN","city":"","province":"","country":"","headimgurl":"http:\/\/wx.qlogo.cn\/mmopen\/ajNVdqHZLLCdjVDULK1PJpvHZ0XHbMhGyoicFhOphYHslQZxJbCh6AZmx3emKibW0iaALj8NMYfYIAgq2OHDfvDiaYJx7ib1pbiaYfZkQlvvoVfHs\/0","subscribe_time":1461469286,"remark":"","groupid":0,"tagid_list":[]}
[2016-05-01 12:46:57][debug] [1-1]. openid Code: 031Z0htf20gFaQ0qzQrf2L7mtf2Z0htK
[2016-05-01 12:46:57][debug] [2]. Get openid url: https://api.weixin.qq.com/sns/oauth2/access_token?appid=wxe375e15cc67fa781&secret=228cf37dd081a8de71dd7cd330b080a7&code=031Z0htf20gFaQ0qzQrf2L7mtf2Z0htK&grant_type=authorization_code
[2016-05-01 12:46:58][debug] [2-1]. Get openid return: {"access_token":"OezXcEiiBSKSxW0eoylIeDAchTD-4X2pUqlFFdlgfyylAim29v8u0bcNsB7tdULLoRkSZZHD3z9y92RX3KNPL6H2z1zp38-FUj0-PXxjp440kYHkPtBAZ1WTDF-g7ZF0pk3EmVxSDamc2apF_orhuA","expires_in":7200,"refresh_token":"OezXcEiiBSKSxW0eoylIeDAchTD-4X2pUqlFFdlgfyylAim29v8u0bcNsB7tdULLpGyteuO9Vtt5UDasfaT7P7cw6JGRui77oyPg_iLaD6HtxFuLnHrYyRFDKBYL5Pb_cykd3_eXfyBFt430l7XyuQ","openid":"o7WT5jsPTjoaj502WmNxOCesHSes","scope":"snsapi_base"}
[2016-05-01 12:46:58][debug] [4]. Get access token url: https://api.weixin.qq.com/cgi-bin/token?grant_type=client_credential&appid=wxe375e15cc67fa781&secret=228cf37dd081a8de71dd7cd330b080a7
[2016-05-01 12:46:58][debug] [4-1]. Get access token return: {"access_token":"kDpkOtXUqwrdauKQwLIS7e8OLfN9pAYuVZfU57tZ_5JZRKMV7bPRMDxW0ni9iprvR3URRmmWMNfGQRQzeZeHmgHKsDNkz-hJ2jZjklGD5go2fOImwrAkiXKhQeS7BtFLJRQeABAQYX","expires_in":7200}
[2016-05-01 12:46:58][debug] [3]. Get user info url: https://api.weixin.qq.com/cgi-bin/user/info?access_token=kDpkOtXUqwrdauKQwLIS7e8OLfN9pAYuVZfU57tZ_5JZRKMV7bPRMDxW0ni9iprvR3URRmmWMNfGQRQzeZeHmgHKsDNkz-hJ2jZjklGD5go2fOImwrAkiXKhQeS7BtFLJRQeABAQYX&openid=o7WT5jsPTjoaj502WmNxOCesHSes
[2016-05-01 12:46:58][debug] [3-1]. Get user info return: {"subscribe":1,"openid":"o7WT5jsPTjoaj502WmNxOCesHSes","nickname":"星星","sex":2,"language":"zh_CN","city":"苏州","province":"江苏","country":"中国","headimgurl":"http:\/\/wx.qlogo.cn\/mmopen\/47CicbLQOxtW0eN7R3A8936RbhYQXHJzFMM6byX6JE4993KA9MJjibZktZibLVoiaSw3e8Vl36VXl7WlNJAVKGpcO9lyLmRxNcn1\/0","subscribe_time":1410772397,"remark":"","groupid":0,"tagid_list":[]}
