[2016-05-02 14:40:01][debug] [1]. Get openid url: https://open.weixin.qq.com/connect/oauth2/authorize?appid=wxe375e15cc67fa781&redirect_uri=http%3A%2F%2Fwww.csckl.com%2Fytj%2Fzhuli%2Findex.php&response_type=code&scope=snsapi_base&state=STATE#wechat_redirect
[2016-05-02 14:40:01][debug] [1-1]. openid Code: 001M5K8n155wTx0a628n13iN8n1M5K81
[2016-05-02 14:40:01][debug] [2]. Get openid url: https://api.weixin.qq.com/sns/oauth2/access_token?appid=wxe375e15cc67fa781&secret=228cf37dd081a8de71dd7cd330b080a7&code=001M5K8n155wTx0a628n13iN8n1M5K81&grant_type=authorization_code
[2016-05-02 14:40:02][debug] [2-1]. Get openid return: {"access_token":"OezXcEiiBSKSxW0eoylIeDAchTD-4X2pUqlFFdlgfyxPZSDlmMNSL9yR6Q0S0Kh217QMng6RTzWnmwaO2Es_CwjXl4v5Z9-2vtWBKy3EUCjw0FCjrYkMZmO2u0tutKnbtvDdnGO4qS0JVuP5eXpo8Q","expires_in":7200,"refresh_token":"OezXcEiiBSKSxW0eoylIeDAchTD-4X2pUqlFFdlgfyxPZSDlmMNSL9yR6Q0S0Kh2nVLltFP1oOJiPtFXx6vBE9QBYjPvn4h-U5WoLrSguzyxvDF24FP7umEToLxHb7RBKB5oY_AYLnGrY4NemlIQ-w","openid":"o7WT5jtxLw0LE_pqtVbjRbGX3D1s","scope":"snsapi_base"}
[2016-05-02 14:40:02][debug] [4]. Get access token url: https://api.weixin.qq.com/cgi-bin/token?grant_type=client_credential&appid=wxe375e15cc67fa781&secret=228cf37dd081a8de71dd7cd330b080a7
[2016-05-02 14:40:02][debug] [4-1]. Get access token return: {"access_token":"cNbC66zl1Go8phT5JjiZSFCkqGSVdoS8lsuu29Sz74mauSvP720CiRlI4B1HqvNo9GHHnvrZv_Kfk7dUQAT7_3wzj01INP3yozlGFrePMzjB-ZgkPeT26kK1JotyEP87XTHiAIABXL","expires_in":7200}
[2016-05-02 14:40:02][debug] [3]. Get user info url: https://api.weixin.qq.com/cgi-bin/user/info?access_token=cNbC66zl1Go8phT5JjiZSFCkqGSVdoS8lsuu29Sz74mauSvP720CiRlI4B1HqvNo9GHHnvrZv_Kfk7dUQAT7_3wzj01INP3yozlGFrePMzjB-ZgkPeT26kK1JotyEP87XTHiAIABXL&openid=o7WT5jtxLw0LE_pqtVbjRbGX3D1s
[2016-05-02 14:40:02][debug] [3-1]. Get user info return: {"subscribe":1,"openid":"o7WT5jtxLw0LE_pqtVbjRbGX3D1s","nickname":"画眉","sex":2,"language":"zh_CN","city":"苏州","province":"江苏","country":"中国","headimgurl":"http:\/\/wx.qlogo.cn\/mmopen\/RlicEEck12bS6QMgnRBZAJFViaLhHGTyHic4fBuOaxCP2ficEZr717TKMAjyPD3hI7aGM90QZLv7khIaicIwNVZiaicxQ\/0","subscribe_time":1411987945,"remark":"","groupid":0,"tagid_list":[]}
[2016-05-02 20:55:09][debug] [1-1]. openid Code: 001aNSVT0jjQfS12TzVT0z9OVT0aNSVA
[2016-05-02 20:55:09][debug] [2]. Get openid url: https://api.weixin.qq.com/sns/oauth2/access_token?appid=wxe375e15cc67fa781&secret=228cf37dd081a8de71dd7cd330b080a7&code=001aNSVT0jjQfS12TzVT0z9OVT0aNSVA&grant_type=authorization_code
[2016-05-02 20:55:10][debug] [1]. Get openid url: https://open.weixin.qq.com/connect/oauth2/authorize?appid=wxe375e15cc67fa781&redirect_uri=http%3A%2F%2Fwww.csckl.com%2Fytj%2Fzhuli%2Findex.php%3Ftarget_openid%3Do7WT5jjbendK3jWkVbl67V7W5QMQ&response_type=code&scope=snsapi_base&state=STATE#wechat_redirect
[2016-05-02 20:55:10][debug] [2-1]. Get openid return: {"access_token":"OezXcEiiBSKSxW0eoylIeDAchTD-4X2pUqlFFdlgfyyL-2TYcxRaxIjOZYha6sVFgLjxxG-jBQL91_cpH8wZNM8m8Wy5fhwA8ShHBAz-Ta1Q0mQsZxUsP6ZVbEkWIPT7wUV68KrKWkrMp5ky8Cgt4g","expires_in":7200,"refresh_token":"OezXcEiiBSKSxW0eoylIeDAchTD-4X2pUqlFFdlgfyyL-2TYcxRaxIjOZYha6sVFHRdpFfWmD315bHiFvE2m2XJTB1N0AvGckmkHWla0JeOX0iGnS4ZV1cwAdyfWieGBoduVpQ0jE6o5BFvqfIF8kg","openid":"o7WT5jjbendK3jWkVbl67V7W5QMQ","scope":"snsapi_base"}
[2016-05-02 20:55:10][debug] [4]. Get access token url: https://api.weixin.qq.com/cgi-bin/token?grant_type=client_credential&appid=wxe375e15cc67fa781&secret=228cf37dd081a8de71dd7cd330b080a7
[2016-05-02 20:55:10][debug] [4-1]. Get access token return: {"access_token":"kDpkOtXUqwrdauKQwLIS7XBnZdLDvKJKuCs8rDgTxYZmMdLkKNEltFDqEL99TLbx_Q-wWm-vGN8DFJF0V22K63Hj-IVMdds3rnlf1DoEVzLDx_DrHIpUHrdBEFMnY7WnPDWcAAAFTM","expires_in":7200}
[2016-05-02 20:55:10][debug] [3]. Get user info url: https://api.weixin.qq.com/cgi-bin/user/info?access_token=kDpkOtXUqwrdauKQwLIS7XBnZdLDvKJKuCs8rDgTxYZmMdLkKNEltFDqEL99TLbx_Q-wWm-vGN8DFJF0V22K63Hj-IVMdds3rnlf1DoEVzLDx_DrHIpUHrdBEFMnY7WnPDWcAAAFTM&openid=o7WT5jjbendK3jWkVbl67V7W5QMQ
[2016-05-02 20:55:10][debug] [3-1]. Get user info return: {"subscribe":1,"openid":"o7WT5jjbendK3jWkVbl67V7W5QMQ","nickname":"云悠","sex":1,"language":"zh_CN","city":"","province":"","country":"","headimgurl":"http:\/\/wx.qlogo.cn\/mmopen\/47CicbLQOxtUHTab6hyhb3miaRLGlQf9J05kWwxqge9nzzfRDckW0jLwiaznhY15XfNvutnibVQhicNI5HtRKaBS4zRwmn3TruS7n\/0","subscribe_time":1442042831,"remark":"","groupid":0,"tagid_list":[]}
[2016-05-02 20:55:19][debug] [1-1]. openid Code: 041JUyhy1rpZr40OLChy1V4yhy1JUyhz
[2016-05-02 20:55:19][debug] [2]. Get openid url: https://api.weixin.qq.com/sns/oauth2/access_token?appid=wxe375e15cc67fa781&secret=228cf37dd081a8de71dd7cd330b080a7&code=041JUyhy1rpZr40OLChy1V4yhy1JUyhz&grant_type=authorization_code
[2016-05-02 20:55:20][debug] [2-1]. Get openid return: {"access_token":"OezXcEiiBSKSxW0eoylIeDAchTD-4X2pUqlFFdlgfyyL-2TYcxRaxIjOZYha6sVFTGPp7CrYJF8-Ts_9TPDcWLBLh1bT40xoxk8B2zeB2AurjumPrp1Q-Ec9R7-c2Bf4Rch7_a6wkBACHhLxe5hM_A","expires_in":7200,"refresh_token":"OezXcEiiBSKSxW0eoylIeDAchTD-4X2pUqlFFdlgfyyL-2TYcxRaxIjOZYha6sVFVFOsm2b68B7BcwOn_5AbeJjsXhwEzvZ5pMpVAGnM52zH1hoMT5FxQehqxJxx0YPaZrUnmgQmhcBa5MZaMAuNzg","openid":"o7WT5jjbendK3jWkVbl67V7W5QMQ","scope":"snsapi_base"}
[2016-05-02 20:55:20][debug] [4]. Get access token url: https://api.weixin.qq.com/cgi-bin/token?grant_type=client_credential&appid=wxe375e15cc67fa781&secret=228cf37dd081a8de71dd7cd330b080a7
[2016-05-02 20:55:20][debug] [4-1]. Get access token return: {"access_token":"kDpkOtXUqwrdauKQwLIS7XBnZdLDvKJKuCs8rDgTxYYLlfevBTNHJlPi59jDipjbto-3olZfAbEQgqR9_8_ubFSyW65mmsM2GkoDoqCbD9nTgL8nDYiM4h_m56cj0RN4DOZcAAATEP","expires_in":7200}
[2016-05-02 20:55:20][debug] [3]. Get user info url: https://api.weixin.qq.com/cgi-bin/user/info?access_token=kDpkOtXUqwrdauKQwLIS7XBnZdLDvKJKuCs8rDgTxYYLlfevBTNHJlPi59jDipjbto-3olZfAbEQgqR9_8_ubFSyW65mmsM2GkoDoqCbD9nTgL8nDYiM4h_m56cj0RN4DOZcAAATEP&openid=o7WT5jjbendK3jWkVbl67V7W5QMQ
[2016-05-02 20:55:20][debug] [3-1]. Get user info return: {"subscribe":1,"openid":"o7WT5jjbendK3jWkVbl67V7W5QMQ","nickname":"云悠","sex":1,"language":"zh_CN","city":"","province":"","country":"","headimgurl":"http:\/\/wx.qlogo.cn\/mmopen\/47CicbLQOxtUHTab6hyhb3miaRLGlQf9J05kWwxqge9nzzfRDckW0jLwiaznhY15XfNvutnibVQhicNI5HtRKaBS4zRwmn3TruS7n\/0","subscribe_time":1442042831,"remark":"","groupid":0,"tagid_list":[]}
[2016-05-02 20:55:44][debug] [1-1]. openid Code: 031kn0Sl1rKmaz0wN0Ql13OWRl1kn0SB
[2016-05-02 20:55:44][debug] [2]. Get openid url: https://api.weixin.qq.com/sns/oauth2/access_token?appid=wxe375e15cc67fa781&secret=228cf37dd081a8de71dd7cd330b080a7&code=031kn0Sl1rKmaz0wN0Ql13OWRl1kn0SB&grant_type=authorization_code
[2016-05-02 20:55:45][debug] [2-1]. Get openid return: {"access_token":"OezXcEiiBSKSxW0eoylIeDAchTD-4X2pUqlFFdlgfyyL-2TYcxRaxIjOZYha6sVFR05LUWfwNt3ueglG0dIr__Pf9MP-m57TtDZTYjqhSEUNEQU8_Ys1QgXDeCkiIDQVlL_v5hpvrSB3AslG375eww","expires_in":7200,"refresh_token":"OezXcEiiBSKSxW0eoylIeDAchTD-4X2pUqlFFdlgfyyL-2TYcxRaxIjOZYha6sVFJXhCnUW-JnXCHBLxnX_4ObyW9tmDPZtJDj5chI4n6I6UKXD_1QlQSptjIrvVD6CVG0IwLXbK8Q0DTdZLRZdJaQ","openid":"o7WT5jjbendK3jWkVbl67V7W5QMQ","scope":"snsapi_base"}
[2016-05-02 20:55:45][debug] [4]. Get access token url: https://api.weixin.qq.com/cgi-bin/token?grant_type=client_credential&appid=wxe375e15cc67fa781&secret=228cf37dd081a8de71dd7cd330b080a7
[2016-05-02 20:55:45][debug] [4-1]. Get access token return: {"access_token":"aE1XUQ5dF4a5MvTtqSVLZAkQz6d5fXhUMw9PcKctwW-KCvbqza4c_COAqbHF08snbWzz59HNbrgsCcKodsVa_kRCQAYlKC2ta01oct3O3azmioFeFdOocEoTJrrq6lOTDRLdAFAVJD","expires_in":7200}
[2016-05-02 20:55:45][debug] [3]. Get user info url: https://api.weixin.qq.com/cgi-bin/user/info?access_token=aE1XUQ5dF4a5MvTtqSVLZAkQz6d5fXhUMw9PcKctwW-KCvbqza4c_COAqbHF08snbWzz59HNbrgsCcKodsVa_kRCQAYlKC2ta01oct3O3azmioFeFdOocEoTJrrq6lOTDRLdAFAVJD&openid=o7WT5jjbendK3jWkVbl67V7W5QMQ
[2016-05-02 20:55:46][debug] [3-1]. Get user info return: {"subscribe":1,"openid":"o7WT5jjbendK3jWkVbl67V7W5QMQ","nickname":"云悠","sex":1,"language":"zh_CN","city":"","province":"","country":"","headimgurl":"http:\/\/wx.qlogo.cn\/mmopen\/47CicbLQOxtUHTab6hyhb3miaRLGlQf9J05kWwxqge9nzzfRDckW0jLwiaznhY15XfNvutnibVQhicNI5HtRKaBS4zRwmn3TruS7n\/0","subscribe_time":1442042831,"remark":"","groupid":0,"tagid_list":[]}
