[2016-08-20 18:54:22][debug] [1-1]. openid Code: 0311amRI0Dnpq32ZuRSI0m2pRI01amRh
[2016-08-20 18:54:22][debug] [2]. Get openid url: https://api.weixin.qq.com/sns/oauth2/access_token?appid=wxe375e15cc67fa781&secret=228cf37dd081a8de71dd7cd330b080a7&code=0311amRI0Dnpq32ZuRSI0m2pRI01amRh&grant_type=authorization_code
[2016-08-20 18:54:24][debug] [2-1]. Get openid return: {"access_token":"F__eoXMbxaVOAa_ixULF3aIv8LGuAdge_Im9kbhR6keVuBcEEduS47Wugpf_NCV5qs1Vkmo3ahEdcipo2loLZUCLmqGXfwC4xOurOFXR0os","expires_in":7200,"refresh_token":"NQ3bS8pCGS0hfQaVMOtvkhkV1KBocdBoHWfA-HNVnhvXbm2Sx804qfIFtsCb-m8-6MbA6QpLZ_3Yuxl88_ZTADd373sNq7iK28Tw8hHhgog","openid":"o7WT5juwUiX0EBahvvBH7mJjZgEA","scope":"snsapi_base"}
[2016-08-20 18:54:24][debug] [4]. Get access token url: https://api.weixin.qq.com/cgi-bin/token?grant_type=client_credential&appid=wxe375e15cc67fa781&secret=228cf37dd081a8de71dd7cd330b080a7
[2016-08-20 18:54:24][debug] [4-1]. Get access token return: {"access_token":"KJ7ZW4L3tiW0FvXFeXYFUfj3qFNuB_VhBp5-umWuIW-s6g01HOzo0iGLKeTk4--XMK6WZARZk9NRUehjN77Ttd1z_I6ezOR1aS1m9mk0lGLkppMZ2WDP07aGoanwzEPDDOQcAJAGRT","expires_in":7200}
[2016-08-20 18:54:24][debug] [3]. Get user info url: https://api.weixin.qq.com/cgi-bin/user/info?access_token=KJ7ZW4L3tiW0FvXFeXYFUfj3qFNuB_VhBp5-umWuIW-s6g01HOzo0iGLKeTk4--XMK6WZARZk9NRUehjN77Ttd1z_I6ezOR1aS1m9mk0lGLkppMZ2WDP07aGoanwzEPDDOQcAJAGRT&openid=o7WT5juwUiX0EBahvvBH7mJjZgEA
[2016-08-20 18:54:24][debug] [3-1]. Get user info return: {"subscribe":1,"openid":"o7WT5juwUiX0EBahvvBH7mJjZgEA","nickname":"普朗克","sex":1,"language":"zh_CN","city":"","province":"约翰内斯堡","country":"南非","headimgurl":"http:\/\/wx.qlogo.cn\/mmopen\/47CicbLQOxtX85etAr1q4yQSd4hjMsdCic38Jl0nAvSibaSUYjZwsoyroHmq0tBkSGyGkbxhqwtNY1ZCEVO3XVFTg\/0","subscribe_time":1470223542,"remark":"","groupid":0,"tagid_list":[]}
[2016-08-20 18:54:52][debug] [1]. Get openid url: https://open.weixin.qq.com/connect/oauth2/authorize?appid=wxe375e15cc67fa781&redirect_uri=http%3A%2F%2Fwww.csckl.com%2Fytj%2Fzhuli%2Findex.php%3Ftarget_openid%3Do7WT5juwUiX0EBahvvBH7mJjZgEA&response_type=code&scope=snsapi_base&state=STATE#wechat_redirect
[2016-08-20 18:54:53][debug] [1-1]. openid Code: 031NabQS1EvpZT0b6FQS1ZVcQS1NabQi
[2016-08-20 18:54:53][debug] [2]. Get openid url: https://api.weixin.qq.com/sns/oauth2/access_token?appid=wxe375e15cc67fa781&secret=228cf37dd081a8de71dd7cd330b080a7&code=031NabQS1EvpZT0b6FQS1ZVcQS1NabQi&grant_type=authorization_code
[2016-08-20 18:54:54][debug] [2-1]. Get openid return: {"access_token":"PaCa4DchmBunBpgqq4LXKo80rG9iB3jj63nlct2qtNrVkSf42fPg-tk4HZFa5Nt06hpZJOFq7HlNlFk2XGyakmoYCPAasS3iBVm-qJWb-68","expires_in":7200,"refresh_token":"ZBG9fcw-wajbur9hs4reP38DgoThZB_MS1l0LjhQ3cewHVUlK2MxzhTE_gK5GaQD1YZ1ZKj4zLNUE5w6ZVLiv9Un9nWnx711m6iSkgxfmgA","openid":"o7WT5juwUiX0EBahvvBH7mJjZgEA","scope":"snsapi_base"}
[2016-08-20 18:54:54][debug] [4]. Get access token url: https://api.weixin.qq.com/cgi-bin/token?grant_type=client_credential&appid=wxe375e15cc67fa781&secret=228cf37dd081a8de71dd7cd330b080a7
[2016-08-20 18:54:54][debug] [4-1]. Get access token return: {"access_token":"tFSrrZAmuZX4ES5QnoRxlg2V16W2SBRD677tfiYz_BvDxULasX83q63ajrSxykNOR0PJ9QsL5bpBqQpwsbxXHu0qkVAOxKfOeLnxnxQUH_wFYZbADAUNO","expires_in":7200}
[2016-08-20 18:54:54][debug] [3]. Get user info url: https://api.weixin.qq.com/cgi-bin/user/info?access_token=tFSrrZAmuZX4ES5QnoRxlg2V16W2SBRD677tfiYz_BvDxULasX83q63ajrSxykNOR0PJ9QsL5bpBqQpwsbxXHu0qkVAOxKfOeLnxnxQUH_wFYZbADAUNO&openid=o7WT5juwUiX0EBahvvBH7mJjZgEA
[2016-08-20 18:54:54][debug] [3-1]. Get user info return: {"subscribe":1,"openid":"o7WT5juwUiX0EBahvvBH7mJjZgEA","nickname":"普朗克","sex":1,"language":"zh_CN","city":"","province":"约翰内斯堡","country":"南非","headimgurl":"http:\/\/wx.qlogo.cn\/mmopen\/47CicbLQOxtX85etAr1q4yQSd4hjMsdCic38Jl0nAvSibaSUYjZwsoyroHmq0tBkSGyGkbxhqwtNY1ZCEVO3XVFTg\/0","subscribe_time":1470223542,"remark":"","groupid":0,"tagid_list":[]}
[2016-08-20 18:55:35][debug] [1-1]. openid Code: 0311amRI0Dnpq32ZuRSI0m2pRI01amRh
[2016-08-20 18:55:35][debug] [2]. Get openid url: https://api.weixin.qq.com/sns/oauth2/access_token?appid=wxe375e15cc67fa781&secret=228cf37dd081a8de71dd7cd330b080a7&code=0311amRI0Dnpq32ZuRSI0m2pRI01amRh&grant_type=authorization_code
[2016-08-20 18:55:36][debug] [2-1]. Get openid return: {"errcode":40029,"errmsg":"invalid code, hints: [ req_id: jHVwWa0539ns83 ]"}
[2016-08-20 18:55:36][debug] [4]. Get access token url: https://api.weixin.qq.com/cgi-bin/token?grant_type=client_credential&appid=wxe375e15cc67fa781&secret=228cf37dd081a8de71dd7cd330b080a7
[2016-08-20 18:55:37][debug] [4-1]. Get access token return: {"access_token":"4nILNmCp8PMVpMFu7kd2Yofs-zTPDUOsci-B8DNf71eUjdr7uY6vi9eMrTWBwLojYgikacYAtfyOmSLrnlWAOoJ2hNONylGwzKcDugdgcSENBWgAIAQEZ","expires_in":7200}
[2016-08-20 18:55:37][debug] [3]. Get user info url: https://api.weixin.qq.com/cgi-bin/user/info?access_token=4nILNmCp8PMVpMFu7kd2Yofs-zTPDUOsci-B8DNf71eUjdr7uY6vi9eMrTWBwLojYgikacYAtfyOmSLrnlWAOoJ2hNONylGwzKcDugdgcSENBWgAIAQEZ&openid=
[2016-08-20 18:55:37][debug] [3-1]. Get user info return: {"errcode":40003,"errmsg":"invalid openid hint: [HPvWCa0539vr23]"}
