[2016-05-10 13:40:28][debug] [1]. Get openid url: https://open.weixin.qq.com/connect/oauth2/authorize?appid=wxe375e15cc67fa781&redirect_uri=http%3A%2F%2Fwww.csckl.com%2Fytj%2Fzhuli%2Findex.php&response_type=code&scope=snsapi_base&state=STATE#wechat_redirect
[2016-05-10 13:40:29][debug] [1-1]. openid Code: 031SIINr1b3dqr0y1iNr1q0NNr1SIIN-
[2016-05-10 13:40:29][debug] [2]. Get openid url: https://api.weixin.qq.com/sns/oauth2/access_token?appid=wxe375e15cc67fa781&secret=228cf37dd081a8de71dd7cd330b080a7&code=031SIINr1b3dqr0y1iNr1q0NNr1SIIN-&grant_type=authorization_code
[2016-05-10 13:40:30][debug] [2-1]. Get openid return: {"access_token":"OezXcEiiBSKSxW0eoylIeDAchTD-4X2pUqlFFdlgfywj4plV5vcsgERo5G0YSF0Do-yC1cu6cXOHbv64wjs6KUdEDvOh2J1jnulqQrS4BPmmZQFWzSXMyTQOyYKndOzvYFKR2ocLI1XojmPjDxQzGA","expires_in":7200,"refresh_token":"OezXcEiiBSKSxW0eoylIeDAchTD-4X2pUqlFFdlgfywj4plV5vcsgERo5G0YSF0DSCd-9C1-QFhmO9d5hCrVytEGG6tzV2bu3CJjlKNXPkvFpN6hikxjMER-9_s8MJelE5E2EH0LI9jLYsvcb4HVqA","openid":"o7WT5jjWss0b-WeS3-UG0ENc5E24","scope":"snsapi_base"}
[2016-05-10 13:40:30][debug] [4]. Get access token url: https://api.weixin.qq.com/cgi-bin/token?grant_type=client_credential&appid=wxe375e15cc67fa781&secret=228cf37dd081a8de71dd7cd330b080a7
[2016-05-10 13:40:30][debug] [4-1]. Get access token return: {"access_token":"hS631ZYuNsajIw99YK9VMnAUoF0PNtmnkczUYOi93auGnn1MBFezcna6LkmAAR37lh_3ezZa6IBZgtLh74dt3UuFCQWwCj83vTh3PIKkzi7U3Ft4x8RX7b6ATak2w_c3ZSOhAGARKG","expires_in":7200}
[2016-05-10 13:40:30][debug] [3]. Get user info url: https://api.weixin.qq.com/cgi-bin/user/info?access_token=hS631ZYuNsajIw99YK9VMnAUoF0PNtmnkczUYOi93auGnn1MBFezcna6LkmAAR37lh_3ezZa6IBZgtLh74dt3UuFCQWwCj83vTh3PIKkzi7U3Ft4x8RX7b6ATak2w_c3ZSOhAGARKG&openid=o7WT5jjWss0b-WeS3-UG0ENc5E24
[2016-05-10 13:40:30][debug] [3-1]. Get user info return: {"subscribe":1,"openid":"o7WT5jjWss0b-WeS3-UG0ENc5E24","nickname":"野百合","sex":2,"language":"zh_CN","city":"苏州","province":"江苏","country":"中国","headimgurl":"http:\/\/wx.qlogo.cn\/mmopen\/icSHVlwl8wyn4aKov1DcsFL9PMlLHUFuG6E3j4fBNALxOdmtIJjrMicVKrxIxyfu5lzBE2Vibgib71ACEWmScTQd40heEpq7Me0V\/0","subscribe_time":1430993288,"remark":"","groupid":0,"tagid_list":[]}
[2016-05-10 13:40:33][debug] [1]. Get openid url: https://open.weixin.qq.com/connect/oauth2/authorize?appid=wxe375e15cc67fa781&redirect_uri=http%3A%2F%2Fwww.csckl.com%2Fytj%2Fzhuli%2Findex.php%3Ftarget_openid%3Do7WT5jjWss0b-WeS3-UG0ENc5E24&response_type=code&scope=snsapi_base&state=STATE#wechat_redirect
[2016-05-10 13:40:34][debug] [1-1]. openid Code: 001QRLq30UZHBx1PmWq30dWNq30QRLqg
[2016-05-10 13:40:34][debug] [2]. Get openid url: https://api.weixin.qq.com/sns/oauth2/access_token?appid=wxe375e15cc67fa781&secret=228cf37dd081a8de71dd7cd330b080a7&code=001QRLq30UZHBx1PmWq30dWNq30QRLqg&grant_type=authorization_code
[2016-05-10 13:40:35][debug] [2-1]. Get openid return: {"access_token":"OezXcEiiBSKSxW0eoylIeDAchTD-4X2pUqlFFdlgfywj4plV5vcsgERo5G0YSF0Dbgi79rvFAkRaCQkWS-sr0EYUOQju4r-ZimXRCi29jWYwbpGfem3pE2w3IfBCA9WM01tkX1T-8LHFhXL2r9CRmw","expires_in":7200,"refresh_token":"OezXcEiiBSKSxW0eoylIeDAchTD-4X2pUqlFFdlgfywj4plV5vcsgERo5G0YSF0DTvJ7EiLPEXafRYA3YVyTneX9a3Gxtmi1PmEgNzZVFc6KWm1v6-uey8UueFhO4FOW2Yz8BQSzhGGlWTXyDHKInQ","openid":"o7WT5jjWss0b-WeS3-UG0ENc5E24","scope":"snsapi_base"}
[2016-05-10 13:40:35][debug] [4]. Get access token url: https://api.weixin.qq.com/cgi-bin/token?grant_type=client_credential&appid=wxe375e15cc67fa781&secret=228cf37dd081a8de71dd7cd330b080a7
[2016-05-10 13:40:35][debug] [4-1]. Get access token return: {"access_token":"hS631ZYuNsajIw99YK9VMnAUoF0PNtmnkczUYOi93asTKyF9z6eQLWqK8OIchoUQ78y-BlE6h1Sm_r97PR03ojyPVyLUOiWkv-DfuSyFinObInvtZ3rWbFPdieRIW3FjJXNhAGAXLB","expires_in":7200}
[2016-05-10 13:40:35][debug] [3]. Get user info url: https://api.weixin.qq.com/cgi-bin/user/info?access_token=hS631ZYuNsajIw99YK9VMnAUoF0PNtmnkczUYOi93asTKyF9z6eQLWqK8OIchoUQ78y-BlE6h1Sm_r97PR03ojyPVyLUOiWkv-DfuSyFinObInvtZ3rWbFPdieRIW3FjJXNhAGAXLB&openid=o7WT5jjWss0b-WeS3-UG0ENc5E24
[2016-05-10 13:40:35][debug] [3-1]. Get user info return: {"subscribe":1,"openid":"o7WT5jjWss0b-WeS3-UG0ENc5E24","nickname":"野百合","sex":2,"language":"zh_CN","city":"苏州","province":"江苏","country":"中国","headimgurl":"http:\/\/wx.qlogo.cn\/mmopen\/icSHVlwl8wyn4aKov1DcsFL9PMlLHUFuG6E3j4fBNALxOdmtIJjrMicVKrxIxyfu5lzBE2Vibgib71ACEWmScTQd40heEpq7Me0V\/0","subscribe_time":1430993288,"remark":"","groupid":0,"tagid_list":[]}
[2016-05-10 13:51:22][debug] [1-1]. openid Code: 031SIINr1b3dqr0y1iNr1q0NNr1SIIN-
[2016-05-10 13:51:22][debug] [2]. Get openid url: https://api.weixin.qq.com/sns/oauth2/access_token?appid=wxe375e15cc67fa781&secret=228cf37dd081a8de71dd7cd330b080a7&code=031SIINr1b3dqr0y1iNr1q0NNr1SIIN-&grant_type=authorization_code
[2016-05-10 13:51:23][debug] [2-1]. Get openid return: {"errcode":40029,"errmsg":"invalid code, hints: [ req_id: Hn9JvA0485ns44 ]"}
[2016-05-10 13:51:23][debug] [4]. Get access token url: https://api.weixin.qq.com/cgi-bin/token?grant_type=client_credential&appid=wxe375e15cc67fa781&secret=228cf37dd081a8de71dd7cd330b080a7
[2016-05-10 13:51:23][debug] [4-1]. Get access token return: {"access_token":"Jrj3TcZO35lBz9MYuWurjTqRfcsqzem9lim41x58-u_h6SawVDQRlWadN4XjXmpcTaD2scPeyx5Yl2FN7irC4g3PnoXMlTXbq3BY6K1KBiz6TPRmf2WbhYMcHtJN1iK-JYRdAHAAPI","expires_in":7200}
[2016-05-10 13:51:23][debug] [3]. Get user info url: https://api.weixin.qq.com/cgi-bin/user/info?access_token=Jrj3TcZO35lBz9MYuWurjTqRfcsqzem9lim41x58-u_h6SawVDQRlWadN4XjXmpcTaD2scPeyx5Yl2FN7irC4g3PnoXMlTXbq3BY6K1KBiz6TPRmf2WbhYMcHtJN1iK-JYRdAHAAPI&openid=
[2016-05-10 13:51:23][debug] [3-1]. Get user info return: {"errcode":40003,"errmsg":"invalid openid hint: [Vx_NCa0486vr22]"}
[2016-05-10 13:51:25][debug] [1]. Get openid url: https://open.weixin.qq.com/connect/oauth2/authorize?appid=wxe375e15cc67fa781&redirect_uri=http%3A%2F%2Fwww.csckl.com%2Fytj%2Fzhuli%2Findex.php%3Ftarget_openid%3D&response_type=code&scope=snsapi_base&state=STATE#wechat_redirect
[2016-05-10 13:51:26][debug] [1-1]. openid Code: 031kZTYa0KOrqJ1AsEZa027ZYa0kZTYf
[2016-05-10 13:51:26][debug] [2]. Get openid url: https://api.weixin.qq.com/sns/oauth2/access_token?appid=wxe375e15cc67fa781&secret=228cf37dd081a8de71dd7cd330b080a7&code=031kZTYa0KOrqJ1AsEZa027ZYa0kZTYf&grant_type=authorization_code
[2016-05-10 13:51:27][debug] [2-1]. Get openid return: {"access_token":"OezXcEiiBSKSxW0eoylIeDAchTD-4X2pUqlFFdlgfywj4plV5vcsgERo5G0YSF0DLij2FVgi_ZhRKsPe0YYqWFhBvG2kIlUylBB6GeHRrpizb09P1RmMIsKi4IhRldSzApOf3oxngpPieyIm91odKw","expires_in":7200,"refresh_token":"OezXcEiiBSKSxW0eoylIeDAchTD-4X2pUqlFFdlgfywj4plV5vcsgERo5G0YSF0DZ7h8ztEPo8P-qOf-LjpEAxmaJS7PyAcELjRrjn4X_kWFCyKQqoeralgy7foG4svMUSD_hjkB9bqAioUxA-hL7Q","openid":"o7WT5jjWss0b-WeS3-UG0ENc5E24","scope":"snsapi_base"}
[2016-05-10 13:51:27][debug] [4]. Get access token url: https://api.weixin.qq.com/cgi-bin/token?grant_type=client_credential&appid=wxe375e15cc67fa781&secret=228cf37dd081a8de71dd7cd330b080a7
[2016-05-10 13:51:27][debug] [4-1]. Get access token return: {"access_token":"Jrj3TcZO35lBz9MYuWurjTqRfcsqzem9lim41x58-u8K9LfAgFWslh2zUFMgD7I9MQYA5TgMCvd5iFqcymSItCuaYZhAldY_ZlVYWnjFs-RylvvIHh-fIME1BwlINrsVQZUdAHAJSN","expires_in":7197}
[2016-05-10 13:51:27][debug] [3]. Get user info url: https://api.weixin.qq.com/cgi-bin/user/info?access_token=Jrj3TcZO35lBz9MYuWurjTqRfcsqzem9lim41x58-u8K9LfAgFWslh2zUFMgD7I9MQYA5TgMCvd5iFqcymSItCuaYZhAldY_ZlVYWnjFs-RylvvIHh-fIME1BwlINrsVQZUdAHAJSN&openid=o7WT5jjWss0b-WeS3-UG0ENc5E24
[2016-05-10 13:51:27][debug] [3-1]. Get user info return: {"subscribe":1,"openid":"o7WT5jjWss0b-WeS3-UG0ENc5E24","nickname":"野百合","sex":2,"language":"zh_CN","city":"苏州","province":"江苏","country":"中国","headimgurl":"http:\/\/wx.qlogo.cn\/mmopen\/icSHVlwl8wyn4aKov1DcsFL9PMlLHUFuG6E3j4fBNALxOdmtIJjrMicVKrxIxyfu5lzBE2Vibgib71ACEWmScTQd40heEpq7Me0V\/0","subscribe_time":1430993288,"remark":"","groupid":0,"tagid_list":[]}
[2016-05-10 13:51:28][debug] [1]. Get openid url: https://open.weixin.qq.com/connect/oauth2/authorize?appid=wxe375e15cc67fa781&redirect_uri=http%3A%2F%2Fwww.csckl.com%2Fytj%2Fzhuli%2Findex.php%3Ftarget_openid%3Do7WT5jjWss0b-WeS3-UG0ENc5E24&response_type=code&scope=snsapi_base&state=STATE#wechat_redirect
[2016-05-10 13:51:28][debug] [1-1]. openid Code: 011HHCa706oSou16WDa70Ldxa70HHCa3
[2016-05-10 13:51:28][debug] [2]. Get openid url: https://api.weixin.qq.com/sns/oauth2/access_token?appid=wxe375e15cc67fa781&secret=228cf37dd081a8de71dd7cd330b080a7&code=011HHCa706oSou16WDa70Ldxa70HHCa3&grant_type=authorization_code
[2016-05-10 13:51:30][debug] [2-1]. Get openid return: {"access_token":"OezXcEiiBSKSxW0eoylIeDAchTD-4X2pUqlFFdlgfywj4plV5vcsgERo5G0YSF0DRAOVqyPgKMSWshC930n_IqSqwVRk6ocOROTi74ZWRFtLnhG8guh7aL4Z5IKwkKB70WJRTzSOC8zvBy3V1y-lVw","expires_in":7200,"refresh_token":"OezXcEiiBSKSxW0eoylIeDAchTD-4X2pUqlFFdlgfywj4plV5vcsgERo5G0YSF0DMCGlJBW1aPOUTwSUWBbNxunwfG5e17-p0-DGDd7d3Qm9eyAfywxIZ6YTFbri_5bdgbeKrZ8grjwHe_0dN9Ekiw","openid":"o7WT5jjWss0b-WeS3-UG0ENc5E24","scope":"snsapi_base"}
[2016-05-10 13:51:30][debug] [4]. Get access token url: https://api.weixin.qq.com/cgi-bin/token?grant_type=client_credential&appid=wxe375e15cc67fa781&secret=228cf37dd081a8de71dd7cd330b080a7
[2016-05-10 13:51:30][debug] [4-1]. Get access token return: {"access_token":"Jrj3TcZO35lBz9MYuWurjTqRfcsqzem9lim41x58-u9wLA6CqjNBUOA25dSxxpHHlsgytTrrC49hHrQiA5WL7obAQU46rSuukXrZY7AsRGynxWMYXB64HTcz3D_PbUgtLJDdAHAXVP","expires_in":7200}
[2016-05-10 13:51:30][debug] [3]. Get user info url: https://api.weixin.qq.com/cgi-bin/user/info?access_token=Jrj3TcZO35lBz9MYuWurjTqRfcsqzem9lim41x58-u9wLA6CqjNBUOA25dSxxpHHlsgytTrrC49hHrQiA5WL7obAQU46rSuukXrZY7AsRGynxWMYXB64HTcz3D_PbUgtLJDdAHAXVP&openid=o7WT5jjWss0b-WeS3-UG0ENc5E24
[2016-05-10 13:51:30][debug] [3-1]. Get user info return: {"subscribe":1,"openid":"o7WT5jjWss0b-WeS3-UG0ENc5E24","nickname":"野百合","sex":2,"language":"zh_CN","city":"苏州","province":"江苏","country":"中国","headimgurl":"http:\/\/wx.qlogo.cn\/mmopen\/icSHVlwl8wyn4aKov1DcsFL9PMlLHUFuG6E3j4fBNALxOdmtIJjrMicVKrxIxyfu5lzBE2Vibgib71ACEWmScTQd40heEpq7Me0V\/0","subscribe_time":1430993288,"remark":"","groupid":0,"tagid_list":[]}
[2016-05-10 13:51:42][debug] [1-1]. openid Code: 031kZTYa0KOrqJ1AsEZa027ZYa0kZTYf
[2016-05-10 13:51:42][debug] [2]. Get openid url: https://api.weixin.qq.com/sns/oauth2/access_token?appid=wxe375e15cc67fa781&secret=228cf37dd081a8de71dd7cd330b080a7&code=031kZTYa0KOrqJ1AsEZa027ZYa0kZTYf&grant_type=authorization_code
[2016-05-10 13:51:43][debug] [2-1]. Get openid return: {"errcode":40029,"errmsg":"invalid code, hints: [ req_id: FrtFRa0505ns71 ]"}
[2016-05-10 13:51:43][debug] [4]. Get access token url: https://api.weixin.qq.com/cgi-bin/token?grant_type=client_credential&appid=wxe375e15cc67fa781&secret=228cf37dd081a8de71dd7cd330b080a7
[2016-05-10 13:51:43][debug] [4-1]. Get access token return: {"access_token":"Jrj3TcZO35lBz9MYuWurjTqRfcsqzem9lim41x58-u_MJQ1fMKhG_Oh6lnLuph1knwaKwXylGg1sRYp0VlKmk5AjPSQ3hvIpu-SO0tYVjRmmmrQnhdOIzt0QA9QJUc47AFZdAHASXR","expires_in":7200}
[2016-05-10 13:51:43][debug] [3]. Get user info url: https://api.weixin.qq.com/cgi-bin/user/info?access_token=Jrj3TcZO35lBz9MYuWurjTqRfcsqzem9lim41x58-u_MJQ1fMKhG_Oh6lnLuph1knwaKwXylGg1sRYp0VlKmk5AjPSQ3hvIpu-SO0tYVjRmmmrQnhdOIzt0QA9QJUc47AFZdAHASXR&openid=
[2016-05-10 13:51:43][debug] [3-1]. Get user info return: {"errcode":40003,"errmsg":"invalid openid hint: [2H4DkA0505vr19]"}
[2016-05-10 13:51:44][debug] [1]. Get openid url: https://open.weixin.qq.com/connect/oauth2/authorize?appid=wxe375e15cc67fa781&redirect_uri=http%3A%2F%2Fwww.csckl.com%2Fytj%2Fzhuli%2Findex.php%3Ftarget_openid%3D&response_type=code&scope=snsapi_base&state=STATE#wechat_redirect
[2016-05-10 13:51:44][debug] [1-1]. openid Code: 031SIINr1b3dqr0y1iNr1q0NNr1SIIN-
[2016-05-10 13:51:44][debug] [2]. Get openid url: https://api.weixin.qq.com/sns/oauth2/access_token?appid=wxe375e15cc67fa781&secret=228cf37dd081a8de71dd7cd330b080a7&code=031SIINr1b3dqr0y1iNr1q0NNr1SIIN-&grant_type=authorization_code
[2016-05-10 13:51:46][debug] [2-1]. Get openid return: {"errcode":40029,"errmsg":"invalid code, hints: [ req_id: DTHG30508ns26 ]"}
[2016-05-10 13:51:46][debug] [4]. Get access token url: https://api.weixin.qq.com/cgi-bin/token?grant_type=client_credential&appid=wxe375e15cc67fa781&secret=228cf37dd081a8de71dd7cd330b080a7
[2016-05-10 13:51:46][debug] [4-1]. Get access token return: {"access_token":"4nILNmCp8PMVpMFu7kd2YqbBz27kzvIZ-lxlVVoSp8G1G9JqW4Pq5d2p2rOC5omErgkFhsUOo2m9Hgp5mjDOWf7DFPYT5y8zA7yMj7dLRZ1iSrzUMzJciIsDPShHeyXxWTQgACAJGD","expires_in":7200}
[2016-05-10 13:51:46][debug] [3]. Get user info url: https://api.weixin.qq.com/cgi-bin/user/info?access_token=4nILNmCp8PMVpMFu7kd2YqbBz27kzvIZ-lxlVVoSp8G1G9JqW4Pq5d2p2rOC5omErgkFhsUOo2m9Hgp5mjDOWf7DFPYT5y8zA7yMj7dLRZ1iSrzUMzJciIsDPShHeyXxWTQgACAJGD&openid=
[2016-05-10 13:51:46][debug] [3-1]. Get user info return: {"errcode":40003,"errmsg":"invalid openid hint: [nOuaoA0508vr19]"}
[2016-05-10 13:51:46][debug] [1-1]. openid Code: 031SIINr1b3dqr0y1iNr1q0NNr1SIIN-
[2016-05-10 13:51:46][debug] [2]. Get openid url: https://api.weixin.qq.com/sns/oauth2/access_token?appid=wxe375e15cc67fa781&secret=228cf37dd081a8de71dd7cd330b080a7&code=031SIINr1b3dqr0y1iNr1q0NNr1SIIN-&grant_type=authorization_code
[2016-05-10 13:51:47][debug] [2-1]. Get openid return: {"errcode":40029,"errmsg":"invalid code, hints: [ req_id: LQK1Qa0509ns82 ]"}
[2016-05-10 13:51:47][debug] [4]. Get access token url: https://api.weixin.qq.com/cgi-bin/token?grant_type=client_credential&appid=wxe375e15cc67fa781&secret=228cf37dd081a8de71dd7cd330b080a7
[2016-05-10 13:51:47][debug] [4-1]. Get access token return: {"access_token":"4nILNmCp8PMVpMFu7kd2YqbBz27kzvIZ-lxlVVoSp8ES3n9BKB_UASCM2J4Qax2lmWq7XEU1_sDY-Rm9jDVZT0Konacrzclq9rX4Fx4brFp7acL61Nl9FFzaSSW-syj1ROQgACACZB","expires_in":7198}
[2016-05-10 13:51:47][debug] [3]. Get user info url: https://api.weixin.qq.com/cgi-bin/user/info?access_token=4nILNmCp8PMVpMFu7kd2YqbBz27kzvIZ-lxlVVoSp8ES3n9BKB_UASCM2J4Qax2lmWq7XEU1_sDY-Rm9jDVZT0Konacrzclq9rX4Fx4brFp7acL61Nl9FFzaSSW-syj1ROQgACACZB&openid=
[2016-05-10 13:51:47][debug] [3-1]. Get user info return: {"errcode":40003,"errmsg":"invalid openid hint: [wd0510vr23]"}
[2016-05-10 13:51:49][debug] [1]. Get openid url: https://open.weixin.qq.com/connect/oauth2/authorize?appid=wxe375e15cc67fa781&redirect_uri=http%3A%2F%2Fwww.csckl.com%2Fytj%2Fzhuli%2Findex.php%3Ftarget_openid%3D&response_type=code&scope=snsapi_base&state=STATE#wechat_redirect
[2016-05-10 15:21:57][debug] [1]. Get openid url: https://open.weixin.qq.com/connect/oauth2/authorize?appid=wxe375e15cc67fa781&redirect_uri=http%3A%2F%2Fwww.csckl.com%2Fytj%2Fzhuli%2Findex.php&response_type=code&scope=snsapi_base&state=STATE#wechat_redirect
[2016-05-10 15:21:57][debug] [1-1]. openid Code: 001m3Ku21Iei932OWxu21VgLu21m3Kul
[2016-05-10 15:21:57][debug] [2]. Get openid url: https://api.weixin.qq.com/sns/oauth2/access_token?appid=wxe375e15cc67fa781&secret=228cf37dd081a8de71dd7cd330b080a7&code=001m3Ku21Iei932OWxu21VgLu21m3Kul&grant_type=authorization_code
[2016-05-10 15:21:58][debug] [2-1]. Get openid return: {"access_token":"OezXcEiiBSKSxW0eoylIeDAchTD-4X2pUqlFFdlgfywcqJcbMnQ0uL8VQIA8lpWZtYuYbVxK5ga1lmC65__8K3o1KTCgCLGcr15gY-1LwGKBmZwPmtECtneT9ai-zD9V9i-3CqVS7rB2frLPjYyxdA","expires_in":7200,"refresh_token":"OezXcEiiBSKSxW0eoylIeDAchTD-4X2pUqlFFdlgfywcqJcbMnQ0uL8VQIA8lpWZT335c6lAOLAU8uV9LOs_LKL1YRly-JL16o0byrnoOzJYb6tDFCqwZtbuK13G68LU4Y7HZq39srnvzmoZTx6ucQ","openid":"o7WT5jl1BU0PISeU4pTO44Qif7cs","scope":"snsapi_base"}
[2016-05-10 15:21:58][debug] [4]. Get access token url: https://api.weixin.qq.com/cgi-bin/token?grant_type=client_credential&appid=wxe375e15cc67fa781&secret=228cf37dd081a8de71dd7cd330b080a7
[2016-05-10 15:21:59][debug] [4-1]. Get access token return: {"access_token":"glURSsKQquF5ieVd8y4v0AbtzRYWQmGS0bGIdBukiLKomjwOcqxN_jGZNGMofcLpRgcojLdevnhTr3wxY1uk81iqzhDpYTN4EpAcO1jFrmE0zLEd_8ZTs5VVxGtk_XbtRFFeADAXLL","expires_in":7200}
[2016-05-10 15:21:59][debug] [3]. Get user info url: https://api.weixin.qq.com/cgi-bin/user/info?access_token=glURSsKQquF5ieVd8y4v0AbtzRYWQmGS0bGIdBukiLKomjwOcqxN_jGZNGMofcLpRgcojLdevnhTr3wxY1uk81iqzhDpYTN4EpAcO1jFrmE0zLEd_8ZTs5VVxGtk_XbtRFFeADAXLL&openid=o7WT5jl1BU0PISeU4pTO44Qif7cs
[2016-05-10 15:21:59][debug] [3-1]. Get user info return: {"subscribe":1,"openid":"o7WT5jl1BU0PISeU4pTO44Qif7cs","nickname":"温暖的标准","sex":1,"language":"zh_CN","city":"苏州","province":"江苏","country":"中国","headimgurl":"http:\/\/wx.qlogo.cn\/mmopen\/Q3auHgzwzM5o7adjPV5TpibOGQzibUquypNibRbRE7XQ2a7QtOKy5Kl728qrxzx9yKougxKE2ViamY1nODfApmQbcw\/0","subscribe_time":1461140237,"remark":"","groupid":0,"tagid_list":[]}
[2016-05-10 15:22:01][debug] [1]. Get openid url: https://open.weixin.qq.com/connect/oauth2/authorize?appid=wxe375e15cc67fa781&redirect_uri=http%3A%2F%2Fwww.csckl.com%2Fytj%2Fzhuli%2Findex.php%3Ftarget_openid%3Do7WT5jl1BU0PISeU4pTO44Qif7cs&response_type=code&scope=snsapi_base&state=STATE#wechat_redirect
[2016-05-10 15:22:01][debug] [1-1]. openid Code: 031Mpws22JkwW11jjbv22iQss22Mpwsp
[2016-05-10 15:22:01][debug] [2]. Get openid url: https://api.weixin.qq.com/sns/oauth2/access_token?appid=wxe375e15cc67fa781&secret=228cf37dd081a8de71dd7cd330b080a7&code=031Mpws22JkwW11jjbv22iQss22Mpwsp&grant_type=authorization_code
[2016-05-10 15:22:02][debug] [2-1]. Get openid return: {"access_token":"OezXcEiiBSKSxW0eoylIeDAchTD-4X2pUqlFFdlgfywcqJcbMnQ0uL8VQIA8lpWZJHG89WtwQHdzuJAVCLCfS0cQb-GICVWGwm9WRw6v1TfU9lBSWLd6q9yMqpRiFmMF-b8cpzCThl1jyVVanU_G1Q","expires_in":7200,"refresh_token":"OezXcEiiBSKSxW0eoylIeDAchTD-4X2pUqlFFdlgfywcqJcbMnQ0uL8VQIA8lpWZsfilnYO1I1qn7ZuQ7L9dGzSBz56jPLjk571JzOEpNEMYB_5W9qhMxC4X_2PlzN2-iSdugQEFjbYwm5Uz5Sircw","openid":"o7WT5jl1BU0PISeU4pTO44Qif7cs","scope":"snsapi_base"}
[2016-05-10 15:22:02][debug] [4]. Get access token url: https://api.weixin.qq.com/cgi-bin/token?grant_type=client_credential&appid=wxe375e15cc67fa781&secret=228cf37dd081a8de71dd7cd330b080a7
[2016-05-10 15:22:02][debug] [4-1]. Get access token return: {"access_token":"glURSsKQquF5ieVd8y4v0AbtzRYWQmGS0bGIdBukiLJMoosg9jW7qIIthDpFKKUGririhVVV7uvFcjqZKuK21tPb22bwmWLxfLmSCUCgzldzO8Yjs6Wbvt2O-aRxDpeGYYWeADAIIG","expires_in":7196}
[2016-05-10 15:22:02][debug] [3]. Get user info url: https://api.weixin.qq.com/cgi-bin/user/info?access_token=glURSsKQquF5ieVd8y4v0AbtzRYWQmGS0bGIdBukiLJMoosg9jW7qIIthDpFKKUGririhVVV7uvFcjqZKuK21tPb22bwmWLxfLmSCUCgzldzO8Yjs6Wbvt2O-aRxDpeGYYWeADAIIG&openid=o7WT5jl1BU0PISeU4pTO44Qif7cs
[2016-05-10 15:22:02][debug] [3-1]. Get user info return: {"subscribe":1,"openid":"o7WT5jl1BU0PISeU4pTO44Qif7cs","nickname":"温暖的标准","sex":1,"language":"zh_CN","city":"苏州","province":"江苏","country":"中国","headimgurl":"http:\/\/wx.qlogo.cn\/mmopen\/Q3auHgzwzM5o7adjPV5TpibOGQzibUquypNibRbRE7XQ2a7QtOKy5Kl728qrxzx9yKougxKE2ViamY1nODfApmQbcw\/0","subscribe_time":1461140237,"remark":"","groupid":0,"tagid_list":[]}
[2016-05-10 15:22:08][debug] [1-1]. openid Code: 001m3Ku21Iei932OWxu21VgLu21m3Kul
[2016-05-10 15:22:08][debug] [2]. Get openid url: https://api.weixin.qq.com/sns/oauth2/access_token?appid=wxe375e15cc67fa781&secret=228cf37dd081a8de71dd7cd330b080a7&code=001m3Ku21Iei932OWxu21VgLu21m3Kul&grant_type=authorization_code
[2016-05-10 15:22:09][debug] [2-1]. Get openid return: {"errcode":40029,"errmsg":"invalid code, hints: [ req_id: 2cWFma0932ns28 ]"}
[2016-05-10 15:22:09][debug] [4]. Get access token url: https://api.weixin.qq.com/cgi-bin/token?grant_type=client_credential&appid=wxe375e15cc67fa781&secret=228cf37dd081a8de71dd7cd330b080a7
[2016-05-10 15:22:10][debug] [4-1]. Get access token return: {"access_token":"glURSsKQquF5ieVd8y4v0AbtzRYWQmGS0bGIdBukiLItQfZ3u3ZREQ3lUCTmQGt8bbHobZ34yNEwXmB7n_6yZUHDYGOi409yfPnnfp0zPsbXh5opEB0aWq0NjDi36fHBWHBeADAJUO","expires_in":7200}
[2016-05-10 15:22:10][debug] [3]. Get user info url: https://api.weixin.qq.com/cgi-bin/user/info?access_token=glURSsKQquF5ieVd8y4v0AbtzRYWQmGS0bGIdBukiLItQfZ3u3ZREQ3lUCTmQGt8bbHobZ34yNEwXmB7n_6yZUHDYGOi409yfPnnfp0zPsbXh5opEB0aWq0NjDi36fHBWHBeADAJUO&openid=
[2016-05-10 15:22:10][debug] [3-1]. Get user info return: {"errcode":40003,"errmsg":"invalid openid hint: [.jVJMA0932vr20]"}
[2016-05-10 15:22:11][debug] [1]. Get openid url: https://open.weixin.qq.com/connect/oauth2/authorize?appid=wxe375e15cc67fa781&redirect_uri=http%3A%2F%2Fwww.csckl.com%2Fytj%2Fzhuli%2Findex.php%3Ftarget_openid%3D&response_type=code&scope=snsapi_base&state=STATE#wechat_redirect
[2016-05-10 15:22:11][debug] [1-1]. openid Code: 021Ewp2J1HRAJa0QJF4J1lUj2J1Ewp2a
[2016-05-10 15:22:11][debug] [2]. Get openid url: https://api.weixin.qq.com/sns/oauth2/access_token?appid=wxe375e15cc67fa781&secret=228cf37dd081a8de71dd7cd330b080a7&code=021Ewp2J1HRAJa0QJF4J1lUj2J1Ewp2a&grant_type=authorization_code
[2016-05-10 15:22:12][debug] [2-1]. Get openid return: {"access_token":"OezXcEiiBSKSxW0eoylIeDAchTD-4X2pUqlFFdlgfywcqJcbMnQ0uL8VQIA8lpWZxQlgBqPFzdwCOK8FVuFHF-0akeiajHeN9OR5iVnSSICXyimGZUJhcWbILEHOAWwSyZcBKqJY9aD-M3i1w8_iZQ","expires_in":7200,"refresh_token":"OezXcEiiBSKSxW0eoylIeDAchTD-4X2pUqlFFdlgfywcqJcbMnQ0uL8VQIA8lpWZszrHU30Y0JWXO6kyMQqnyXasXnI7PHG5furvPZmbMRV4wGvfXjSSwfAp2R_GFzdfs3RR5VGCdEJ7vpzKtE8TNg","openid":"o7WT5jl1BU0PISeU4pTO44Qif7cs","scope":"snsapi_base"}
[2016-05-10 15:22:12][debug] [4]. Get access token url: https://api.weixin.qq.com/cgi-bin/token?grant_type=client_credential&appid=wxe375e15cc67fa781&secret=228cf37dd081a8de71dd7cd330b080a7
[2016-05-10 15:22:12][debug] [4-1]. Get access token return: {"access_token":"glURSsKQquF5ieVd8y4v0AbtzRYWQmGS0bGIdBukiLJHDyCvadapN68twVUnMlIQDz7SMmWYtwYeHgBgcqE-I86pzyl3F5CTnA3P1MlPFPnZspbG02NGN33ZivyQtGGPJAIeADAOFN","expires_in":7200}
[2016-05-10 15:22:12][debug] [3]. Get user info url: https://api.weixin.qq.com/cgi-bin/user/info?access_token=glURSsKQquF5ieVd8y4v0AbtzRYWQmGS0bGIdBukiLJHDyCvadapN68twVUnMlIQDz7SMmWYtwYeHgBgcqE-I86pzyl3F5CTnA3P1MlPFPnZspbG02NGN33ZivyQtGGPJAIeADAOFN&openid=o7WT5jl1BU0PISeU4pTO44Qif7cs
[2016-05-10 15:22:12][debug] [3-1]. Get user info return: {"subscribe":1,"openid":"o7WT5jl1BU0PISeU4pTO44Qif7cs","nickname":"温暖的标准","sex":1,"language":"zh_CN","city":"苏州","province":"江苏","country":"中国","headimgurl":"http:\/\/wx.qlogo.cn\/mmopen\/Q3auHgzwzM5o7adjPV5TpibOGQzibUquypNibRbRE7XQ2a7QtOKy5Kl728qrxzx9yKougxKE2ViamY1nODfApmQbcw\/0","subscribe_time":1461140237,"remark":"","groupid":0,"tagid_list":[]}
[2016-05-10 15:22:12][debug] [1-1]. openid Code: 031AJtiM0XW5Ki2wYfhM0X7tiM0AJti6
[2016-05-10 15:22:12][debug] [2]. Get openid url: https://api.weixin.qq.com/sns/oauth2/access_token?appid=wxe375e15cc67fa781&secret=228cf37dd081a8de71dd7cd330b080a7&code=031AJtiM0XW5Ki2wYfhM0X7tiM0AJti6&grant_type=authorization_code
[2016-05-10 15:22:14][debug] [2-1]. Get openid return: {"access_token":"OezXcEiiBSKSxW0eoylIeDAchTD-4X2pUqlFFdlgfywcqJcbMnQ0uL8VQIA8lpWZnwfirpkdSV-x0dcZ-Ppxx8cFAqmXxRftrabM1cGn-6YtMKYxEd5re3AEpl_wI4gAMkmxRraD-3-dBYZ1Mx4Zkg","expires_in":7200,"refresh_token":"OezXcEiiBSKSxW0eoylIeDAchTD-4X2pUqlFFdlgfywcqJcbMnQ0uL8VQIA8lpWZP1Z6UzjccHLJP2ZYegfEHTb87y31Puqxt374nCsqgXcAlXOq_SrIWaAEAqFBZPrDmazz1F-v73gLqYzxOQg3xg","openid":"o7WT5jl1BU0PISeU4pTO44Qif7cs","scope":"snsapi_base"}
[2016-05-10 15:22:14][debug] [4]. Get access token url: https://api.weixin.qq.com/cgi-bin/token?grant_type=client_credential&appid=wxe375e15cc67fa781&secret=228cf37dd081a8de71dd7cd330b080a7
[2016-05-10 15:22:14][debug] [4-1]. Get access token return: {"access_token":"glURSsKQquF5ieVd8y4v0AbtzRYWQmGS0bGIdBukiLJaRXTtjnus9m_GEWx0OR96Jui8BrH9Lye3jrqhvsj0RqZwvat4AIfebm1T63LddcK7Kp6Fiqiaj9YzcMpNQMU6EVPeADAWNH","expires_in":7200}
[2016-05-10 15:22:14][debug] [3]. Get user info url: https://api.weixin.qq.com/cgi-bin/user/info?access_token=glURSsKQquF5ieVd8y4v0AbtzRYWQmGS0bGIdBukiLJaRXTtjnus9m_GEWx0OR96Jui8BrH9Lye3jrqhvsj0RqZwvat4AIfebm1T63LddcK7Kp6Fiqiaj9YzcMpNQMU6EVPeADAWNH&openid=o7WT5jl1BU0PISeU4pTO44Qif7cs
[2016-05-10 15:22:14][debug] [3-1]. Get user info return: {"subscribe":1,"openid":"o7WT5jl1BU0PISeU4pTO44Qif7cs","nickname":"温暖的标准","sex":1,"language":"zh_CN","city":"苏州","province":"江苏","country":"中国","headimgurl":"http:\/\/wx.qlogo.cn\/mmopen\/Q3auHgzwzM5o7adjPV5TpibOGQzibUquypNibRbRE7XQ2a7QtOKy5Kl728qrxzx9yKougxKE2ViamY1nODfApmQbcw\/0","subscribe_time":1461140237,"remark":"","groupid":0,"tagid_list":[]}
[2016-05-10 15:22:15][debug] [1]. Get openid url: https://open.weixin.qq.com/connect/oauth2/authorize?appid=wxe375e15cc67fa781&redirect_uri=http%3A%2F%2Fwww.csckl.com%2Fytj%2Fzhuli%2Findex.php%3Ftarget_openid%3Do7WT5jl1BU0PISeU4pTO44Qif7cs&response_type=code&scope=snsapi_base&state=STATE#wechat_redirect
[2016-05-10 15:22:15][debug] [1-1]. openid Code: 031LdHi40Ikvty1hQCh40YxFi40LdHiU
[2016-05-10 15:22:15][debug] [2]. Get openid url: https://api.weixin.qq.com/sns/oauth2/access_token?appid=wxe375e15cc67fa781&secret=228cf37dd081a8de71dd7cd330b080a7&code=031LdHi40Ikvty1hQCh40YxFi40LdHiU&grant_type=authorization_code
[2016-05-10 15:22:16][debug] [2-1]. Get openid return: {"access_token":"OezXcEiiBSKSxW0eoylIeDAchTD-4X2pUqlFFdlgfywcqJcbMnQ0uL8VQIA8lpWZ_FeJq72i95q1GN04h93_DhNJIiDMpoiT5tHLlk0XI3-2v6Dp-Bb8YWiFtg2Yc3EftcwwSxPOiGJEqzrlUiunIA","expires_in":7200,"refresh_token":"OezXcEiiBSKSxW0eoylIeDAchTD-4X2pUqlFFdlgfywcqJcbMnQ0uL8VQIA8lpWZrNs-2Lu9ES8Iy9AUEM56aWSM5Orkc8Fp9BN1GbbgiPIUCrrc5ZxCI3Py4GzcZPPWJF8VOQaqULzMCQt-ggbjqA","openid":"o7WT5jl1BU0PISeU4pTO44Qif7cs","scope":"snsapi_base"}
[2016-05-10 15:22:16][debug] [4]. Get access token url: https://api.weixin.qq.com/cgi-bin/token?grant_type=client_credential&appid=wxe375e15cc67fa781&secret=228cf37dd081a8de71dd7cd330b080a7
[2016-05-10 15:22:16][debug] [4-1]. Get access token return: {"access_token":"glURSsKQquF5ieVd8y4v0AbtzRYWQmGS0bGIdBukiLJtJVq4gTEPB9Yuv0EjOlNtW7_eOPAQel4LppgEpcbmH55zr6_g0jB_XwISWsyCBVVgzkkwpMt9V8mIW7kUI01TJMSeADAEHN","expires_in":7200}
[2016-05-10 15:22:16][debug] [3]. Get user info url: https://api.weixin.qq.com/cgi-bin/user/info?access_token=glURSsKQquF5ieVd8y4v0AbtzRYWQmGS0bGIdBukiLJtJVq4gTEPB9Yuv0EjOlNtW7_eOPAQel4LppgEpcbmH55zr6_g0jB_XwISWsyCBVVgzkkwpMt9V8mIW7kUI01TJMSeADAEHN&openid=o7WT5jl1BU0PISeU4pTO44Qif7cs
[2016-05-10 15:22:16][debug] [3-1]. Get user info return: {"subscribe":1,"openid":"o7WT5jl1BU0PISeU4pTO44Qif7cs","nickname":"温暖的标准","sex":1,"language":"zh_CN","city":"苏州","province":"江苏","country":"中国","headimgurl":"http:\/\/wx.qlogo.cn\/mmopen\/Q3auHgzwzM5o7adjPV5TpibOGQzibUquypNibRbRE7XQ2a7QtOKy5Kl728qrxzx9yKougxKE2ViamY1nODfApmQbcw\/0","subscribe_time":1461140237,"remark":"","groupid":0,"tagid_list":[]}
[2016-05-10 16:57:44][debug] [1-1]. openid Code: 041NS3Qf2WI24O07ePPf2zMaQf2NS3QQ
[2016-05-10 16:57:44][debug] [2]. Get openid url: https://api.weixin.qq.com/sns/oauth2/access_token?appid=wxe375e15cc67fa781&secret=228cf37dd081a8de71dd7cd330b080a7&code=041NS3Qf2WI24O07ePPf2zMaQf2NS3QQ&grant_type=authorization_code
[2016-05-10 16:57:45][debug] [2-1]. Get openid return: {"access_token":"OezXcEiiBSKSxW0eoylIeDAchTD-4X2pUqlFFdlgfyzNNNNi81F_hkZFEnym5RU-heKMh6Zu67cl79yqVcMeoNyJo5ayjdwCRGiiQSKQPCkUJIxCb5yc8E39rsNIqJfy7Fx19MYLcBvr1moMwyZ_HA","expires_in":7200,"refresh_token":"OezXcEiiBSKSxW0eoylIeDAchTD-4X2pUqlFFdlgfyzNNNNi81F_hkZFEnym5RU-7324dCDSe_NMsuCwEPboFVLOylwY_1IfrPdlA5Zp8EhdUBPHrNnO8W-bXQIrheKYC8ucpQlQmb1EALFi13nS0Q","openid":"o7WT5jkuNG9jcHbs3Q1Li0zDAjN8","scope":"snsapi_base"}
[2016-05-10 16:57:45][debug] [4]. Get access token url: https://api.weixin.qq.com/cgi-bin/token?grant_type=client_credential&appid=wxe375e15cc67fa781&secret=228cf37dd081a8de71dd7cd330b080a7
[2016-05-10 16:57:45][debug] [4-1]. Get access token return: {"access_token":"M9_LQb5R8HhufLzgZs24GTbCzSBCqNomfLHZ_q7T7IBf4-lyj-yawaSJ8NKeUu6mHd5h1Indmsfu4MQX2CvZBqmAa37IGQUiHqiK6p6A8Mfvu9pXaQ8k5cNqwrTwYpcqQGMgADAAQW","expires_in":7200}
[2016-05-10 16:57:45][debug] [3]. Get user info url: https://api.weixin.qq.com/cgi-bin/user/info?access_token=M9_LQb5R8HhufLzgZs24GTbCzSBCqNomfLHZ_q7T7IBf4-lyj-yawaSJ8NKeUu6mHd5h1Indmsfu4MQX2CvZBqmAa37IGQUiHqiK6p6A8Mfvu9pXaQ8k5cNqwrTwYpcqQGMgADAAQW&openid=o7WT5jkuNG9jcHbs3Q1Li0zDAjN8
[2016-05-10 16:57:46][debug] [3-1]. Get user info return: {"subscribe":1,"openid":"o7WT5jkuNG9jcHbs3Q1Li0zDAjN8","nickname":"小毛豆","sex":0,"language":"zh_CN","city":"","province":"","country":"","headimgurl":"http:\/\/wx.qlogo.cn\/mmopen\/1NQBO44iagNbbnskzzdhLtzZicZgYtFeicThJeTQ3dssorQxeuK96bgyibGbGsMRCuThGBFu4M6XqycpC1EKULyng3iaNia86kyMS9\/0","subscribe_time":1461324971,"remark":"","groupid":0,"tagid_list":[]}
[2016-05-10 17:09:47][debug] [1-1]. openid Code: 031AJtiM0XW5Ki2wYfhM0X7tiM0AJti6
[2016-05-10 17:09:47][debug] [2]. Get openid url: https://api.weixin.qq.com/sns/oauth2/access_token?appid=wxe375e15cc67fa781&secret=228cf37dd081a8de71dd7cd330b080a7&code=031AJtiM0XW5Ki2wYfhM0X7tiM0AJti6&grant_type=authorization_code
[2016-05-10 17:09:48][debug] [2-1]. Get openid return: {"errcode":40029,"errmsg":"invalid code, hints: [ req_id: G66jQa0391ns49 ]"}
[2016-05-10 17:09:48][debug] [4]. Get access token url: https://api.weixin.qq.com/cgi-bin/token?grant_type=client_credential&appid=wxe375e15cc67fa781&secret=228cf37dd081a8de71dd7cd330b080a7
[2016-05-10 17:09:49][debug] [4-1]. Get access token return: {"access_token":"hOZjvNq0eAnm3v4Ox3xxX-Vm8O8yy_O6XSFpbolHudVZUoJlxHh7KG_iGVHXmY_WNDsUkoTxxX89rEfjiei-Y8THqjnCbtP1scpYZRu_dhkCYQfAJAWSK","expires_in":7200}
[2016-05-10 17:09:49][debug] [3]. Get user info url: https://api.weixin.qq.com/cgi-bin/user/info?access_token=hOZjvNq0eAnm3v4Ox3xxX-Vm8O8yy_O6XSFpbolHudVZUoJlxHh7KG_iGVHXmY_WNDsUkoTxxX89rEfjiei-Y8THqjnCbtP1scpYZRu_dhkCYQfAJAWSK&openid=
[2016-05-10 17:09:49][debug] [3-1]. Get user info return: {"errcode":40003,"errmsg":"invalid openid hint: [Mb2phA0391vr20]"}
[2016-05-10 23:40:37][debug] [1]. Get openid url: https://open.weixin.qq.com/connect/oauth2/authorize?appid=wxe375e15cc67fa781&redirect_uri=http%3A%2F%2Fwww.csckl.com%2Fytj%2Fzhuli%2Findex.php&response_type=code&scope=snsapi_base&state=STATE#wechat_redirect
[2016-05-10 23:40:37][debug] [1-1]. openid Code: 041Yb0201OE3MM15WP4014e2201Yb026
[2016-05-10 23:40:37][debug] [2]. Get openid url: https://api.weixin.qq.com/sns/oauth2/access_token?appid=wxe375e15cc67fa781&secret=228cf37dd081a8de71dd7cd330b080a7&code=041Yb0201OE3MM15WP4014e2201Yb026&grant_type=authorization_code
[2016-05-10 23:40:38][debug] [2-1]. Get openid return: {"access_token":"OezXcEiiBSKSxW0eoylIeDAchTD-4X2pUqlFFdlgfyySABlJQmYH8svg-4H5JylRrK4aO1Ti9K7O6KOkYIEY7c70BOtJKZl_-ZtRqZsPgdR5L4hAUuux9y7SDqzDT7_qfaVD7CFySBfiVonXYlatRQ","expires_in":7200,"refresh_token":"OezXcEiiBSKSxW0eoylIeDAchTD-4X2pUqlFFdlgfyySABlJQmYH8svg-4H5JylRVn2Lu9WPUSSaBkaseIo3_s4HeFH3jKgDvuP24XB1um0lDbBnc95BmS-whKtNlwXzpLaziQJqG881ItYD2Lb7YQ","openid":"o7WT5jh9c7aq2pmP9HvE9BClWbQA","scope":"snsapi_base"}
[2016-05-10 23:40:38][debug] [4]. Get access token url: https://api.weixin.qq.com/cgi-bin/token?grant_type=client_credential&appid=wxe375e15cc67fa781&secret=228cf37dd081a8de71dd7cd330b080a7
[2016-05-10 23:40:38][debug] [4-1]. Get access token return: {"access_token":"i4mNJ19oOJnOMFCMQW5QaFcMWHbheRDpXtsbPnahk-KO9AjG9XdznkFIH09iWj7hmfTi6OimBSTMZaK1OOXobzpNi-uzwqGhlYphPPeYX2He4r2eMz3UCuIaAcX2CprnZGYfAHACJB","expires_in":7200}
[2016-05-10 23:40:38][debug] [3]. Get user info url: https://api.weixin.qq.com/cgi-bin/user/info?access_token=i4mNJ19oOJnOMFCMQW5QaFcMWHbheRDpXtsbPnahk-KO9AjG9XdznkFIH09iWj7hmfTi6OimBSTMZaK1OOXobzpNi-uzwqGhlYphPPeYX2He4r2eMz3UCuIaAcX2CprnZGYfAHACJB&openid=o7WT5jh9c7aq2pmP9HvE9BClWbQA
[2016-05-10 23:40:38][debug] [3-1]. Get user info return: {"subscribe":1,"openid":"o7WT5jh9c7aq2pmP9HvE9BClWbQA","nickname":"我心飞翔","sex":2,"language":"zh_CN","city":"苏州","province":"江苏","country":"中国","headimgurl":"http:\/\/wx.qlogo.cn\/mmopen\/ajNVdqHZLLDI8H2hibRQwbcDnGmjHibicfBWibf29GJlibesricEtlZYG20xusCkHdibN8iaOgib9Q67yVcmZic5TGSTnpbw\/0","subscribe_time":1392097506,"remark":"","groupid":0,"tagid_list":[]}
[2016-05-10 23:40:40][debug] [1]. Get openid url: https://open.weixin.qq.com/connect/oauth2/authorize?appid=wxe375e15cc67fa781&redirect_uri=http%3A%2F%2Fwww.csckl.com%2Fytj%2Fzhuli%2Findex.php%3Ftarget_openid%3Do7WT5jh9c7aq2pmP9HvE9BClWbQA&response_type=code&scope=snsapi_base&state=STATE#wechat_redirect
[2016-05-10 23:40:41][debug] [1-1]. openid Code: 031EbDBO0kZImg2zMSEO008GBO0EbDBZ
[2016-05-10 23:40:41][debug] [2]. Get openid url: https://api.weixin.qq.com/sns/oauth2/access_token?appid=wxe375e15cc67fa781&secret=228cf37dd081a8de71dd7cd330b080a7&code=031EbDBO0kZImg2zMSEO008GBO0EbDBZ&grant_type=authorization_code
[2016-05-10 23:40:42][debug] [2-1]. Get openid return: {"access_token":"OezXcEiiBSKSxW0eoylIeDAchTD-4X2pUqlFFdlgfyySABlJQmYH8svg-4H5JylRLMyPDIvY2oc429tezBYhjYHXnKWof8jqI_o9LH-OQWEt6czB7XDj09LSN4C_M1z1QaJr1RNhgUUDOOkXPA443A","expires_in":7200,"refresh_token":"OezXcEiiBSKSxW0eoylIeDAchTD-4X2pUqlFFdlgfyySABlJQmYH8svg-4H5JylRvju2YQYOUAF2bFIZ_i4JGobJyyeK6HhSieVvRvus2SZR9687p7AU_lBchdcnWF3D2XggfOLsVkGXI25PEmNYTA","openid":"o7WT5jh9c7aq2pmP9HvE9BClWbQA","scope":"snsapi_base"}
[2016-05-10 23:40:42][debug] [4]. Get access token url: https://api.weixin.qq.com/cgi-bin/token?grant_type=client_credential&appid=wxe375e15cc67fa781&secret=228cf37dd081a8de71dd7cd330b080a7
[2016-05-10 23:40:42][debug] [4-1]. Get access token return: {"access_token":"i4mNJ19oOJnOMFCMQW5QaFcMWHbheRDpXtsbPnahk-KHH-rsSgqSGYxSuwrps9DiWju1T6KbPPuEhNS41XPG48rkSqtaqvkJETBgOo6rg8jJMh3cUvVDLSZDHHqqtr2uTASfAHADKC","expires_in":7196}
[2016-05-10 23:40:42][debug] [3]. Get user info url: https://api.weixin.qq.com/cgi-bin/user/info?access_token=i4mNJ19oOJnOMFCMQW5QaFcMWHbheRDpXtsbPnahk-KHH-rsSgqSGYxSuwrps9DiWju1T6KbPPuEhNS41XPG48rkSqtaqvkJETBgOo6rg8jJMh3cUvVDLSZDHHqqtr2uTASfAHADKC&openid=o7WT5jh9c7aq2pmP9HvE9BClWbQA
[2016-05-10 23:40:42][debug] [3-1]. Get user info return: {"subscribe":1,"openid":"o7WT5jh9c7aq2pmP9HvE9BClWbQA","nickname":"我心飞翔","sex":2,"language":"zh_CN","city":"苏州","province":"江苏","country":"中国","headimgurl":"http:\/\/wx.qlogo.cn\/mmopen\/ajNVdqHZLLDI8H2hibRQwbcDnGmjHibicfBWibf29GJlibesricEtlZYG20xusCkHdibN8iaOgib9Q67yVcmZic5TGSTnpbw\/0","subscribe_time":1392097506,"remark":"","groupid":0,"tagid_list":[]}
[2016-05-10 23:41:03][debug] [1-1]. openid Code: 041Yb0201OE3MM15WP4014e2201Yb026
[2016-05-10 23:41:03][debug] [2]. Get openid url: https://api.weixin.qq.com/sns/oauth2/access_token?appid=wxe375e15cc67fa781&secret=228cf37dd081a8de71dd7cd330b080a7&code=041Yb0201OE3MM15WP4014e2201Yb026&grant_type=authorization_code
[2016-05-10 23:41:04][debug] [2-1]. Get openid return: {"errcode":40029,"errmsg":"invalid code, hints: [ req_id: 4ptW6a0868ns52 ]"}
[2016-05-10 23:41:04][debug] [4]. Get access token url: https://api.weixin.qq.com/cgi-bin/token?grant_type=client_credential&appid=wxe375e15cc67fa781&secret=228cf37dd081a8de71dd7cd330b080a7
[2016-05-10 23:41:04][debug] [4-1]. Get access token return: {"access_token":"hr-OQETrLfbvQBHFDUPT-UcV17hQk3cQhcpPycyKg4qa6mNxrtZ0Ov_hpMwWiAkpFy6sN-iF7LPcUiPBSfkQHu3Yat2xawwHh2YYMni0BNGljo6E0JgqhWxoSosLmxM6DOCcAIALWK","expires_in":7200}
[2016-05-10 23:41:04][debug] [3]. Get user info url: https://api.weixin.qq.com/cgi-bin/user/info?access_token=hr-OQETrLfbvQBHFDUPT-UcV17hQk3cQhcpPycyKg4qa6mNxrtZ0Ov_hpMwWiAkpFy6sN-iF7LPcUiPBSfkQHu3Yat2xawwHh2YYMni0BNGljo6E0JgqhWxoSosLmxM6DOCcAIALWK&openid=
[2016-05-10 23:41:05][debug] [3-1]. Get user info return: {"errcode":40003,"errmsg":"invalid openid hint: [bUyaLa0868vr20]"}
[2016-05-10 23:41:05][debug] [1]. Get openid url: https://open.weixin.qq.com/connect/oauth2/authorize?appid=wxe375e15cc67fa781&redirect_uri=http%3A%2F%2Fwww.csckl.com%2Fytj%2Fzhuli%2Findex.php%3Ftarget_openid%3D&response_type=code&scope=snsapi_base&state=STATE#wechat_redirect
[2016-05-10 23:41:06][debug] [1-1]. openid Code: 021OMAfi2dZveM05uMei2F6zfi2OMAfG
[2016-05-10 23:41:06][debug] [2]. Get openid url: https://api.weixin.qq.com/sns/oauth2/access_token?appid=wxe375e15cc67fa781&secret=228cf37dd081a8de71dd7cd330b080a7&code=021OMAfi2dZveM05uMei2F6zfi2OMAfG&grant_type=authorization_code
[2016-05-10 23:41:07][debug] [2-1]. Get openid return: {"access_token":"OezXcEiiBSKSxW0eoylIeDAchTD-4X2pUqlFFdlgfyySABlJQmYH8svg-4H5JylRnNkYZHLpS3z48gDV6ISiYip0fo3dYwQA2md-J9RN6IO6HK0t_5pVxi0MIUVOeggFk4NoOdUjFiNf8oiETbV1WQ","expires_in":7200,"refresh_token":"OezXcEiiBSKSxW0eoylIeDAchTD-4X2pUqlFFdlgfyySABlJQmYH8svg-4H5JylRmE-XNQUvlsPtl-SzCXu6-jOKQTK2vQ2yngQFJGRhC2dMot_1IJ8N6wdvqAfLEnxyS19TB6lk9wm3SLKJiz6pBQ","openid":"o7WT5jh9c7aq2pmP9HvE9BClWbQA","scope":"snsapi_base"}
[2016-05-10 23:41:07][debug] [4]. Get access token url: https://api.weixin.qq.com/cgi-bin/token?grant_type=client_credential&appid=wxe375e15cc67fa781&secret=228cf37dd081a8de71dd7cd330b080a7
[2016-05-10 23:41:07][debug] [4-1]. Get access token return: {"access_token":"hr-OQETrLfbvQBHFDUPT-UcV17hQk3cQhcpPycyKg4otC2sjb9ejhULQSDxD_Pyse_JI8-BOtADvzZDFysWf_hwtr_nJXCXF3IYiagsizT_dWQp6zV-ewhrOM7PQVqWoLJDcAIAGEY","expires_in":7197}
[2016-05-10 23:41:07][debug] [3]. Get user info url: https://api.weixin.qq.com/cgi-bin/user/info?access_token=hr-OQETrLfbvQBHFDUPT-UcV17hQk3cQhcpPycyKg4otC2sjb9ejhULQSDxD_Pyse_JI8-BOtADvzZDFysWf_hwtr_nJXCXF3IYiagsizT_dWQp6zV-ewhrOM7PQVqWoLJDcAIAGEY&openid=o7WT5jh9c7aq2pmP9HvE9BClWbQA
[2016-05-10 23:41:07][debug] [3-1]. Get user info return: {"subscribe":1,"openid":"o7WT5jh9c7aq2pmP9HvE9BClWbQA","nickname":"我心飞翔","sex":2,"language":"zh_CN","city":"苏州","province":"江苏","country":"中国","headimgurl":"http:\/\/wx.qlogo.cn\/mmopen\/ajNVdqHZLLDI8H2hibRQwbcDnGmjHibicfBWibf29GJlibesricEtlZYG20xusCkHdibN8iaOgib9Q67yVcmZic5TGSTnpbw\/0","subscribe_time":1392097506,"remark":"","groupid":0,"tagid_list":[]}
[2016-05-10 23:41:08][debug] [1-1]. openid Code: 0115zNoa2LX1XB0ogCoa20dOoa25zNoL
[2016-05-10 23:41:08][debug] [2]. Get openid url: https://api.weixin.qq.com/sns/oauth2/access_token?appid=wxe375e15cc67fa781&secret=228cf37dd081a8de71dd7cd330b080a7&code=0115zNoa2LX1XB0ogCoa20dOoa25zNoL&grant_type=authorization_code
[2016-05-10 23:41:09][debug] [2-1]. Get openid return: {"access_token":"OezXcEiiBSKSxW0eoylIeDAchTD-4X2pUqlFFdlgfyySABlJQmYH8svg-4H5JylRn1pFYksnNRT-wCLIxaHSAuOHRFIQcdYwghREaruvFpUGlmCkWr-_CPlG9y3hXfPQ_B3ik0dnQDZ6croMiycdwA","expires_in":7200,"refresh_token":"OezXcEiiBSKSxW0eoylIeDAchTD-4X2pUqlFFdlgfyySABlJQmYH8svg-4H5JylRhd3RgTKK36KnHC8sQA_72zN23DQAgLBsuWuzYE0LVFQFZMw3q4ZAOhOEpkW-5bxmr7MFRSk80vZ_5ceB5xdcaA","openid":"o7WT5jh9c7aq2pmP9HvE9BClWbQA","scope":"snsapi_base"}
[2016-05-10 23:41:09][debug] [4]. Get access token url: https://api.weixin.qq.com/cgi-bin/token?grant_type=client_credential&appid=wxe375e15cc67fa781&secret=228cf37dd081a8de71dd7cd330b080a7
[2016-05-10 23:41:09][debug] [4-1]. Get access token return: {"access_token":"hr-OQETrLfbvQBHFDUPT-UcV17hQk3cQhcpPycyKg4prPZeE4N_8cKNPt9S2w8t6w82QnJiHd0z5BpW0Ab0R9ferTpZEIXl3bhmJes9EIt2wVj1p9aa8xurz5tegkUADIAFcAIACUZ","expires_in":7200}
[2016-05-10 23:41:09][debug] [3]. Get user info url: https://api.weixin.qq.com/cgi-bin/user/info?access_token=hr-OQETrLfbvQBHFDUPT-UcV17hQk3cQhcpPycyKg4prPZeE4N_8cKNPt9S2w8t6w82QnJiHd0z5BpW0Ab0R9ferTpZEIXl3bhmJes9EIt2wVj1p9aa8xurz5tegkUADIAFcAIACUZ&openid=o7WT5jh9c7aq2pmP9HvE9BClWbQA
[2016-05-10 23:41:09][debug] [3-1]. Get user info return: {"subscribe":1,"openid":"o7WT5jh9c7aq2pmP9HvE9BClWbQA","nickname":"我心飞翔","sex":2,"language":"zh_CN","city":"苏州","province":"江苏","country":"中国","headimgurl":"http:\/\/wx.qlogo.cn\/mmopen\/ajNVdqHZLLDI8H2hibRQwbcDnGmjHibicfBWibf29GJlibesricEtlZYG20xusCkHdibN8iaOgib9Q67yVcmZic5TGSTnpbw\/0","subscribe_time":1392097506,"remark":"","groupid":0,"tagid_list":[]}
