[2016-05-04 00:02:06][debug] [1-1]. openid Code: 0011aoVw0xTU6o1vkmVw0sGnVw01aoV4
[2016-05-04 00:02:06][debug] [2]. Get openid url: https://api.weixin.qq.com/sns/oauth2/access_token?appid=wxe375e15cc67fa781&secret=228cf37dd081a8de71dd7cd330b080a7&code=0011aoVw0xTU6o1vkmVw0sGnVw01aoV4&grant_type=authorization_code
[2016-05-04 00:02:08][debug] [2-1]. Get openid return: {"access_token":"OezXcEiiBSKSxW0eoylIeDAchTD-4X2pUqlFFdlgfyxU_vHkI810IXWKR2uKPOm4azq8IPZN6LwKYlIYiyaD231GBeRqPC6w5fhf_QGjAtHXQhIrryedBuNoZzQ1wZdf46W0rSlM9Ayn4l_ScCPAgw","expires_in":7200,"refresh_token":"OezXcEiiBSKSxW0eoylIeDAchTD-4X2pUqlFFdlgfyxU_vHkI810IXWKR2uKPOm4vawkgDlzQRe8ZbXH0zUB79Fj1TNEYjntWnRmr3OEiZ5XqGgmtrdHjUR4Oj1cgUJS6l_d_EkLUpKsJhycre6NPA","openid":"o7WT5juwUiX0EBahvvBH7mJjZgEA","scope":"snsapi_base"}
[2016-05-04 00:02:08][debug] [4]. Get access token url: https://api.weixin.qq.com/cgi-bin/token?grant_type=client_credential&appid=wxe375e15cc67fa781&secret=228cf37dd081a8de71dd7cd330b080a7
[2016-05-04 00:02:08][debug] [4-1]. Get access token return: {"access_token":"q5HMycDcl0fnFPkh8tAcCqr3tlmMIMpMVsJKgNWosA0KzGfOaBBtpl_624di__eKYgPQgaB6fiJBF3y6XskEinmbKabpmjdSVVtR573ue5gTCOjAHAIRD","expires_in":7200}
[2016-05-04 00:02:08][debug] [3]. Get user info url: https://api.weixin.qq.com/cgi-bin/user/info?access_token=q5HMycDcl0fnFPkh8tAcCqr3tlmMIMpMVsJKgNWosA0KzGfOaBBtpl_624di__eKYgPQgaB6fiJBF3y6XskEinmbKabpmjdSVVtR573ue5gTCOjAHAIRD&openid=o7WT5juwUiX0EBahvvBH7mJjZgEA
[2016-05-04 00:02:08][debug] [3-1]. Get user info return: {"subscribe":1,"openid":"o7WT5juwUiX0EBahvvBH7mJjZgEA","nickname":"普朗克","sex":1,"language":"zh_CN","city":"","province":"约翰内斯堡","country":"南非","headimgurl":"http:\/\/wx.qlogo.cn\/mmopen\/PiajxSqBRaEKfnjXdj1qUBUU46NF0IDwHaMH9fggd5mWpss9OmlsSVXFnib0axWXfpkukUDjbM6wB1sDNL8tlUibA\/0","subscribe_time":1461204517,"remark":"","groupid":0,"tagid_list":[]}
[2016-05-04 19:07:37][debug] [1-1]. openid Code: 001wj90L1XX9D011Yk3L1d6c0L1wj90z
[2016-05-04 19:07:37][debug] [2]. Get openid url: https://api.weixin.qq.com/sns/oauth2/access_token?appid=wxe375e15cc67fa781&secret=228cf37dd081a8de71dd7cd330b080a7&code=001wj90L1XX9D011Yk3L1d6c0L1wj90z&grant_type=authorization_code
[2016-05-04 19:07:38][debug] [2-1]. Get openid return: {"access_token":"OezXcEiiBSKSxW0eoylIeDAchTD-4X2pUqlFFdlgfywcqJcbMnQ0uL8VQIA8lpWZmGjp_1ucN3jK-4ZIoe5jEWF0z5smOcCOUJ8-ObqWnngqeQJmvLBoMBJkcMrsXBHgt5C4zVmS0I7ch8xLXJDMbQ","expires_in":7200,"refresh_token":"OezXcEiiBSKSxW0eoylIeDAchTD-4X2pUqlFFdlgfywcqJcbMnQ0uL8VQIA8lpWZbEgwqYx9--b1zG8Ocmcz5hffU75jtlF75QXJKFynCdJk-2scZ-xqp30K0nxNC344Y_Q7_E7eA737l2uP6cKEDg","openid":"o7WT5jl1BU0PISeU4pTO44Qif7cs","scope":"snsapi_base"}
[2016-05-04 19:07:38][debug] [4]. Get access token url: https://api.weixin.qq.com/cgi-bin/token?grant_type=client_credential&appid=wxe375e15cc67fa781&secret=228cf37dd081a8de71dd7cd330b080a7
[2016-05-04 19:07:38][debug] [4-1]. Get access token return: {"access_token":"_rQhAYhl1mABlchdhezMjdcmu9Y0GsoiQrxud6m9r9r-T13eIHmDxFyyduUa1kfi6fNhEqv0mQxerV5qlxjS2BmuArO_mUZAWgOwgRLoarnDgQ5jKq-Awah0CQ3rc1laRFChACAESP","expires_in":7200}
[2016-05-04 19:07:38][debug] [3]. Get user info url: https://api.weixin.qq.com/cgi-bin/user/info?access_token=_rQhAYhl1mABlchdhezMjdcmu9Y0GsoiQrxud6m9r9r-T13eIHmDxFyyduUa1kfi6fNhEqv0mQxerV5qlxjS2BmuArO_mUZAWgOwgRLoarnDgQ5jKq-Awah0CQ3rc1laRFChACAESP&openid=o7WT5jl1BU0PISeU4pTO44Qif7cs
[2016-05-04 19:07:38][debug] [3-1]. Get user info return: {"subscribe":1,"openid":"o7WT5jl1BU0PISeU4pTO44Qif7cs","nickname":"温暖的标准","sex":1,"language":"zh_CN","city":"苏州","province":"江苏","country":"中国","headimgurl":"http:\/\/wx.qlogo.cn\/mmopen\/Q3auHgzwzM5o7adjPV5TpibOGQzibUquypNibRbRE7XQ2a7QtOKy5Kl728qrxzx9yKougxKE2ViamY1nODfApmQbcw\/0","subscribe_time":1461140237,"remark":"","groupid":0,"tagid_list":[]}
[2016-05-04 19:35:20][debug] [1-1]. openid Code: 031s6QQI0b0NU32oliRI07pSQI0s6QQr
[2016-05-04 19:35:20][debug] [2]. Get openid url: https://api.weixin.qq.com/sns/oauth2/access_token?appid=wxe375e15cc67fa781&secret=228cf37dd081a8de71dd7cd330b080a7&code=031s6QQI0b0NU32oliRI07pSQI0s6QQr&grant_type=authorization_code
[2016-05-04 19:35:21][debug] [2-1]. Get openid return: 
[2016-05-04 19:35:21][debug] [4]. Get access token url: https://api.weixin.qq.com/cgi-bin/token?grant_type=client_credential&appid=wxe375e15cc67fa781&secret=228cf37dd081a8de71dd7cd330b080a7
[2016-05-04 19:35:21][debug] [4-1]. Get access token return: {"access_token":"M9_LQb5R8HhufLzgZs24GUX_pQ1QTIydBKPfdK7gPV_JtUV4gmMFRaIU0aZYUE97ihPaI-LLWwg41ttpgjKZjLt9wV1EHD2lMVZyCRxNu5tQFKvRCTdTQKwdU4j5AOEOHEYcABAYVP","expires_in":7200}
[2016-05-04 19:35:21][debug] [3]. Get user info url: https://api.weixin.qq.com/cgi-bin/user/info?access_token=M9_LQb5R8HhufLzgZs24GUX_pQ1QTIydBKPfdK7gPV_JtUV4gmMFRaIU0aZYUE97ihPaI-LLWwg41ttpgjKZjLt9wV1EHD2lMVZyCRxNu5tQFKvRCTdTQKwdU4j5AOEOHEYcABAYVP&openid=
[2016-05-04 19:35:22][debug] [3-1]. Get user info return: {"errcode":40003,"errmsg":"invalid openid hint: [7gEmBa0729vr18]"}
[2016-05-04 20:03:55][debug] [1]. Get openid url: https://open.weixin.qq.com/connect/oauth2/authorize?appid=wxe375e15cc67fa781&redirect_uri=http%3A%2F%2Fwww.csckl.com%2Fytj%2Fzhuli%2Findex.php&response_type=code&scope=snsapi_base&state=STATE#wechat_redirect
[2016-05-04 20:03:56][debug] [1-1]. openid Code: 011INVHZ1BwgY51NkVHZ1j3VHZ1INVHh
[2016-05-04 20:03:56][debug] [2]. Get openid url: https://api.weixin.qq.com/sns/oauth2/access_token?appid=wxe375e15cc67fa781&secret=228cf37dd081a8de71dd7cd330b080a7&code=011INVHZ1BwgY51NkVHZ1j3VHZ1INVHh&grant_type=authorization_code
[2016-05-04 20:03:58][debug] [2-1]. Get openid return: {"errcode":-1,"errmsg":"system error, hints: [ req_id: M0hO0445ns87 ]"}
[2016-05-04 20:03:58][debug] [4]. Get access token url: https://api.weixin.qq.com/cgi-bin/token?grant_type=client_credential&appid=wxe375e15cc67fa781&secret=228cf37dd081a8de71dd7cd330b080a7
[2016-05-04 20:03:58][debug] [4-1]. Get access token return: {"access_token":"OMldG80b2RI0Fd9AhwnSWp0zM2anU6ln1uQ0XNeDlWGPWEHdWqEfwPet39zWfbS8zvEcuriMbsCu0vMcpHRX8qZeGB88BTi9ilWq0QyVKa7oi0RR0o266nx6wnqaP0VbYDIgAGAGLQ","expires_in":7200}
[2016-05-04 20:03:58][debug] [3]. Get user info url: https://api.weixin.qq.com/cgi-bin/user/info?access_token=OMldG80b2RI0Fd9AhwnSWp0zM2anU6ln1uQ0XNeDlWGPWEHdWqEfwPet39zWfbS8zvEcuriMbsCu0vMcpHRX8qZeGB88BTi9ilWq0QyVKa7oi0RR0o266nx6wnqaP0VbYDIgAGAGLQ&openid=
[2016-05-04 20:03:58][debug] [3-1]. Get user info return: {"errcode":40003,"errmsg":"invalid openid hint: [Y1J_GA0445vr23]"}
[2016-05-04 20:04:01][debug] [1]. Get openid url: https://open.weixin.qq.com/connect/oauth2/authorize?appid=wxe375e15cc67fa781&redirect_uri=http%3A%2F%2Fwww.csckl.com%2Fytj%2Fzhuli%2Findex.php%3Ftarget_openid%3D&response_type=code&scope=snsapi_base&state=STATE#wechat_redirect
[2016-05-04 20:04:01][debug] [1-1]. openid Code: 021JFsW90PoqTK1k7VX90g3vW90JFsW2
[2016-05-04 20:04:01][debug] [2]. Get openid url: https://api.weixin.qq.com/sns/oauth2/access_token?appid=wxe375e15cc67fa781&secret=228cf37dd081a8de71dd7cd330b080a7&code=021JFsW90PoqTK1k7VX90g3vW90JFsW2&grant_type=authorization_code
[2016-05-04 20:04:03][debug] [2-1]. Get openid return: {"errcode":-1,"errmsg":"system error, hints: [ req_id: kF3mTa0450ns25 ]"}
[2016-05-04 20:04:03][debug] [4]. Get access token url: https://api.weixin.qq.com/cgi-bin/token?grant_type=client_credential&appid=wxe375e15cc67fa781&secret=228cf37dd081a8de71dd7cd330b080a7
[2016-05-04 20:04:03][debug] [4-1]. Get access token return: {"access_token":"OMldG80b2RI0Fd9AhwnSWp0zM2anU6ln1uQ0XNeDlWFkSr2ODWcbF6kki4DsWTTLTSEFCadcvYAJ4F2YRO2V8QwWzMw86TY0H889X8i30iF79mLaDvyhf0opULygjMZKRUAgAGAHKQ","expires_in":7200}
[2016-05-04 20:04:03][debug] [3]. Get user info url: https://api.weixin.qq.com/cgi-bin/user/info?access_token=OMldG80b2RI0Fd9AhwnSWp0zM2anU6ln1uQ0XNeDlWFkSr2ODWcbF6kki4DsWTTLTSEFCadcvYAJ4F2YRO2V8QwWzMw86TY0H889X8i30iF79mLaDvyhf0opULygjMZKRUAgAGAHKQ&openid=
[2016-05-04 20:04:03][debug] [3-1]. Get user info return: {"errcode":40003,"errmsg":"invalid openid hint: [84wwbA0450vr20]"}
[2016-05-04 20:04:04][debug] [1]. Get openid url: https://open.weixin.qq.com/connect/oauth2/authorize?appid=wxe375e15cc67fa781&redirect_uri=http%3A%2F%2Fwww.csckl.com%2Fytj%2Fzhuli%2Findex.php%3Ftarget_openid%3D&response_type=code&scope=snsapi_base&state=STATE#wechat_redirect
[2016-05-04 20:04:05][debug] [1-1]. openid Code: 021UuhKL04yx5i2IygKL0Y9jKL0UuhKb
[2016-05-04 20:04:05][debug] [2]. Get openid url: https://api.weixin.qq.com/sns/oauth2/access_token?appid=wxe375e15cc67fa781&secret=228cf37dd081a8de71dd7cd330b080a7&code=021UuhKL04yx5i2IygKL0Y9jKL0UuhKb&grant_type=authorization_code
[2016-05-04 20:04:07][debug] [2-1]. Get openid return: {"errcode":-1,"errmsg":"system error, hints: [ req_id: 80453ns28 ]"}
[2016-05-04 20:04:07][debug] [4]. Get access token url: https://api.weixin.qq.com/cgi-bin/token?grant_type=client_credential&appid=wxe375e15cc67fa781&secret=228cf37dd081a8de71dd7cd330b080a7
[2016-05-04 20:04:07][debug] [4-1]. Get access token return: {"access_token":"OMldG80b2RI0Fd9AhwnSWp0zM2anU6ln1uQ0XNeDlWFgGa83WjyyRKBHYNQvoO_br8AM3XcpA2MgyhAnbnBm21tKA3FY2WvzNz0F3h0nkgFGs0F4PFyJMPYHXC-WCByxQCTgAGATFW","expires_in":7200}
[2016-05-04 20:04:07][debug] [3]. Get user info url: https://api.weixin.qq.com/cgi-bin/user/info?access_token=OMldG80b2RI0Fd9AhwnSWp0zM2anU6ln1uQ0XNeDlWFgGa83WjyyRKBHYNQvoO_br8AM3XcpA2MgyhAnbnBm21tKA3FY2WvzNz0F3h0nkgFGs0F4PFyJMPYHXC-WCByxQCTgAGATFW&openid=
[2016-05-04 20:04:07][debug] [3-1]. Get user info return: {"errcode":40003,"errmsg":"invalid openid hint: [_AaD80454vr20]"}
[2016-05-04 20:04:07][debug] [1-1]. openid Code: 011INVHZ1BwgY51NkVHZ1j3VHZ1INVHh
[2016-05-04 20:04:07][debug] [2]. Get openid url: https://api.weixin.qq.com/sns/oauth2/access_token?appid=wxe375e15cc67fa781&secret=228cf37dd081a8de71dd7cd330b080a7&code=011INVHZ1BwgY51NkVHZ1j3VHZ1INVHh&grant_type=authorization_code
[2016-05-04 20:04:09][debug] [2-1]. Get openid return: {"errcode":-1,"errmsg":"system error, hints: [ req_id: 8xmB5a0456ns57 ]"}
[2016-05-04 20:04:09][debug] [4]. Get access token url: https://api.weixin.qq.com/cgi-bin/token?grant_type=client_credential&appid=wxe375e15cc67fa781&secret=228cf37dd081a8de71dd7cd330b080a7
[2016-05-04 20:04:09][debug] [4-1]. Get access token return: {"access_token":"OMldG80b2RI0Fd9AhwnSWp0zM2anU6ln1uQ0XNeDlWGrAQV7nlTC4rud4xWvuwrZSjO6T8basC40kQVtOLJAiVAHji4qENoS69Qh7XjnYOCA87iyZT6VbhwfeyvPjJDFORRgAGAKNN","expires_in":7200}
[2016-05-04 20:04:09][debug] [3]. Get user info url: https://api.weixin.qq.com/cgi-bin/user/info?access_token=OMldG80b2RI0Fd9AhwnSWp0zM2anU6ln1uQ0XNeDlWGrAQV7nlTC4rud4xWvuwrZSjO6T8basC40kQVtOLJAiVAHji4qENoS69Qh7XjnYOCA87iyZT6VbhwfeyvPjJDFORRgAGAKNN&openid=
[2016-05-04 20:04:09][debug] [3-1]. Get user info return: {"errcode":40003,"errmsg":"invalid openid hint: [2q_QwA0456vr18]"}
[2016-05-04 20:04:10][debug] [1-1]. openid Code: 011INVHZ1BwgY51NkVHZ1j3VHZ1INVHh
[2016-05-04 20:04:10][debug] [2]. Get openid url: https://api.weixin.qq.com/sns/oauth2/access_token?appid=wxe375e15cc67fa781&secret=228cf37dd081a8de71dd7cd330b080a7&code=011INVHZ1BwgY51NkVHZ1j3VHZ1INVHh&grant_type=authorization_code
[2016-05-04 20:04:12][debug] [2-1]. Get openid return: {"errcode":-1,"errmsg":"system error, hints: [ req_id: ZgdXuA0459ns72 ]"}
[2016-05-04 20:04:12][debug] [4]. Get access token url: https://api.weixin.qq.com/cgi-bin/token?grant_type=client_credential&appid=wxe375e15cc67fa781&secret=228cf37dd081a8de71dd7cd330b080a7
[2016-05-04 20:04:13][debug] [4-1]. Get access token return: {"access_token":"OMldG80b2RI0Fd9AhwnSWp0zM2anU6ln1uQ0XNeDlWHovZTSFBZbjPaT5vx59P0AFlymNXCJS-s_c7rOsukzXp9EnPYXVdo2yxPZxEzKldpPXpk_FdAy4rdkj5LfyE1TQCMgAGACOY","expires_in":7200}
[2016-05-04 20:04:13][debug] [3]. Get user info url: https://api.weixin.qq.com/cgi-bin/user/info?access_token=OMldG80b2RI0Fd9AhwnSWp0zM2anU6ln1uQ0XNeDlWHovZTSFBZbjPaT5vx59P0AFlymNXCJS-s_c7rOsukzXp9EnPYXVdo2yxPZxEzKldpPXpk_FdAy4rdkj5LfyE1TQCMgAGACOY&openid=
[2016-05-04 20:04:13][debug] [3-1]. Get user info return: {"errcode":40003,"errmsg":"invalid openid hint: [ji3mGa0460vr21]"}
