[2016-05-08 19:30:09][debug] [1]. Get openid url: https://open.weixin.qq.com/connect/oauth2/authorize?appid=wxe375e15cc67fa781&redirect_uri=http%3A%2F%2Fwww.csckl.com%2Fytj%2Fzhuli%2Findex.php&response_type=code&scope=snsapi_base&state=STATE#wechat_redirect
[2016-05-08 19:30:09][debug] [1-1]. openid Code: 011JSXih1IYNwl05fJgh1PJXih1JSXir
[2016-05-08 19:30:09][debug] [2]. Get openid url: https://api.weixin.qq.com/sns/oauth2/access_token?appid=wxe375e15cc67fa781&secret=228cf37dd081a8de71dd7cd330b080a7&code=011JSXih1IYNwl05fJgh1PJXih1JSXir&grant_type=authorization_code
[2016-05-08 19:30:10][debug] [2-1]. Get openid return: {"access_token":"OezXcEiiBSKSxW0eoylIeDAchTD-4X2pUqlFFdlgfywv02OjMyyw5xk3201QlrUkjahibIkaXirqURXO6XR6I-zfUjmgZKyzzZZqMuNQESVRlTv908wRuT0_js3DovqbZwgV4ls4IhRAvlU6NiDqKQ","expires_in":7200,"refresh_token":"OezXcEiiBSKSxW0eoylIeDAchTD-4X2pUqlFFdlgfywv02OjMyyw5xk3201QlrUkGm55pWG8kIuFT1qsU64E0tnS9-F3eSI48fLN3iGXghkRjxrXmbF6FMRzJx08IfJup6xBxzOe1_rJK6_Q127AjA","openid":"o7WT5jsoCKbdidHPh8-koVVfOQMM","scope":"snsapi_base"}
[2016-05-08 19:30:10][debug] [4]. Get access token url: https://api.weixin.qq.com/cgi-bin/token?grant_type=client_credential&appid=wxe375e15cc67fa781&secret=228cf37dd081a8de71dd7cd330b080a7
[2016-05-08 19:30:10][debug] [4-1]. Get access token return: {"access_token":"L6JklRPWGiQfUZrzX_SyGZsu6g14Ix3SMVmIWmvDD0AZuKSEgoZYwtMqkK_b-Sc5b1CIcGB2OaJNRofO7iuWXrdWRVUwaODN6qUgABViAMgSOSgAAAOKO","expires_in":7200}
[2016-05-08 19:30:10][debug] [3]. Get user info url: https://api.weixin.qq.com/cgi-bin/user/info?access_token=L6JklRPWGiQfUZrzX_SyGZsu6g14Ix3SMVmIWmvDD0AZuKSEgoZYwtMqkK_b-Sc5b1CIcGB2OaJNRofO7iuWXrdWRVUwaODN6qUgABViAMgSOSgAAAOKO&openid=o7WT5jsoCKbdidHPh8-koVVfOQMM
[2016-05-08 19:30:10][debug] [3-1]. Get user info return: {"subscribe":1,"openid":"o7WT5jsoCKbdidHPh8-koVVfOQMM","nickname":"一片冰心","sex":2,"language":"zh_CN","city":"苏州","province":"江苏","country":"中国","headimgurl":"http:\/\/wx.qlogo.cn\/mmopen\/e7cquZfpTniaicAufg4YJPDjkgibZBiaaJm2wbBbebF2ia10YrK5NbicKiaYrY7v1EibZibicoFn8jhezG3ZJNg1wm3XOiaX6wibZ3DZakOic\/0","subscribe_time":1444205920,"remark":"","groupid":0,"tagid_list":[]}
[2016-05-08 19:30:12][debug] [1]. Get openid url: https://open.weixin.qq.com/connect/oauth2/authorize?appid=wxe375e15cc67fa781&redirect_uri=http%3A%2F%2Fwww.csckl.com%2Fytj%2Fzhuli%2Findex.php%3Ftarget_openid%3Do7WT5jsoCKbdidHPh8-koVVfOQMM&response_type=code&scope=snsapi_base&state=STATE#wechat_redirect
[2016-05-08 19:30:12][debug] [1-1]. openid Code: 021Pc9tE1BVNPe0ivYqE1TObtE1Pc9tu
[2016-05-08 19:30:12][debug] [2]. Get openid url: https://api.weixin.qq.com/sns/oauth2/access_token?appid=wxe375e15cc67fa781&secret=228cf37dd081a8de71dd7cd330b080a7&code=021Pc9tE1BVNPe0ivYqE1TObtE1Pc9tu&grant_type=authorization_code
[2016-05-08 19:30:13][debug] [2-1]. Get openid return: {"access_token":"OezXcEiiBSKSxW0eoylIeDAchTD-4X2pUqlFFdlgfywv02OjMyyw5xk3201QlrUk7xUW6JFl9qsMKnjhhqZ4uXNw_RoPXORchcVlkJeZkiNRwat921XoSjJVcxqSd-KTzMJu2vFUQ0blcPsOWdEsEA","expires_in":7200,"refresh_token":"OezXcEiiBSKSxW0eoylIeDAchTD-4X2pUqlFFdlgfywv02OjMyyw5xk3201QlrUko8WaVEr5OvNcQVX91NpmIWGbIBk58bbBSNJnYcqAyEQCvIBNoKEKYwSao28Z8QqvCSUTzaE0LyTlVZAUPaLqAg","openid":"o7WT5jsoCKbdidHPh8-koVVfOQMM","scope":"snsapi_base"}
[2016-05-08 19:30:13][debug] [4]. Get access token url: https://api.weixin.qq.com/cgi-bin/token?grant_type=client_credential&appid=wxe375e15cc67fa781&secret=228cf37dd081a8de71dd7cd330b080a7
[2016-05-08 19:30:13][debug] [4-1]. Get access token return: {"access_token":"L6JklRPWGiQfUZrzX_SyGZsu6g14Ix3SMVmIWmvDD0C_2bOQZ9s3grkmbmMiav5O8ND6F06YwxI7rry3q2hJi3_pxVpwrl5WNauhucijs38AOVgAAAHVC","expires_in":7197}
[2016-05-08 19:30:13][debug] [3]. Get user info url: https://api.weixin.qq.com/cgi-bin/user/info?access_token=L6JklRPWGiQfUZrzX_SyGZsu6g14Ix3SMVmIWmvDD0C_2bOQZ9s3grkmbmMiav5O8ND6F06YwxI7rry3q2hJi3_pxVpwrl5WNauhucijs38AOVgAAAHVC&openid=o7WT5jsoCKbdidHPh8-koVVfOQMM
[2016-05-08 19:30:13][debug] [3-1]. Get user info return: {"subscribe":1,"openid":"o7WT5jsoCKbdidHPh8-koVVfOQMM","nickname":"一片冰心","sex":2,"language":"zh_CN","city":"苏州","province":"江苏","country":"中国","headimgurl":"http:\/\/wx.qlogo.cn\/mmopen\/e7cquZfpTniaicAufg4YJPDjkgibZBiaaJm2wbBbebF2ia10YrK5NbicKiaYrY7v1EibZibicoFn8jhezG3ZJNg1wm3XOiaX6wibZ3DZakOic\/0","subscribe_time":1444205920,"remark":"","groupid":0,"tagid_list":[]}
[2016-05-08 19:30:18][debug] [1]. Get openid url: https://open.weixin.qq.com/connect/oauth2/authorize?appid=wxe375e15cc67fa781&redirect_uri=http%3A%2F%2Fwww.csckl.com%2Fytj%2Fzhuli%2Findex.php%3Ftarget_openid%3Do7WT5jsoCKbdidHPh8-koVVfOQMM&response_type=code&scope=snsapi_base&state=STATE#wechat_redirect
[2016-05-08 19:30:19][debug] [1-1]. openid Code: 001NH3op0Sfmjc1Stfnp02m7op0NH3oP
[2016-05-08 19:30:19][debug] [2]. Get openid url: https://api.weixin.qq.com/sns/oauth2/access_token?appid=wxe375e15cc67fa781&secret=228cf37dd081a8de71dd7cd330b080a7&code=001NH3op0Sfmjc1Stfnp02m7op0NH3oP&grant_type=authorization_code
[2016-05-08 19:30:20][debug] [2-1]. Get openid return: {"access_token":"OezXcEiiBSKSxW0eoylIeDAchTD-4X2pUqlFFdlgfywv02OjMyyw5xk3201QlrUk0K7_HhS-QJH7yc-sGUs13h8zlDP9qPee_scRXyBz4f4b6MZutVSsUmuPk1e6Ay6_KlLLPRanvAvgcYg_kFtQsA","expires_in":7200,"refresh_token":"OezXcEiiBSKSxW0eoylIeDAchTD-4X2pUqlFFdlgfywv02OjMyyw5xk3201QlrUkfLA4bALwAuTWjZG16_9Iwu1axJq6i_ue2A7tQIjjXfQ_Lbg4_S1w6kTZinKLq9nmPdWfrZ27NCD7G_ykhlR2jw","openid":"o7WT5jsoCKbdidHPh8-koVVfOQMM","scope":"snsapi_base"}
[2016-05-08 19:30:20][debug] [4]. Get access token url: https://api.weixin.qq.com/cgi-bin/token?grant_type=client_credential&appid=wxe375e15cc67fa781&secret=228cf37dd081a8de71dd7cd330b080a7
[2016-05-08 19:30:20][debug] [4-1]. Get access token return: {"access_token":"L6JklRPWGiQfUZrzX_SyGZsu6g14Ix3SMVmIWmvDD0Ce098PQAn9tY0SrYr-eOe5gCgqIbhx64akt03czmeFm32uaCdnQOUYJGPQLxMJxJEKHXgAAATQG","expires_in":7200}
[2016-05-08 19:30:20][debug] [3]. Get user info url: https://api.weixin.qq.com/cgi-bin/user/info?access_token=L6JklRPWGiQfUZrzX_SyGZsu6g14Ix3SMVmIWmvDD0Ce098PQAn9tY0SrYr-eOe5gCgqIbhx64akt03czmeFm32uaCdnQOUYJGPQLxMJxJEKHXgAAATQG&openid=o7WT5jsoCKbdidHPh8-koVVfOQMM
[2016-05-08 19:30:20][debug] [3-1]. Get user info return: {"subscribe":1,"openid":"o7WT5jsoCKbdidHPh8-koVVfOQMM","nickname":"一片冰心","sex":2,"language":"zh_CN","city":"苏州","province":"江苏","country":"中国","headimgurl":"http:\/\/wx.qlogo.cn\/mmopen\/e7cquZfpTniaicAufg4YJPDjkgibZBiaaJm2wbBbebF2ia10YrK5NbicKiaYrY7v1EibZibicoFn8jhezG3ZJNg1wm3XOiaX6wibZ3DZakOic\/0","subscribe_time":1444205920,"remark":"","groupid":0,"tagid_list":[]}
[2016-05-08 19:30:39][debug] [1-1]. openid Code: 021Pc9tE1BVNPe0ivYqE1TObtE1Pc9tu
[2016-05-08 19:30:39][debug] [2]. Get openid url: https://api.weixin.qq.com/sns/oauth2/access_token?appid=wxe375e15cc67fa781&secret=228cf37dd081a8de71dd7cd330b080a7&code=021Pc9tE1BVNPe0ivYqE1TObtE1Pc9tu&grant_type=authorization_code
[2016-05-08 19:30:40][debug] [2-1]. Get openid return: {"errcode":40029,"errmsg":"invalid code, hints: [ req_id: sVWEAa0044ns87 ]"}
[2016-05-08 19:30:40][debug] [4]. Get access token url: https://api.weixin.qq.com/cgi-bin/token?grant_type=client_credential&appid=wxe375e15cc67fa781&secret=228cf37dd081a8de71dd7cd330b080a7
[2016-05-08 19:30:40][debug] [4-1]. Get access token return: {"access_token":"xzV_kNeXDqllYtwBQ_zmfpHqcxbXTMVrlFA1InOryqu_b7aeCBqMxAVsvD8WC8JR1_vVCJQG1isoBDCdmqB6nATiT5e0UfhlnLjqosIpSYH7CGPGm554mZBLVAOeIIPkRDFfABALXZ","expires_in":7200}
[2016-05-08 19:30:40][debug] [3]. Get user info url: https://api.weixin.qq.com/cgi-bin/user/info?access_token=xzV_kNeXDqllYtwBQ_zmfpHqcxbXTMVrlFA1InOryqu_b7aeCBqMxAVsvD8WC8JR1_vVCJQG1isoBDCdmqB6nATiT5e0UfhlnLjqosIpSYH7CGPGm554mZBLVAOeIIPkRDFfABALXZ&openid=
[2016-05-08 19:30:40][debug] [3-1]. Get user info return: {"errcode":40003,"errmsg":"invalid openid hint: [c9AE6a0045vr22]"}
[2016-05-08 19:30:40][debug] [1-1]. openid Code: 011JSXih1IYNwl05fJgh1PJXih1JSXir
[2016-05-08 19:30:40][debug] [2]. Get openid url: https://api.weixin.qq.com/sns/oauth2/access_token?appid=wxe375e15cc67fa781&secret=228cf37dd081a8de71dd7cd330b080a7&code=011JSXih1IYNwl05fJgh1PJXih1JSXir&grant_type=authorization_code
[2016-05-08 19:30:41][debug] [2-1]. Get openid return: {"errcode":40029,"errmsg":"invalid code, hints: [ req_id: bqGe_a0046ns81 ]"}
[2016-05-08 19:30:41][debug] [4]. Get access token url: https://api.weixin.qq.com/cgi-bin/token?grant_type=client_credential&appid=wxe375e15cc67fa781&secret=228cf37dd081a8de71dd7cd330b080a7
[2016-05-08 19:30:41][debug] [4-1]. Get access token return: {"access_token":"xzV_kNeXDqllYtwBQ_zmfpHqcxbXTMVrlFA1InOryqsU8kKwBsEN6VJUYh_sl3rhcPy5fs3K5sz2eqyr3L1SI_bqMYVcNx2x5d7vGmgxMo00ZIZv943CEYgGT6uOI4lwMZXfABAQDB","expires_in":7198}
[2016-05-08 19:30:41][debug] [3]. Get user info url: https://api.weixin.qq.com/cgi-bin/user/info?access_token=xzV_kNeXDqllYtwBQ_zmfpHqcxbXTMVrlFA1InOryqsU8kKwBsEN6VJUYh_sl3rhcPy5fs3K5sz2eqyr3L1SI_bqMYVcNx2x5d7vGmgxMo00ZIZv943CEYgGT6uOI4lwMZXfABAQDB&openid=
[2016-05-08 19:30:42][debug] [3-1]. Get user info return: {"errcode":40003,"errmsg":"invalid openid hint: [Iy6IQA0046vr23]"}
[2016-05-08 19:30:42][debug] [1]. Get openid url: https://open.weixin.qq.com/connect/oauth2/authorize?appid=wxe375e15cc67fa781&redirect_uri=http%3A%2F%2Fwww.csckl.com%2Fytj%2Fzhuli%2Findex.php&response_type=code&scope=snsapi_base&state=STATE#wechat_redirect
[2016-05-08 20:41:46][debug] [1]. Get openid url: https://open.weixin.qq.com/connect/oauth2/authorize?appid=wxe375e15cc67fa781&redirect_uri=http%3A%2F%2Fwww.csckl.com%2Fytj%2Fzhuli%2Findex.php&response_type=code&scope=snsapi_base&state=STATE#wechat_redirect
[2016-05-08 20:41:46][debug] [1-1]. openid Code: 03196heq1LUEcu0Inwfq16Hfeq196hej
[2016-05-08 20:41:46][debug] [2]. Get openid url: https://api.weixin.qq.com/sns/oauth2/access_token?appid=wxe375e15cc67fa781&secret=228cf37dd081a8de71dd7cd330b080a7&code=03196heq1LUEcu0Inwfq16Hfeq196hej&grant_type=authorization_code
[2016-05-08 20:41:47][debug] [2-1]. Get openid return: {"access_token":"OezXcEiiBSKSxW0eoylIeDAchTD-4X2pUqlFFdlgfyxOS8rnZEx7LM-hXdTKeFkNAQxv2hIoI8Lpcm-QrYAyJRo5R37YoCxFNYNjrxC0SNFovzLFNh2ceuPLL2KohFpVKFcHcLgcqieDZfShPQ_JKQ","expires_in":7200,"refresh_token":"OezXcEiiBSKSxW0eoylIeDAchTD-4X2pUqlFFdlgfyxOS8rnZEx7LM-hXdTKeFkN-49Kwy0QUr-HSAyV31Ry06KDlPek6_BsBm_upUD8mJ2McYid770oCnARnGFoCOVTPaG3OpUQ47zq8dArFzhS-g","openid":"o7WT5jo6O00WkPdWAsBP0GxKNtw8","scope":"snsapi_base"}
[2016-05-08 20:41:47][debug] [4]. Get access token url: https://api.weixin.qq.com/cgi-bin/token?grant_type=client_credential&appid=wxe375e15cc67fa781&secret=228cf37dd081a8de71dd7cd330b080a7
[2016-05-08 20:41:47][debug] [4-1]. Get access token return: {"access_token":"ixophT78b_v6mLdiE07G9Z6x1l8R5HAxcI8RhUNiS-kcucNCD1kgpty44YLJgPf4OMmt_8cAV3o7lSCkaCU71E1iaQxmVD6_6NQYpGfZPwynMkmhl5SfvfKI5KZggfDYIUHfAHAQCP","expires_in":7200}
[2016-05-08 20:41:47][debug] [3]. Get user info url: https://api.weixin.qq.com/cgi-bin/user/info?access_token=ixophT78b_v6mLdiE07G9Z6x1l8R5HAxcI8RhUNiS-kcucNCD1kgpty44YLJgPf4OMmt_8cAV3o7lSCkaCU71E1iaQxmVD6_6NQYpGfZPwynMkmhl5SfvfKI5KZggfDYIUHfAHAQCP&openid=o7WT5jo6O00WkPdWAsBP0GxKNtw8
[2016-05-08 20:41:48][debug] [3-1]. Get user info return: {"subscribe":1,"openid":"o7WT5jo6O00WkPdWAsBP0GxKNtw8","nickname":"f r e e","sex":1,"language":"zh_CN","city":"苏州","province":"江苏","country":"中国","headimgurl":"","subscribe_time":1396604087,"remark":"","groupid":0,"tagid_list":[]}
[2016-05-08 20:41:49][debug] [1]. Get openid url: https://open.weixin.qq.com/connect/oauth2/authorize?appid=wxe375e15cc67fa781&redirect_uri=http%3A%2F%2Fwww.csckl.com%2Fytj%2Fzhuli%2Findex.php%3Ftarget_openid%3Do7WT5jo6O00WkPdWAsBP0GxKNtw8&response_type=code&scope=snsapi_base&state=STATE#wechat_redirect
[2016-05-08 20:41:50][debug] [1-1]. openid Code: 001qwyle088YWF1lFSle04Dwle0qwylO
[2016-05-08 20:41:50][debug] [2]. Get openid url: https://api.weixin.qq.com/sns/oauth2/access_token?appid=wxe375e15cc67fa781&secret=228cf37dd081a8de71dd7cd330b080a7&code=001qwyle088YWF1lFSle04Dwle0qwylO&grant_type=authorization_code
[2016-05-08 20:41:51][debug] [2-1]. Get openid return: {"access_token":"OezXcEiiBSKSxW0eoylIeDAchTD-4X2pUqlFFdlgfyxOS8rnZEx7LM-hXdTKeFkNzkLQJopviu64HKF9PsBmG0vC_HnPCXjUsiEB_tJN3P19PSnfJTReq0fm_uOIcHv7h_QHMO19B9kOOMElMsb0qA","expires_in":7200,"refresh_token":"OezXcEiiBSKSxW0eoylIeDAchTD-4X2pUqlFFdlgfyxOS8rnZEx7LM-hXdTKeFkN6Y4KjxpE0MwHYAhN14Vk3hUrgXJSNyO-m4ca8flT_QuKSPGzauy4bIt2hDrBNLlmP9HEWQ_JGLcn-lv8AlZiVw","openid":"o7WT5jo6O00WkPdWAsBP0GxKNtw8","scope":"snsapi_base"}
[2016-05-08 20:41:51][debug] [4]. Get access token url: https://api.weixin.qq.com/cgi-bin/token?grant_type=client_credential&appid=wxe375e15cc67fa781&secret=228cf37dd081a8de71dd7cd330b080a7
[2016-05-08 20:41:51][debug] [4-1]. Get access token return: {"access_token":"ixophT78b_v6mLdiE07G9Z6x1l8R5HAxcI8RhUNiS-k6TO82fsqTEv4Iv-Ntgnjh3JLChTRlana31K2zJkz12ZyohsRnjCg9sIJEqFh_3BILltEcNUNPf_SMN2zDqufCAMLfAHASED","expires_in":7196}
[2016-05-08 20:41:51][debug] [3]. Get user info url: https://api.weixin.qq.com/cgi-bin/user/info?access_token=ixophT78b_v6mLdiE07G9Z6x1l8R5HAxcI8RhUNiS-k6TO82fsqTEv4Iv-Ntgnjh3JLChTRlana31K2zJkz12ZyohsRnjCg9sIJEqFh_3BILltEcNUNPf_SMN2zDqufCAMLfAHASED&openid=o7WT5jo6O00WkPdWAsBP0GxKNtw8
[2016-05-08 20:41:52][debug] [3-1]. Get user info return: {"subscribe":1,"openid":"o7WT5jo6O00WkPdWAsBP0GxKNtw8","nickname":"f r e e","sex":1,"language":"zh_CN","city":"苏州","province":"江苏","country":"中国","headimgurl":"","subscribe_time":1396604087,"remark":"","groupid":0,"tagid_list":[]}
[2016-05-08 20:42:03][debug] [1-1]. openid Code: 03196heq1LUEcu0Inwfq16Hfeq196hej
[2016-05-08 20:42:03][debug] [2]. Get openid url: https://api.weixin.qq.com/sns/oauth2/access_token?appid=wxe375e15cc67fa781&secret=228cf37dd081a8de71dd7cd330b080a7&code=03196heq1LUEcu0Inwfq16Hfeq196hej&grant_type=authorization_code
[2016-05-08 20:42:05][debug] [2-1]. Get openid return: {"errcode":40029,"errmsg":"invalid code, hints: [ req_id: zzxcya0329ns87 ]"}
[2016-05-08 20:42:05][debug] [4]. Get access token url: https://api.weixin.qq.com/cgi-bin/token?grant_type=client_credential&appid=wxe375e15cc67fa781&secret=228cf37dd081a8de71dd7cd330b080a7
[2016-05-08 20:42:05][debug] [4-1]. Get access token return: {"access_token":"ixophT78b_v6mLdiE07G9Z6x1l8R5HAxcI8RhUNiS-mCCKLGB4MEaYZ-Sk7i-QAkvJaZJyfmvcC9lMeOebw9_tC6y9uhaRc9N3GqFHsvh_CnU7JOGB-4fa_RfDooKyWORWGfAHADIS","expires_in":7200}
[2016-05-08 20:42:05][debug] [3]. Get user info url: https://api.weixin.qq.com/cgi-bin/user/info?access_token=ixophT78b_v6mLdiE07G9Z6x1l8R5HAxcI8RhUNiS-mCCKLGB4MEaYZ-Sk7i-QAkvJaZJyfmvcC9lMeOebw9_tC6y9uhaRc9N3GqFHsvh_CnU7JOGB-4fa_RfDooKyWORWGfAHADIS&openid=
[2016-05-08 20:42:06][debug] [3-1]. Get user info return: {"errcode":40003,"errmsg":"invalid openid hint: [Zn3lbA0330vr23]"}
[2016-05-08 20:42:06][debug] [1]. Get openid url: https://open.weixin.qq.com/connect/oauth2/authorize?appid=wxe375e15cc67fa781&redirect_uri=http%3A%2F%2Fwww.csckl.com%2Fytj%2Fzhuli%2Findex.php%3Ftarget_openid%3D&response_type=code&scope=snsapi_base&state=STATE#wechat_redirect
