[2016-05-11 07:03:44][debug] [1-1]. openid Code: 031id1b31rI7h122gyb31i65b31id1bz
[2016-05-11 07:03:44][debug] [2]. Get openid url: https://api.weixin.qq.com/sns/oauth2/access_token?appid=wxe375e15cc67fa781&secret=228cf37dd081a8de71dd7cd330b080a7&code=031id1b31rI7h122gyb31i65b31id1bz&grant_type=authorization_code
[2016-05-11 07:03:45][debug] [2-1]. Get openid return: {"access_token":"OezXcEiiBSKSxW0eoylIeDAchTD-4X2pUqlFFdlgfyzBWmGtjRUgA2kJUsBaUwlzoNrSdZPxTw1uJlZ8ml4M6GlOpgZSHd7bChspVgH64LJhhzUolCFgfDFhrlwJSl21Kj3IAVTCLS4xjES4Mh8IgA","expires_in":7200,"refresh_token":"OezXcEiiBSKSxW0eoylIeDAchTD-4X2pUqlFFdlgfyzBWmGtjRUgA2kJUsBaUwlzxTi12uAA0tCJ90aJOPDuwKy0mXvyDcBJYkKteO3T-IL9qQEXwxrR8CyxrLXbiw8WbmOjhzOq9_HaVdD73aGKaA","openid":"o7WT5jkFQh3sZmGS7gl73VYPsZQE","scope":"snsapi_base"}
[2016-05-11 07:03:45][debug] [4]. Get access token url: https://api.weixin.qq.com/cgi-bin/token?grant_type=client_credential&appid=wxe375e15cc67fa781&secret=228cf37dd081a8de71dd7cd330b080a7
[2016-05-11 07:03:46][debug] [4-1]. Get access token return: {"access_token":"1Jc0gIzuysAwdoOI57mRZyml31RMx8UQ5zth-mIBwoPL4tijg5JHFyAW1bdQm-Kbe14_OyDxRDGokI9gxScidorQgb0tyB3WQz8GqsxZhHGDhkdIfhU8xYZiHXiOq-qAANZiAAAUHT","expires_in":7200}
[2016-05-11 07:03:46][debug] [3]. Get user info url: https://api.weixin.qq.com/cgi-bin/user/info?access_token=1Jc0gIzuysAwdoOI57mRZyml31RMx8UQ5zth-mIBwoPL4tijg5JHFyAW1bdQm-Kbe14_OyDxRDGokI9gxScidorQgb0tyB3WQz8GqsxZhHGDhkdIfhU8xYZiHXiOq-qAANZiAAAUHT&openid=o7WT5jkFQh3sZmGS7gl73VYPsZQE
[2016-05-11 07:03:46][debug] [3-1]. Get user info return: {"subscribe":0,"openid":"o7WT5jkFQh3sZmGS7gl73VYPsZQE","tagid_list":[]}
[2016-05-11 19:28:09][debug] [1]. Get openid url: https://open.weixin.qq.com/connect/oauth2/authorize?appid=wxe375e15cc67fa781&redirect_uri=http%3A%2F%2Fwww.csckl.com%2Fytj%2Fzhuli%2Findex.php&response_type=code&scope=snsapi_base&state=STATE#wechat_redirect
[2016-05-11 19:28:10][debug] [1-1]. openid Code: 021mATUs01fvTq183hWs0QCXUs0mATUq
[2016-05-11 19:28:10][debug] [2]. Get openid url: https://api.weixin.qq.com/sns/oauth2/access_token?appid=wxe375e15cc67fa781&secret=228cf37dd081a8de71dd7cd330b080a7&code=021mATUs01fvTq183hWs0QCXUs0mATUq&grant_type=authorization_code
[2016-05-11 19:28:12][debug] [2-1]. Get openid return: {"access_token":"OezXcEiiBSKSxW0eoylIeDAchTD-4X2pUqlFFdlgfyw8P2wW6fGZriS0bHaCVsTn0J7NgqB8BwuvaMPqOVGyCkmEH_QZs8ao1_JOKPIkqPTxgz56isqn27cdRS9pmuxdHXjt0tSJX09DS0wJj00bgg","expires_in":7200,"refresh_token":"OezXcEiiBSKSxW0eoylIeDAchTD-4X2pUqlFFdlgfyw8P2wW6fGZriS0bHaCVsTnZf75mg0pjm4B--Dgak91H9hOkOysGlJmIH-DAMV_TsK9JRTaw2o9aDnxqITsD1zbzXyl_LSwBsrnsAVHYYr50A","openid":"o7WT5jjzx5zYB6a3az62tZWoc9Zs","scope":"snsapi_base"}
[2016-05-11 19:28:12][debug] [4]. Get access token url: https://api.weixin.qq.com/cgi-bin/token?grant_type=client_credential&appid=wxe375e15cc67fa781&secret=228cf37dd081a8de71dd7cd330b080a7
[2016-05-11 19:28:12][debug] [4-1]. Get access token return: {"access_token":"it5vb38KZ48ZvjaNf7BlMnj_AhJ6UHRde7Kkixoo9GMMKqb1U80JiS8nO1-E82i4btiJqDccuEODw9hk1rR3QPYvSOlptuwWl764fpqMxjSzZ7Bqv86hXzD2TeIxJzJhJVZhAFATFJ","expires_in":7200}
[2016-05-11 19:28:12][debug] [3]. Get user info url: https://api.weixin.qq.com/cgi-bin/user/info?access_token=it5vb38KZ48ZvjaNf7BlMnj_AhJ6UHRde7Kkixoo9GMMKqb1U80JiS8nO1-E82i4btiJqDccuEODw9hk1rR3QPYvSOlptuwWl764fpqMxjSzZ7Bqv86hXzD2TeIxJzJhJVZhAFATFJ&openid=o7WT5jjzx5zYB6a3az62tZWoc9Zs
[2016-05-11 19:28:12][debug] [3-1]. Get user info return: {"subscribe":1,"openid":"o7WT5jjzx5zYB6a3az62tZWoc9Zs","nickname":"CONNIE🌹","sex":2,"language":"zh_CN","city":"苏州","province":"江苏","country":"中国","headimgurl":"http:\/\/wx.qlogo.cn\/mmopen\/RlicEEck12bQglHUBHhU9UcbHhCXIsRFEqIlnFxicGep17yVt3eNbBFqkfbPdM2pU9ljqH4VCGNxLgvNIkeBpCUrxPFEFBMXBg\/0","subscribe_time":1409133992,"remark":"","groupid":0,"tagid_list":[]}
[2016-05-11 19:28:12][debug] [1-1]. openid Code: 041ABbI02Rd8S417NsG02rr8I02ABbIF
[2016-05-11 19:28:12][debug] [2]. Get openid url: https://api.weixin.qq.com/sns/oauth2/access_token?appid=wxe375e15cc67fa781&secret=228cf37dd081a8de71dd7cd330b080a7&code=041ABbI02Rd8S417NsG02rr8I02ABbIF&grant_type=authorization_code
[2016-05-11 19:28:13][debug] [2-1]. Get openid return: {"access_token":"OezXcEiiBSKSxW0eoylIeDAchTD-4X2pUqlFFdlgfyw8P2wW6fGZriS0bHaCVsTnm1Gwy2nv4T1qo9r1VL9zbntsZH4FCBx45s68gsUJPvvJYhOBF30RgqZVXnf3ui96a7xhSmwLrYTvkjJxZ2bFbg","expires_in":7200,"refresh_token":"OezXcEiiBSKSxW0eoylIeDAchTD-4X2pUqlFFdlgfyw8P2wW6fGZriS0bHaCVsTnGFeS95RVKrw7ImM6Rh4CPU2RzG2wmpi6A7WDw4SMckztzOHG7EP4pK9SKSMxjD5nViVPemX_Y9-hla2Pl5uKwA","openid":"o7WT5jjzx5zYB6a3az62tZWoc9Zs","scope":"snsapi_base"}
[2016-05-11 19:28:13][debug] [4]. Get access token url: https://api.weixin.qq.com/cgi-bin/token?grant_type=client_credential&appid=wxe375e15cc67fa781&secret=228cf37dd081a8de71dd7cd330b080a7
[2016-05-11 19:28:13][debug] [4-1]. Get access token return: {"access_token":"it5vb38KZ48ZvjaNf7BlMnj_AhJ6UHRde7Kkixoo9GMWaunZJhDE8cy1EfQ68nrX2P-VfM2lpLQkfwiMUzNfhifMcLm4Y35W0Hl27K1TEcXOcLo-z8tucDCDLmEzA3g0TFShAFAZLY","expires_in":7198}
[2016-05-11 19:28:13][debug] [3]. Get user info url: https://api.weixin.qq.com/cgi-bin/user/info?access_token=it5vb38KZ48ZvjaNf7BlMnj_AhJ6UHRde7Kkixoo9GMWaunZJhDE8cy1EfQ68nrX2P-VfM2lpLQkfwiMUzNfhifMcLm4Y35W0Hl27K1TEcXOcLo-z8tucDCDLmEzA3g0TFShAFAZLY&openid=o7WT5jjzx5zYB6a3az62tZWoc9Zs
[2016-05-11 19:28:13][debug] [3-1]. Get user info return: {"subscribe":1,"openid":"o7WT5jjzx5zYB6a3az62tZWoc9Zs","nickname":"CONNIE🌹","sex":2,"language":"zh_CN","city":"苏州","province":"江苏","country":"中国","headimgurl":"http:\/\/wx.qlogo.cn\/mmopen\/RlicEEck12bQglHUBHhU9UcbHhCXIsRFEqIlnFxicGep17yVt3eNbBFqkfbPdM2pU9ljqH4VCGNxLgvNIkeBpCUrxPFEFBMXBg\/0","subscribe_time":1409133992,"remark":"","groupid":0,"tagid_list":[]}
[2016-05-11 19:28:16][debug] [1]. Get openid url: https://open.weixin.qq.com/connect/oauth2/authorize?appid=wxe375e15cc67fa781&redirect_uri=http%3A%2F%2Fwww.csckl.com%2Fytj%2Fzhuli%2Findex.php%3Ftarget_openid%3Do7WT5jjzx5zYB6a3az62tZWoc9Zs&response_type=code&scope=snsapi_base&state=STATE#wechat_redirect
[2016-05-11 19:28:17][debug] [1-1]. openid Code: 031bNTi71zZABW1WIKj71L1Xi71bNTii
[2016-05-11 19:28:17][debug] [2]. Get openid url: https://api.weixin.qq.com/sns/oauth2/access_token?appid=wxe375e15cc67fa781&secret=228cf37dd081a8de71dd7cd330b080a7&code=031bNTi71zZABW1WIKj71L1Xi71bNTii&grant_type=authorization_code
[2016-05-11 19:28:18][debug] [2-1]. Get openid return: {"access_token":"OezXcEiiBSKSxW0eoylIeDAchTD-4X2pUqlFFdlgfyw8P2wW6fGZriS0bHaCVsTn4x_ytRJGRyJ3JSWzJ3Oy4P0H2bRhhjc6_2zmha2c_Gx6I9C8b9mhJMx4YjlrtpKOTWrS2MC7T-iyovV7_5T5AQ","expires_in":7200,"refresh_token":"OezXcEiiBSKSxW0eoylIeDAchTD-4X2pUqlFFdlgfyw8P2wW6fGZriS0bHaCVsTnNacJ6AhmJrP75XF1dliaXZmu3aM2Sn41jS12UJVh_AeXfUCTtrzgLZT0M57G0-fiMJjMMxnoOlYYCOSPy8bQKQ","openid":"o7WT5jjzx5zYB6a3az62tZWoc9Zs","scope":"snsapi_base"}
[2016-05-11 19:28:18][debug] [4]. Get access token url: https://api.weixin.qq.com/cgi-bin/token?grant_type=client_credential&appid=wxe375e15cc67fa781&secret=228cf37dd081a8de71dd7cd330b080a7
[2016-05-11 19:28:18][debug] [4-1]. Get access token return: {"access_token":"it5vb38KZ48ZvjaNf7BlMnj_AhJ6UHRde7Kkixoo9GNOlKzeB01PHRAWygb19XLMIQeYWOUX10fxNcgptYiO_uf-lCXTgnYrCMCx0F3rdAy8bgaY-AjUmSPYgtunhncRTBDhAFACKM","expires_in":7200}
[2016-05-11 19:28:18][debug] [3]. Get user info url: https://api.weixin.qq.com/cgi-bin/user/info?access_token=it5vb38KZ48ZvjaNf7BlMnj_AhJ6UHRde7Kkixoo9GNOlKzeB01PHRAWygb19XLMIQeYWOUX10fxNcgptYiO_uf-lCXTgnYrCMCx0F3rdAy8bgaY-AjUmSPYgtunhncRTBDhAFACKM&openid=o7WT5jjzx5zYB6a3az62tZWoc9Zs
[2016-05-11 19:28:18][debug] [3-1]. Get user info return: {"subscribe":1,"openid":"o7WT5jjzx5zYB6a3az62tZWoc9Zs","nickname":"CONNIE🌹","sex":2,"language":"zh_CN","city":"苏州","province":"江苏","country":"中国","headimgurl":"http:\/\/wx.qlogo.cn\/mmopen\/RlicEEck12bQglHUBHhU9UcbHhCXIsRFEqIlnFxicGep17yVt3eNbBFqkfbPdM2pU9ljqH4VCGNxLgvNIkeBpCUrxPFEFBMXBg\/0","subscribe_time":1409133992,"remark":"","groupid":0,"tagid_list":[]}
