[2016-04-30 05:55:06][debug] [1-1]. openid Code: 011K9hIR16MmFV0GoiGR1fbaIR1K9hII
[2016-04-30 05:55:06][debug] [2]. Get openid url: https://api.weixin.qq.com/sns/oauth2/access_token?appid=wxe375e15cc67fa781&secret=228cf37dd081a8de71dd7cd330b080a7&code=011K9hIR16MmFV0GoiGR1fbaIR1K9hII&grant_type=authorization_code
[2016-04-30 05:55:07][debug] [2-1]. Get openid return: {"access_token":"OezXcEiiBSKSxW0eoylIeDAchTD-4X2pUqlFFdlgfyxW2MStP9G9ystBFRxfbuWd-xU8rr9JT0dZBbGwJlb6qW_UK_6KgcLthbdlXRBwkD0mMUc8qMAVi3Y-tlsA6p8CXRH81T-froicDXuMtPQHdg","expires_in":7200,"refresh_token":"OezXcEiiBSKSxW0eoylIeDAchTD-4X2pUqlFFdlgfyxW2MStP9G9ystBFRxfbuWdSrtKZMBzFKYndwSgb4uaYT_Pwqgi48k_fhLMtCk2x2OXuQ62m_pBndhx8w0-fqoplJ8MbrrrBTUTOhE2Ym9X_Q","openid":"o7WT5joPv_Xnudhe-Bawr68qUSOc","scope":"snsapi_base"}
[2016-04-30 05:55:07][debug] [4]. Get access token url: https://api.weixin.qq.com/cgi-bin/token?grant_type=client_credential&appid=wxe375e15cc67fa781&secret=228cf37dd081a8de71dd7cd330b080a7
[2016-04-30 05:55:07][debug] [4-1]. Get access token return: {"access_token":"nHOhSOV7N-4OYDCf4adCo1QTbpS61NxagebRgFsHmUBW2jjuXjcvq5VsK9OLuSwDQgutMaWqZnb4K6AulGh5r58O5L8sQcg4SqexhjTwzqqap27giPIbll4Bs3TAqKZ_ERQeAAAANM","expires_in":7200}
[2016-04-30 05:55:07][debug] [3]. Get user info url: https://api.weixin.qq.com/cgi-bin/user/info?access_token=nHOhSOV7N-4OYDCf4adCo1QTbpS61NxagebRgFsHmUBW2jjuXjcvq5VsK9OLuSwDQgutMaWqZnb4K6AulGh5r58O5L8sQcg4SqexhjTwzqqap27giPIbll4Bs3TAqKZ_ERQeAAAANM&openid=o7WT5joPv_Xnudhe-Bawr68qUSOc
[2016-04-30 05:55:08][debug] [3-1]. Get user info return: {"subscribe":0,"openid":"o7WT5joPv_Xnudhe-Bawr68qUSOc","tagid_list":[]}
[2016-04-30 12:24:37][debug] [1-1]. openid Code: 041BTIEl08VWrf1tQMEl0C1IEl0BTIEZ
[2016-04-30 12:24:37][debug] [2]. Get openid url: https://api.weixin.qq.com/sns/oauth2/access_token?appid=wxe375e15cc67fa781&secret=228cf37dd081a8de71dd7cd330b080a7&code=041BTIEl08VWrf1tQMEl0C1IEl0BTIEZ&grant_type=authorization_code
[2016-04-30 12:24:38][debug] [2-1]. Get openid return: {"access_token":"OezXcEiiBSKSxW0eoylIeDAchTD-4X2pUqlFFdlgfywtr5GZDHe1S1cQgSltkmE22tR0ejGVEvJAFJK4rv6ldeA1_N6vCKhI7zNGpOD5TY3ePRn29aM9s_D7V-GIUe-Lm0uVy05lzJhElvCfrZJmhg","expires_in":7200,"refresh_token":"OezXcEiiBSKSxW0eoylIeDAchTD-4X2pUqlFFdlgfywtr5GZDHe1S1cQgSltkmE2Cd_3_n5sRRtYRMEtYMxLH4JTXfPxos-6vCfM9Wldi9tMi1VaxO9-Q51FR3RixpLPmUsl-a6ZOPw-XWtX3U3SIw","openid":"o7WT5jsBGJIaXxm24iboNXOKdUqo","scope":"snsapi_base"}
[2016-04-30 12:24:38][debug] [4]. Get access token url: https://api.weixin.qq.com/cgi-bin/token?grant_type=client_credential&appid=wxe375e15cc67fa781&secret=228cf37dd081a8de71dd7cd330b080a7
[2016-04-30 12:24:38][debug] [4-1]. Get access token return: {"access_token":"xCK8SG1bne4pPRlSn1rgYdM82aikhY3gqNI_GJBFX3_XDaWHB60a7eAOKLQ1V0dv-FhVtwnCgJZfbI-2RBDClZIrJnNIb--mFo4qk7-2rTrb1FLZxGGCnRICu0c5QJylQRTbAJAGHJ","expires_in":7200}
[2016-04-30 12:24:38][debug] [3]. Get user info url: https://api.weixin.qq.com/cgi-bin/user/info?access_token=xCK8SG1bne4pPRlSn1rgYdM82aikhY3gqNI_GJBFX3_XDaWHB60a7eAOKLQ1V0dv-FhVtwnCgJZfbI-2RBDClZIrJnNIb--mFo4qk7-2rTrb1FLZxGGCnRICu0c5QJylQRTbAJAGHJ&openid=o7WT5jsBGJIaXxm24iboNXOKdUqo
[2016-04-30 12:24:38][debug] [1]. Get openid url: https://open.weixin.qq.com/connect/oauth2/authorize?appid=wxe375e15cc67fa781&redirect_uri=http%3A%2F%2Fwww.csckl.com%2Fytj%2Fzhuli%2Findex.php%3Ftarget_openid%3Do7WT5jsBGJIaXxm24iboNXOKdUqo&response_type=code&scope=snsapi_base&state=STATE#wechat_redirect
[2016-04-30 12:24:38][debug] [3-1]. Get user info return: {"subscribe":1,"openid":"o7WT5jsBGJIaXxm24iboNXOKdUqo","nickname":"﹌勿把我忽略","sex":2,"language":"zh_CN","city":"苏州","province":"江苏","country":"中国","headimgurl":"http:\/\/wx.qlogo.cn\/mmopen\/icSHVlwl8wyn4aKov1DcsFDXGVFlejzkvGtFicVgKRzNlRS1ibjQv3AQQklGGIZ2AshbicPx16Te5yiaawvyeNeo9HCX2bEgKAwLg\/0","subscribe_time":1384339277,"remark":"","groupid":0,"tagid_list":[]}
[2016-04-30 14:41:32][debug] [1-1]. openid Code: 041cJeDa2JGBhC0ERSFa2HOgDa2cJeDA
[2016-04-30 14:41:32][debug] [2]. Get openid url: https://api.weixin.qq.com/sns/oauth2/access_token?appid=wxe375e15cc67fa781&secret=228cf37dd081a8de71dd7cd330b080a7&code=041cJeDa2JGBhC0ERSFa2HOgDa2cJeDA&grant_type=authorization_code
[2016-04-30 14:41:33][debug] [2-1]. Get openid return: {"access_token":"OezXcEiiBSKSxW0eoylIeDAchTD-4X2pUqlFFdlgfywCeNmJob5p86OwIDEENlD2EeWRDCgjU6jfsb8qvPauulEwUq07KzNaHlFKQHMGsxvttbyIgxniFDJLaVPMeXqm6gcB2-sYxyaNykCep1QpOQ","expires_in":7200,"refresh_token":"OezXcEiiBSKSxW0eoylIeDAchTD-4X2pUqlFFdlgfywCeNmJob5p86OwIDEENlD2Trjzpk3XUXOFhf0RJPnpE-pZWyE9UOOutYK3fxrW3RVZnVVNj2FNgWFAtylRZJ35sibm1LtVLZjJQ26RzOlnEQ","openid":"o7WT5jjmQpaPjuprhWgLUBxkdHJY","scope":"snsapi_base"}
[2016-04-30 14:41:33][debug] [4]. Get access token url: https://api.weixin.qq.com/cgi-bin/token?grant_type=client_credential&appid=wxe375e15cc67fa781&secret=228cf37dd081a8de71dd7cd330b080a7
[2016-04-30 14:41:33][debug] [4-1]. Get access token return: {"access_token":"2InleR1uB2-4rP_yDYvYhwhVUAGA6OJVUQZu6oo53ADsTUh9GLVZ9w554m2HyoSUGYUoU6aodIZAPyDtGu_vsuBqOfUCdcvLZrbE-d1SQmK4bXnNdILXHIWkOc7qYQFtLOEfABADGW","expires_in":7200}
[2016-04-30 14:41:33][debug] [3]. Get user info url: https://api.weixin.qq.com/cgi-bin/user/info?access_token=2InleR1uB2-4rP_yDYvYhwhVUAGA6OJVUQZu6oo53ADsTUh9GLVZ9w554m2HyoSUGYUoU6aodIZAPyDtGu_vsuBqOfUCdcvLZrbE-d1SQmK4bXnNdILXHIWkOc7qYQFtLOEfABADGW&openid=o7WT5jjmQpaPjuprhWgLUBxkdHJY
[2016-04-30 14:41:33][debug] [3-1]. Get user info return: {"subscribe":1,"openid":"o7WT5jjmQpaPjuprhWgLUBxkdHJY","nickname":"雅木","sex":1,"language":"zh_CN","city":"苏州","province":"江苏","country":"中国","headimgurl":"http:\/\/wx.qlogo.cn\/mmopen\/47CicbLQOxtXwWwia2lb7bOxEWkNuZwJ4QauRo4ku6ky8icZCeibl86nRBHia6G1OjNmCicIZV67icjEWZ7rZ69GOJOL7Q0ibo5wRK5h\/0","subscribe_time":1434548150,"remark":"","groupid":0,"tagid_list":[]}
[2016-04-30 20:28:53][debug] [1]. Get openid url: https://open.weixin.qq.com/connect/oauth2/authorize?appid=wxe375e15cc67fa781&redirect_uri=http%3A%2F%2Fwww.csckl.com%2Fytj%2Fzhuli%2Findex.php&response_type=code&scope=snsapi_base&state=STATE#wechat_redirect
[2016-04-30 20:28:53][debug] [1-1]. openid Code: 021HbDDm0fUp9g1SvDDm02DDDm0HbDDj
[2016-04-30 20:28:53][debug] [2]. Get openid url: https://api.weixin.qq.com/sns/oauth2/access_token?appid=wxe375e15cc67fa781&secret=228cf37dd081a8de71dd7cd330b080a7&code=021HbDDm0fUp9g1SvDDm02DDDm0HbDDj&grant_type=authorization_code
[2016-04-30 20:28:54][debug] [2-1]. Get openid return: {"access_token":"OezXcEiiBSKSxW0eoylIeDAchTD-4X2pUqlFFdlgfyx2NT6qd6yBLxjavlQF1q3EqGw-UwTyKskuBwuazJSKBnAsm9mQA9B69MHi8Dv2u0AANvEMPVn77ilXqXWqqQq9MDrSQ7nMqemzzKw6noia4g","expires_in":7200,"refresh_token":"OezXcEiiBSKSxW0eoylIeDAchTD-4X2pUqlFFdlgfyx2NT6qd6yBLxjavlQF1q3Er0WEaji3Vpwz3L2-3CuxZ0-vL-h6f61X-xg4AheWz8p17KaCDR6j03VrUvqXBdeWIB2i7Mr-Jdd-cacfuihVVA","openid":"o7WT5js3ocy1XMnitom4wKMh75OY","scope":"snsapi_base"}
[2016-04-30 20:28:54][debug] [4]. Get access token url: https://api.weixin.qq.com/cgi-bin/token?grant_type=client_credential&appid=wxe375e15cc67fa781&secret=228cf37dd081a8de71dd7cd330b080a7
[2016-04-30 20:28:55][debug] [4-1]. Get access token return: {"access_token":"iAyNUHOBmMIU8bPy1A_ap2GvwXgLmOXWg3CK2JpOGV7Ik0ZBMvA9rHltCWqTzDEegYj9HrzKnxDcWPbONUC4V1Zd7iKtPurTuKrA8Od9GjixyMfq1ALwPP-MERvHGDo1YXNeAGAGFV","expires_in":7200}
[2016-04-30 20:28:55][debug] [3]. Get user info url: https://api.weixin.qq.com/cgi-bin/user/info?access_token=iAyNUHOBmMIU8bPy1A_ap2GvwXgLmOXWg3CK2JpOGV7Ik0ZBMvA9rHltCWqTzDEegYj9HrzKnxDcWPbONUC4V1Zd7iKtPurTuKrA8Od9GjixyMfq1ALwPP-MERvHGDo1YXNeAGAGFV&openid=o7WT5js3ocy1XMnitom4wKMh75OY
[2016-04-30 20:28:55][debug] [3-1]. Get user info return: {"subscribe":1,"openid":"o7WT5js3ocy1XMnitom4wKMh75OY","nickname":"晨曦","sex":2,"language":"zh_CN","city":"苏州","province":"江苏","country":"中国","headimgurl":"http:\/\/wx.qlogo.cn\/mmopen\/icSHVlwl8wyn4aKov1DcsFJ5SVnhl9Zo3Fic9zwwPF1cFegnT3LKtgn6ZKaRic9wH3mICPnUibciaibXxyXI4pXN9ov5WNKibcWmjIu\/0","subscribe_time":1459413694,"remark":"","groupid":0,"tagid_list":[]}
[2016-04-30 20:28:59][debug] [1]. Get openid url: https://open.weixin.qq.com/connect/oauth2/authorize?appid=wxe375e15cc67fa781&redirect_uri=http%3A%2F%2Fwww.csckl.com%2Fytj%2Fzhuli%2Findex.php%3Ftarget_openid%3Do7WT5js3ocy1XMnitom4wKMh75OY&response_type=code&scope=snsapi_base&state=STATE#wechat_redirect
[2016-04-30 20:29:00][debug] [1-1]. openid Code: 011q5TZS0CV2kT1MZB2T0hcOZS0q5TZt
[2016-04-30 20:29:00][debug] [2]. Get openid url: https://api.weixin.qq.com/sns/oauth2/access_token?appid=wxe375e15cc67fa781&secret=228cf37dd081a8de71dd7cd330b080a7&code=011q5TZS0CV2kT1MZB2T0hcOZS0q5TZt&grant_type=authorization_code
[2016-04-30 20:29:01][debug] [2-1]. Get openid return: {"access_token":"OezXcEiiBSKSxW0eoylIeDAchTD-4X2pUqlFFdlgfyx2NT6qd6yBLxjavlQF1q3EA0r9mdrqTUHunFTIgR6vuZHuPrl1JP540gXX9izksqpz_MFRLofOMl3aNebhkhZTJxW2n0r1A7DNzJYmb23Drw","expires_in":7200,"refresh_token":"OezXcEiiBSKSxW0eoylIeDAchTD-4X2pUqlFFdlgfyx2NT6qd6yBLxjavlQF1q3EX-tcOlmJScw4J8-z1l-3oeiT-PoQK3wR17nvvIlWnavfNquwwA8n0Yl4LDlP9pnkKmgQ0VY0sKOhdmY4-7zc5w","openid":"o7WT5js3ocy1XMnitom4wKMh75OY","scope":"snsapi_base"}
[2016-04-30 20:29:01][debug] [4]. Get access token url: https://api.weixin.qq.com/cgi-bin/token?grant_type=client_credential&appid=wxe375e15cc67fa781&secret=228cf37dd081a8de71dd7cd330b080a7
[2016-04-30 20:29:02][debug] [4-1]. Get access token return: {"access_token":"iAyNUHOBmMIU8bPy1A_ap2GvwXgLmOXWg3CK2JpOGV62Vcd794wQdaGYQ5iDRWU-fr-YaUPIkMoHx4_XAYjp-XjIJTsan-IMoOT1lYR5nS1Kb95SKrBD5Ks-YLoWjqvxJJNeAGAOOS","expires_in":7200}
[2016-04-30 20:29:02][debug] [3]. Get user info url: https://api.weixin.qq.com/cgi-bin/user/info?access_token=iAyNUHOBmMIU8bPy1A_ap2GvwXgLmOXWg3CK2JpOGV62Vcd794wQdaGYQ5iDRWU-fr-YaUPIkMoHx4_XAYjp-XjIJTsan-IMoOT1lYR5nS1Kb95SKrBD5Ks-YLoWjqvxJJNeAGAOOS&openid=o7WT5js3ocy1XMnitom4wKMh75OY
[2016-04-30 20:29:02][debug] [3-1]. Get user info return: {"subscribe":1,"openid":"o7WT5js3ocy1XMnitom4wKMh75OY","nickname":"晨曦","sex":2,"language":"zh_CN","city":"苏州","province":"江苏","country":"中国","headimgurl":"http:\/\/wx.qlogo.cn\/mmopen\/icSHVlwl8wyn4aKov1DcsFJ5SVnhl9Zo3Fic9zwwPF1cFegnT3LKtgn6ZKaRic9wH3mICPnUibciaibXxyXI4pXN9ov5WNKibcWmjIu\/0","subscribe_time":1459413694,"remark":"","groupid":0,"tagid_list":[]}
[2016-04-30 20:29:07][debug] [1]. Get openid url: https://open.weixin.qq.com/connect/oauth2/authorize?appid=wxe375e15cc67fa781&redirect_uri=http%3A%2F%2Fwww.csckl.com%2Fytj%2Fzhuli%2Findex.php%3Ftarget_openid%3Do7WT5js3ocy1XMnitom4wKMh75OY&response_type=code&scope=snsapi_base&state=STATE#wechat_redirect
[2016-04-30 20:29:07][debug] [1-1]. openid Code: 021R8HUo1ROUov06t1Uo1yqHUo1R8HUF
[2016-04-30 20:29:07][debug] [2]. Get openid url: https://api.weixin.qq.com/sns/oauth2/access_token?appid=wxe375e15cc67fa781&secret=228cf37dd081a8de71dd7cd330b080a7&code=021R8HUo1ROUov06t1Uo1yqHUo1R8HUF&grant_type=authorization_code
[2016-04-30 20:29:09][debug] [2-1]. Get openid return: {"access_token":"OezXcEiiBSKSxW0eoylIeDAchTD-4X2pUqlFFdlgfyx2NT6qd6yBLxjavlQF1q3EULcSrBLkjKeGOMu2e6Re1JqBbjWzKQiVAF09JvdYUB_pgqNbSciAhbCxxElydc3EW08Fz454r1AXJVqUmf5B_w","expires_in":7200,"refresh_token":"OezXcEiiBSKSxW0eoylIeDAchTD-4X2pUqlFFdlgfyx2NT6qd6yBLxjavlQF1q3EN1SQBTEbla1vJF_Yyb7Z_bs5LI9z4M5jLEBM1gqdqSMfYGY5fJH9GsdDlVRweNjrFFtL49F1EJezU5zlQLRFIQ","openid":"o7WT5js3ocy1XMnitom4wKMh75OY","scope":"snsapi_base"}
[2016-04-30 20:29:09][debug] [4]. Get access token url: https://api.weixin.qq.com/cgi-bin/token?grant_type=client_credential&appid=wxe375e15cc67fa781&secret=228cf37dd081a8de71dd7cd330b080a7
[2016-04-30 20:29:09][debug] [4-1]. Get access token return: {"access_token":"iAyNUHOBmMIU8bPy1A_ap2GvwXgLmOXWg3CK2JpOGV5ORfYIfiNB7ZrlGuo8Gd4rQUZdPbSh0FUSq3_9p3H-f98SuOPAgDqetit079XR2Cw6fENI504b-kgn_PTWv2QpABZeAGAWXV","expires_in":7200}
[2016-04-30 20:29:09][debug] [3]. Get user info url: https://api.weixin.qq.com/cgi-bin/user/info?access_token=iAyNUHOBmMIU8bPy1A_ap2GvwXgLmOXWg3CK2JpOGV5ORfYIfiNB7ZrlGuo8Gd4rQUZdPbSh0FUSq3_9p3H-f98SuOPAgDqetit079XR2Cw6fENI504b-kgn_PTWv2QpABZeAGAWXV&openid=o7WT5js3ocy1XMnitom4wKMh75OY
[2016-04-30 20:29:09][debug] [3-1]. Get user info return: {"subscribe":1,"openid":"o7WT5js3ocy1XMnitom4wKMh75OY","nickname":"晨曦","sex":2,"language":"zh_CN","city":"苏州","province":"江苏","country":"中国","headimgurl":"http:\/\/wx.qlogo.cn\/mmopen\/icSHVlwl8wyn4aKov1DcsFJ5SVnhl9Zo3Fic9zwwPF1cFegnT3LKtgn6ZKaRic9wH3mICPnUibciaibXxyXI4pXN9ov5WNKibcWmjIu\/0","subscribe_time":1459413694,"remark":"","groupid":0,"tagid_list":[]}
[2016-04-30 20:29:09][debug] [1]. Get openid url: https://open.weixin.qq.com/connect/oauth2/authorize?appid=wxe375e15cc67fa781&redirect_uri=http%3A%2F%2Fwww.csckl.com%2Fytj%2Fzhuli%2Findex.php%3Ftarget_openid%3Do7WT5js3ocy1XMnitom4wKMh75OY&response_type=code&scope=snsapi_base&state=STATE#wechat_redirect
[2016-04-30 20:29:09][debug] [1]. Get openid url: https://open.weixin.qq.com/connect/oauth2/authorize?appid=wxe375e15cc67fa781&redirect_uri=http%3A%2F%2Fwww.csckl.com%2Fytj%2Fzhuli%2Findex.php%3Ftarget_openid%3Do7WT5js3ocy1XMnitom4wKMh75OY&response_type=code&scope=snsapi_base&state=STATE#wechat_redirect
[2016-04-30 20:29:09][debug] [1]. Get openid url: https://open.weixin.qq.com/connect/oauth2/authorize?appid=wxe375e15cc67fa781&redirect_uri=http%3A%2F%2Fwww.csckl.com%2Fytj%2Fzhuli%2Findex.php%3Ftarget_openid%3Do7WT5js3ocy1XMnitom4wKMh75OY&response_type=code&scope=snsapi_base&state=STATE#wechat_redirect
[2016-04-30 20:29:10][debug] [1]. Get openid url: https://open.weixin.qq.com/connect/oauth2/authorize?appid=wxe375e15cc67fa781&redirect_uri=http%3A%2F%2Fwww.csckl.com%2Fytj%2Fzhuli%2Findex.php%3Ftarget_openid%3Do7WT5js3ocy1XMnitom4wKMh75OY&response_type=code&scope=snsapi_base&state=STATE#wechat_redirect
[2016-04-30 20:29:10][debug] [1-1]. openid Code: 011y0sBq0cMRZa1b8myq0FjnBq0y0sBS
[2016-04-30 20:29:10][debug] [2]. Get openid url: https://api.weixin.qq.com/sns/oauth2/access_token?appid=wxe375e15cc67fa781&secret=228cf37dd081a8de71dd7cd330b080a7&code=011y0sBq0cMRZa1b8myq0FjnBq0y0sBS&grant_type=authorization_code
[2016-04-30 20:29:11][debug] [2-1]. Get openid return: {"access_token":"OezXcEiiBSKSxW0eoylIeDAchTD-4X2pUqlFFdlgfyx2NT6qd6yBLxjavlQF1q3Eyz9Jk87b-u9MhOYq8OKhWBxqE61fMPEtiNhZUfvS-TnwMRu_39CfNY-psLpfLXQZWEatqIkzR0nmG11MKgzrBg","expires_in":7200,"refresh_token":"OezXcEiiBSKSxW0eoylIeDAchTD-4X2pUqlFFdlgfyx2NT6qd6yBLxjavlQF1q3EXg8hnDR7kj_asc3qvrEq1T8u_T8iE2hVPbKV8vdmflB1wcJ9wAHWFUG50WImPnf8u17gESXF2iDx8I8AS1uxig","openid":"o7WT5js3ocy1XMnitom4wKMh75OY","scope":"snsapi_base"}
[2016-04-30 20:29:11][debug] [4]. Get access token url: https://api.weixin.qq.com/cgi-bin/token?grant_type=client_credential&appid=wxe375e15cc67fa781&secret=228cf37dd081a8de71dd7cd330b080a7
[2016-04-30 20:29:12][debug] [4-1]. Get access token return: {"access_token":"iAyNUHOBmMIU8bPy1A_ap2GvwXgLmOXWg3CK2JpOGV6rapm4AJvii6Bja4Bbfbt-dSahqDl1xkxHvvxUrDukONelLOuhb3wJ_71qS_YobDlibAfZ5oBH7_gznvqCJGE1SPOeAGAYVU","expires_in":7200}
[2016-04-30 20:29:12][debug] [3]. Get user info url: https://api.weixin.qq.com/cgi-bin/user/info?access_token=iAyNUHOBmMIU8bPy1A_ap2GvwXgLmOXWg3CK2JpOGV6rapm4AJvii6Bja4Bbfbt-dSahqDl1xkxHvvxUrDukONelLOuhb3wJ_71qS_YobDlibAfZ5oBH7_gznvqCJGE1SPOeAGAYVU&openid=o7WT5js3ocy1XMnitom4wKMh75OY
[2016-04-30 20:29:12][debug] [3-1]. Get user info return: {"subscribe":1,"openid":"o7WT5js3ocy1XMnitom4wKMh75OY","nickname":"晨曦","sex":2,"language":"zh_CN","city":"苏州","province":"江苏","country":"中国","headimgurl":"http:\/\/wx.qlogo.cn\/mmopen\/icSHVlwl8wyn4aKov1DcsFJ5SVnhl9Zo3Fic9zwwPF1cFegnT3LKtgn6ZKaRic9wH3mICPnUibciaibXxyXI4pXN9ov5WNKibcWmjIu\/0","subscribe_time":1459413694,"remark":"","groupid":0,"tagid_list":[]}
[2016-04-30 20:29:12][debug] [1]. Get openid url: https://open.weixin.qq.com/connect/oauth2/authorize?appid=wxe375e15cc67fa781&redirect_uri=http%3A%2F%2Fwww.csckl.com%2Fytj%2Fzhuli%2Findex.php%3Ftarget_openid%3Do7WT5js3ocy1XMnitom4wKMh75OY&response_type=code&scope=snsapi_base&state=STATE#wechat_redirect
[2016-04-30 20:29:12][debug] [1]. Get openid url: https://open.weixin.qq.com/connect/oauth2/authorize?appid=wxe375e15cc67fa781&redirect_uri=http%3A%2F%2Fwww.csckl.com%2Fytj%2Fzhuli%2Findex.php%3Ftarget_openid%3Do7WT5js3ocy1XMnitom4wKMh75OY&response_type=code&scope=snsapi_base&state=STATE#wechat_redirect
[2016-04-30 20:29:19][debug] [1]. Get openid url: https://open.weixin.qq.com/connect/oauth2/authorize?appid=wxe375e15cc67fa781&redirect_uri=http%3A%2F%2Fwww.csckl.com%2Fytj%2Fzhuli%2Findex.php%3Ftarget_openid%3Do7WT5js3ocy1XMnitom4wKMh75OY&response_type=code&scope=snsapi_base&state=STATE#wechat_redirect
[2016-04-30 20:29:19][debug] [1]. Get openid url: https://open.weixin.qq.com/connect/oauth2/authorize?appid=wxe375e15cc67fa781&redirect_uri=http%3A%2F%2Fwww.csckl.com%2Fytj%2Fzhuli%2Findex.php%3Ftarget_openid%3Do7WT5js3ocy1XMnitom4wKMh75OY&response_type=code&scope=snsapi_base&state=STATE#wechat_redirect
[2016-04-30 20:29:19][debug] [1]. Get openid url: https://open.weixin.qq.com/connect/oauth2/authorize?appid=wxe375e15cc67fa781&redirect_uri=http%3A%2F%2Fwww.csckl.com%2Fytj%2Fzhuli%2Findex.php%3Ftarget_openid%3Do7WT5js3ocy1XMnitom4wKMh75OY&response_type=code&scope=snsapi_base&state=STATE#wechat_redirect
[2016-04-30 20:29:19][debug] [1]. Get openid url: https://open.weixin.qq.com/connect/oauth2/authorize?appid=wxe375e15cc67fa781&redirect_uri=http%3A%2F%2Fwww.csckl.com%2Fytj%2Fzhuli%2Findex.php%3Ftarget_openid%3Do7WT5js3ocy1XMnitom4wKMh75OY&response_type=code&scope=snsapi_base&state=STATE#wechat_redirect
[2016-04-30 20:29:19][debug] [1]. Get openid url: https://open.weixin.qq.com/connect/oauth2/authorize?appid=wxe375e15cc67fa781&redirect_uri=http%3A%2F%2Fwww.csckl.com%2Fytj%2Fzhuli%2Findex.php%3Ftarget_openid%3Do7WT5js3ocy1XMnitom4wKMh75OY&response_type=code&scope=snsapi_base&state=STATE#wechat_redirect
[2016-04-30 20:29:19][debug] [1]. Get openid url: https://open.weixin.qq.com/connect/oauth2/authorize?appid=wxe375e15cc67fa781&redirect_uri=http%3A%2F%2Fwww.csckl.com%2Fytj%2Fzhuli%2Findex.php%3Ftarget_openid%3Do7WT5js3ocy1XMnitom4wKMh75OY&response_type=code&scope=snsapi_base&state=STATE#wechat_redirect
[2016-04-30 20:29:19][debug] [1]. Get openid url: https://open.weixin.qq.com/connect/oauth2/authorize?appid=wxe375e15cc67fa781&redirect_uri=http%3A%2F%2Fwww.csckl.com%2Fytj%2Fzhuli%2Findex.php%3Ftarget_openid%3Do7WT5js3ocy1XMnitom4wKMh75OY&response_type=code&scope=snsapi_base&state=STATE#wechat_redirect
[2016-04-30 20:29:19][debug] [1]. Get openid url: https://open.weixin.qq.com/connect/oauth2/authorize?appid=wxe375e15cc67fa781&redirect_uri=http%3A%2F%2Fwww.csckl.com%2Fytj%2Fzhuli%2Findex.php%3Ftarget_openid%3Do7WT5js3ocy1XMnitom4wKMh75OY&response_type=code&scope=snsapi_base&state=STATE#wechat_redirect
[2016-04-30 20:29:19][debug] [1]. Get openid url: https://open.weixin.qq.com/connect/oauth2/authorize?appid=wxe375e15cc67fa781&redirect_uri=http%3A%2F%2Fwww.csckl.com%2Fytj%2Fzhuli%2Findex.php%3Ftarget_openid%3Do7WT5js3ocy1XMnitom4wKMh75OY&response_type=code&scope=snsapi_base&state=STATE#wechat_redirect
[2016-04-30 20:29:19][debug] [1]. Get openid url: https://open.weixin.qq.com/connect/oauth2/authorize?appid=wxe375e15cc67fa781&redirect_uri=http%3A%2F%2Fwww.csckl.com%2Fytj%2Fzhuli%2Findex.php%3Ftarget_openid%3Do7WT5js3ocy1XMnitom4wKMh75OY&response_type=code&scope=snsapi_base&state=STATE#wechat_redirect
[2016-04-30 20:29:19][debug] [1]. Get openid url: https://open.weixin.qq.com/connect/oauth2/authorize?appid=wxe375e15cc67fa781&redirect_uri=http%3A%2F%2Fwww.csckl.com%2Fytj%2Fzhuli%2Findex.php%3Ftarget_openid%3Do7WT5js3ocy1XMnitom4wKMh75OY&response_type=code&scope=snsapi_base&state=STATE#wechat_redirect
[2016-04-30 20:29:32][debug] [1]. Get openid url: https://open.weixin.qq.com/connect/oauth2/authorize?appid=wxe375e15cc67fa781&redirect_uri=http%3A%2F%2Fwww.csckl.com%2Fytj%2Fzhuli%2Findex.php%3Ftarget_openid%3Do7WT5js3ocy1XMnitom4wKMh75OY&response_type=code&scope=snsapi_base&state=STATE#wechat_redirect
[2016-04-30 20:29:32][debug] [1]. Get openid url: https://open.weixin.qq.com/connect/oauth2/authorize?appid=wxe375e15cc67fa781&redirect_uri=http%3A%2F%2Fwww.csckl.com%2Fytj%2Fzhuli%2Findex.php%3Ftarget_openid%3Do7WT5js3ocy1XMnitom4wKMh75OY&response_type=code&scope=snsapi_base&state=STATE#wechat_redirect
[2016-04-30 20:29:33][debug] [1]. Get openid url: https://open.weixin.qq.com/connect/oauth2/authorize?appid=wxe375e15cc67fa781&redirect_uri=http%3A%2F%2Fwww.csckl.com%2Fytj%2Fzhuli%2Findex.php%3Ftarget_openid%3Do7WT5js3ocy1XMnitom4wKMh75OY&response_type=code&scope=snsapi_base&state=STATE#wechat_redirect
[2016-04-30 20:29:33][debug] [1]. Get openid url: https://open.weixin.qq.com/connect/oauth2/authorize?appid=wxe375e15cc67fa781&redirect_uri=http%3A%2F%2Fwww.csckl.com%2Fytj%2Fzhuli%2Findex.php%3Ftarget_openid%3Do7WT5js3ocy1XMnitom4wKMh75OY&response_type=code&scope=snsapi_base&state=STATE#wechat_redirect
[2016-04-30 20:29:33][debug] [1]. Get openid url: https://open.weixin.qq.com/connect/oauth2/authorize?appid=wxe375e15cc67fa781&redirect_uri=http%3A%2F%2Fwww.csckl.com%2Fytj%2Fzhuli%2Findex.php%3Ftarget_openid%3Do7WT5js3ocy1XMnitom4wKMh75OY&response_type=code&scope=snsapi_base&state=STATE#wechat_redirect
[2016-04-30 20:29:33][debug] [1]. Get openid url: https://open.weixin.qq.com/connect/oauth2/authorize?appid=wxe375e15cc67fa781&redirect_uri=http%3A%2F%2Fwww.csckl.com%2Fytj%2Fzhuli%2Findex.php%3Ftarget_openid%3Do7WT5js3ocy1XMnitom4wKMh75OY&response_type=code&scope=snsapi_base&state=STATE#wechat_redirect
[2016-04-30 20:29:49][debug] [1]. Get openid url: https://open.weixin.qq.com/connect/oauth2/authorize?appid=wxe375e15cc67fa781&redirect_uri=http%3A%2F%2Fwww.csckl.com%2Fytj%2Fzhuli%2Findex.php%3Ftarget_openid%3Do7WT5js3ocy1XMnitom4wKMh75OY&response_type=code&scope=snsapi_base&state=STATE#wechat_redirect
[2016-04-30 20:29:49][debug] [1]. Get openid url: https://open.weixin.qq.com/connect/oauth2/authorize?appid=wxe375e15cc67fa781&redirect_uri=http%3A%2F%2Fwww.csckl.com%2Fytj%2Fzhuli%2Findex.php%3Ftarget_openid%3Do7WT5js3ocy1XMnitom4wKMh75OY&response_type=code&scope=snsapi_base&state=STATE#wechat_redirect
[2016-04-30 20:29:49][debug] [1]. Get openid url: https://open.weixin.qq.com/connect/oauth2/authorize?appid=wxe375e15cc67fa781&redirect_uri=http%3A%2F%2Fwww.csckl.com%2Fytj%2Fzhuli%2Findex.php%3Ftarget_openid%3Do7WT5js3ocy1XMnitom4wKMh75OY&response_type=code&scope=snsapi_base&state=STATE#wechat_redirect
[2016-04-30 20:29:49][debug] [1-1]. openid Code: 031e9h4a0wZtYK1kXB4a09Ug4a0e9h4T
[2016-04-30 20:29:49][debug] [2]. Get openid url: https://api.weixin.qq.com/sns/oauth2/access_token?appid=wxe375e15cc67fa781&secret=228cf37dd081a8de71dd7cd330b080a7&code=031e9h4a0wZtYK1kXB4a09Ug4a0e9h4T&grant_type=authorization_code
[2016-04-30 20:29:50][debug] [2-1]. Get openid return: {"access_token":"OezXcEiiBSKSxW0eoylIeDAchTD-4X2pUqlFFdlgfyx2NT6qd6yBLxjavlQF1q3EIyCweCbynYpr1X5xC0tQXT1UbMpFBWKs3c39nOL1omR5SPUESpbsKuEGIQHTFhawgfmiGPQKI-gBF557T5CF2g","expires_in":7200,"refresh_token":"OezXcEiiBSKSxW0eoylIeDAchTD-4X2pUqlFFdlgfyx2NT6qd6yBLxjavlQF1q3EJvK28crLWLXv384OfjVvI5h3nl5YDpf1tk7JIh5Eu0X3mrVykb1hykDCEPfqPPvxDNRsky1Lw_tmbE2cuqYB_w","openid":"o7WT5js3ocy1XMnitom4wKMh75OY","scope":"snsapi_base"}
[2016-04-30 20:29:50][debug] [4]. Get access token url: https://api.weixin.qq.com/cgi-bin/token?grant_type=client_credential&appid=wxe375e15cc67fa781&secret=228cf37dd081a8de71dd7cd330b080a7
[2016-04-30 20:29:50][debug] [4-1]. Get access token return: {"access_token":"OMldG80b2RI0Fd9AhwnSWjR1JFRbxrnzzIQG4DMSwc4BN1L8czO1iwjYlovhqebPB4CRgbA-COShwq01Fe48IK7-aotcv3QT-qyZSM5gImVBVdO5BROhek4hElcURcs4DMCiABAQZP","expires_in":7200}
[2016-04-30 20:29:50][debug] [3]. Get user info url: https://api.weixin.qq.com/cgi-bin/user/info?access_token=OMldG80b2RI0Fd9AhwnSWjR1JFRbxrnzzIQG4DMSwc4BN1L8czO1iwjYlovhqebPB4CRgbA-COShwq01Fe48IK7-aotcv3QT-qyZSM5gImVBVdO5BROhek4hElcURcs4DMCiABAQZP&openid=o7WT5js3ocy1XMnitom4wKMh75OY
[2016-04-30 20:29:51][debug] [3-1]. Get user info return: {"subscribe":1,"openid":"o7WT5js3ocy1XMnitom4wKMh75OY","nickname":"晨曦","sex":2,"language":"zh_CN","city":"苏州","province":"江苏","country":"中国","headimgurl":"http:\/\/wx.qlogo.cn\/mmopen\/icSHVlwl8wyn4aKov1DcsFJ5SVnhl9Zo3Fic9zwwPF1cFegnT3LKtgn6ZKaRic9wH3mICPnUibciaibXxyXI4pXN9ov5WNKibcWmjIu\/0","subscribe_time":1459413694,"remark":"","groupid":0,"tagid_list":[]}
[2016-04-30 20:30:08][debug] [1]. Get openid url: https://open.weixin.qq.com/connect/oauth2/authorize?appid=wxe375e15cc67fa781&redirect_uri=http%3A%2F%2Fwww.csckl.com%2Fytj%2Fzhuli%2Findex.php%3Ftarget_openid%3Do7WT5js3ocy1XMnitom4wKMh75OY&response_type=code&scope=snsapi_base&state=STATE#wechat_redirect
[2016-04-30 20:30:09][debug] [1]. Get openid url: https://open.weixin.qq.com/connect/oauth2/authorize?appid=wxe375e15cc67fa781&redirect_uri=http%3A%2F%2Fwww.csckl.com%2Fytj%2Fzhuli%2Findex.php%3Ftarget_openid%3Do7WT5js3ocy1XMnitom4wKMh75OY&response_type=code&scope=snsapi_base&state=STATE#wechat_redirect
[2016-04-30 20:30:09][debug] [1-1]. openid Code: 031QjACZ17iGR51KTBEZ1QwACZ1QjACO
[2016-04-30 20:30:09][debug] [2]. Get openid url: https://api.weixin.qq.com/sns/oauth2/access_token?appid=wxe375e15cc67fa781&secret=228cf37dd081a8de71dd7cd330b080a7&code=031QjACZ17iGR51KTBEZ1QwACZ1QjACO&grant_type=authorization_code
[2016-04-30 20:30:10][debug] [2-1]. Get openid return: {"access_token":"OezXcEiiBSKSxW0eoylIeDAchTD-4X2pUqlFFdlgfyx2NT6qd6yBLxjavlQF1q3EUBd90BX6Ef-RNLYP34u_gyk4fpFvR-cCMT3iBrwRePflZyDZUeB8AtY6qINXHFaOlpi7dy8dd7rZVLWi6zx73Q","expires_in":7200,"refresh_token":"OezXcEiiBSKSxW0eoylIeDAchTD-4X2pUqlFFdlgfyx2NT6qd6yBLxjavlQF1q3Ef0df6x5iU9FcyYgd0aukvrptpNSysECmu-cICfcLOtt21gI3CAt6xSVvLnr9goKpXQO88cv9kBxLIjA370lWmg","openid":"o7WT5js3ocy1XMnitom4wKMh75OY","scope":"snsapi_base"}
[2016-04-30 20:30:10][debug] [4]. Get access token url: https://api.weixin.qq.com/cgi-bin/token?grant_type=client_credential&appid=wxe375e15cc67fa781&secret=228cf37dd081a8de71dd7cd330b080a7
[2016-04-30 20:30:10][debug] [4-1]. Get access token return: {"access_token":"DP5E0M-0xlmYoL_2CvOM06UteoQp3D-xZVUyDt7aW6DlbNLb4s4hl2kJ79u3B6SenxiWVeOJFvLMYl3dReEmGMPSrMwRRnyj-50YDlTaZjsK2nbEufKz-K_VkLJbgkh7RQCfAFABAM","expires_in":7200}
[2016-04-30 20:30:10][debug] [3]. Get user info url: https://api.weixin.qq.com/cgi-bin/user/info?access_token=DP5E0M-0xlmYoL_2CvOM06UteoQp3D-xZVUyDt7aW6DlbNLb4s4hl2kJ79u3B6SenxiWVeOJFvLMYl3dReEmGMPSrMwRRnyj-50YDlTaZjsK2nbEufKz-K_VkLJbgkh7RQCfAFABAM&openid=o7WT5js3ocy1XMnitom4wKMh75OY
[2016-04-30 20:30:10][debug] [3-1]. Get user info return: {"subscribe":1,"openid":"o7WT5js3ocy1XMnitom4wKMh75OY","nickname":"晨曦","sex":2,"language":"zh_CN","city":"苏州","province":"江苏","country":"中国","headimgurl":"http:\/\/wx.qlogo.cn\/mmopen\/icSHVlwl8wyn4aKov1DcsFJ5SVnhl9Zo3Fic9zwwPF1cFegnT3LKtgn6ZKaRic9wH3mICPnUibciaibXxyXI4pXN9ov5WNKibcWmjIu\/0","subscribe_time":1459413694,"remark":"","groupid":0,"tagid_list":[]}
[2016-04-30 20:30:11][debug] [1]. Get openid url: https://open.weixin.qq.com/connect/oauth2/authorize?appid=wxe375e15cc67fa781&redirect_uri=http%3A%2F%2Fwww.csckl.com%2Fytj%2Fzhuli%2Findex.php%3Ftarget_openid%3Do7WT5js3ocy1XMnitom4wKMh75OY&response_type=code&scope=snsapi_base&state=STATE#wechat_redirect
[2016-04-30 20:30:11][debug] [1]. Get openid url: https://open.weixin.qq.com/connect/oauth2/authorize?appid=wxe375e15cc67fa781&redirect_uri=http%3A%2F%2Fwww.csckl.com%2Fytj%2Fzhuli%2Findex.php%3Ftarget_openid%3Do7WT5js3ocy1XMnitom4wKMh75OY&response_type=code&scope=snsapi_base&state=STATE#wechat_redirect
[2016-04-30 20:30:11][debug] [1]. Get openid url: https://open.weixin.qq.com/connect/oauth2/authorize?appid=wxe375e15cc67fa781&redirect_uri=http%3A%2F%2Fwww.csckl.com%2Fytj%2Fzhuli%2Findex.php%3Ftarget_openid%3Do7WT5js3ocy1XMnitom4wKMh75OY&response_type=code&scope=snsapi_base&state=STATE#wechat_redirect
[2016-04-30 20:30:11][debug] [1]. Get openid url: https://open.weixin.qq.com/connect/oauth2/authorize?appid=wxe375e15cc67fa781&redirect_uri=http%3A%2F%2Fwww.csckl.com%2Fytj%2Fzhuli%2Findex.php%3Ftarget_openid%3Do7WT5js3ocy1XMnitom4wKMh75OY&response_type=code&scope=snsapi_base&state=STATE#wechat_redirect
[2016-04-30 20:30:11][debug] [1-1]. openid Code: 041DQ1702Blok41cwE602ZO2702DQ17s
[2016-04-30 20:30:11][debug] [2]. Get openid url: https://api.weixin.qq.com/sns/oauth2/access_token?appid=wxe375e15cc67fa781&secret=228cf37dd081a8de71dd7cd330b080a7&code=041DQ1702Blok41cwE602ZO2702DQ17s&grant_type=authorization_code
[2016-04-30 20:30:12][debug] [2-1]. Get openid return: {"access_token":"OezXcEiiBSKSxW0eoylIeDAchTD-4X2pUqlFFdlgfyx2NT6qd6yBLxjavlQF1q3E7DVW2HGVM3iRcN-vkGESTmvj73UmFCuDCqZWeOCsarKPXd4GR_5os5h1GgKRiRul8IUs6iSa2s9Xrhnx7JIiKA","expires_in":7200,"refresh_token":"OezXcEiiBSKSxW0eoylIeDAchTD-4X2pUqlFFdlgfyx2NT6qd6yBLxjavlQF1q3ED33kCtG46_9PmaKcxR692v3DZadiNONp6WFH8LJdGwVr-mMp5iirwyxbTK2R9ymTbgtrD7mV8d2AVvATvuZBAA","openid":"o7WT5js3ocy1XMnitom4wKMh75OY","scope":"snsapi_base"}
[2016-04-30 20:30:12][debug] [4]. Get access token url: https://api.weixin.qq.com/cgi-bin/token?grant_type=client_credential&appid=wxe375e15cc67fa781&secret=228cf37dd081a8de71dd7cd330b080a7
[2016-04-30 20:30:12][debug] [4-1]. Get access token return: {"access_token":"DP5E0M-0xlmYoL_2CvOM06UteoQp3D-xZVUyDt7aW6Dxagzh_hkHG-BSQbW7Nsae5paj7KynkgfFUFSxS2k-K90r9S_oZC5rX1HKCtCVWl1BUpJu1TJjEpo-V_bXCuulXWCfAFAFEK","expires_in":7198}
[2016-04-30 20:30:12][debug] [3]. Get user info url: https://api.weixin.qq.com/cgi-bin/user/info?access_token=DP5E0M-0xlmYoL_2CvOM06UteoQp3D-xZVUyDt7aW6Dxagzh_hkHG-BSQbW7Nsae5paj7KynkgfFUFSxS2k-K90r9S_oZC5rX1HKCtCVWl1BUpJu1TJjEpo-V_bXCuulXWCfAFAFEK&openid=o7WT5js3ocy1XMnitom4wKMh75OY
[2016-04-30 20:30:13][debug] [3-1]. Get user info return: {"subscribe":1,"openid":"o7WT5js3ocy1XMnitom4wKMh75OY","nickname":"晨曦","sex":2,"language":"zh_CN","city":"苏州","province":"江苏","country":"中国","headimgurl":"http:\/\/wx.qlogo.cn\/mmopen\/icSHVlwl8wyn4aKov1DcsFJ5SVnhl9Zo3Fic9zwwPF1cFegnT3LKtgn6ZKaRic9wH3mICPnUibciaibXxyXI4pXN9ov5WNKibcWmjIu\/0","subscribe_time":1459413694,"remark":"","groupid":0,"tagid_list":[]}
[2016-04-30 20:30:14][debug] [1-1]. openid Code: 031e9h4a0wZtYK1kXB4a09Ug4a0e9h4T
[2016-04-30 20:30:14][debug] [2]. Get openid url: https://api.weixin.qq.com/sns/oauth2/access_token?appid=wxe375e15cc67fa781&secret=228cf37dd081a8de71dd7cd330b080a7&code=031e9h4a0wZtYK1kXB4a09Ug4a0e9h4T&grant_type=authorization_code
[2016-04-30 20:30:15][debug] [2-1]. Get openid return: {"errcode":40029,"errmsg":"invalid code, hints: [ req_id: f4hHGA0412ns84 ]"}
[2016-04-30 20:30:15][debug] [4]. Get access token url: https://api.weixin.qq.com/cgi-bin/token?grant_type=client_credential&appid=wxe375e15cc67fa781&secret=228cf37dd081a8de71dd7cd330b080a7
[2016-04-30 20:30:16][debug] [4-1]. Get access token return: {"access_token":"DP5E0M-0xlmYoL_2CvOM06UteoQp3D-xZVUyDt7aW6AeHrMFLkMdQtFXlsDdbVWpO378vt5T2wxrDueabx3Q8jGmJbbeniD8vrglegR2KLkp-8JP8ThfnNZJougoVthDMYMfAFAXJX","expires_in":7200}
[2016-04-30 20:30:16][debug] [3]. Get user info url: https://api.weixin.qq.com/cgi-bin/user/info?access_token=DP5E0M-0xlmYoL_2CvOM06UteoQp3D-xZVUyDt7aW6AeHrMFLkMdQtFXlsDdbVWpO378vt5T2wxrDueabx3Q8jGmJbbeniD8vrglegR2KLkp-8JP8ThfnNZJougoVthDMYMfAFAXJX&openid=
[2016-04-30 20:30:16][debug] [3-1]. Get user info return: {"errcode":40003,"errmsg":"invalid openid hint: [XiJFPA0412vr20]"}
[2016-04-30 20:30:19][debug] [1-1]. openid Code: 011q5TZS0CV2kT1MZB2T0hcOZS0q5TZt
[2016-04-30 20:30:19][debug] [2]. Get openid url: https://api.weixin.qq.com/sns/oauth2/access_token?appid=wxe375e15cc67fa781&secret=228cf37dd081a8de71dd7cd330b080a7&code=011q5TZS0CV2kT1MZB2T0hcOZS0q5TZt&grant_type=authorization_code
[2016-04-30 20:30:21][debug] [2-1]. Get openid return: {"errcode":40029,"errmsg":"invalid code, hints: [ req_id: NcEdrA0418ns49 ]"}
[2016-04-30 20:30:21][debug] [4]. Get access token url: https://api.weixin.qq.com/cgi-bin/token?grant_type=client_credential&appid=wxe375e15cc67fa781&secret=228cf37dd081a8de71dd7cd330b080a7
[2016-04-30 20:30:21][debug] [4-1]. Get access token return: {"access_token":"DP5E0M-0xlmYoL_2CvOM06UteoQp3D-xZVUyDt7aW6AZSDNQCLuVxuyGoAu8p_lSNwuGOnnOplFNlGNd5gfc4EgzlcP4xiZD6lcQtPRendmabtRDaj7nO08sP8Qey7DQHZTfAFAVNH","expires_in":7200}
[2016-04-30 20:30:21][debug] [3]. Get user info url: https://api.weixin.qq.com/cgi-bin/user/info?access_token=DP5E0M-0xlmYoL_2CvOM06UteoQp3D-xZVUyDt7aW6AZSDNQCLuVxuyGoAu8p_lSNwuGOnnOplFNlGNd5gfc4EgzlcP4xiZD6lcQtPRendmabtRDaj7nO08sP8Qey7DQHZTfAFAVNH&openid=
[2016-04-30 20:30:21][debug] [3-1]. Get user info return: {"errcode":40003,"errmsg":"invalid openid hint: [fhuWoa0418vr21]"}
[2016-04-30 20:30:29][debug] [1-1]. openid Code: 021HbDDm0fUp9g1SvDDm02DDDm0HbDDj
[2016-04-30 20:30:29][debug] [2]. Get openid url: https://api.weixin.qq.com/sns/oauth2/access_token?appid=wxe375e15cc67fa781&secret=228cf37dd081a8de71dd7cd330b080a7&code=021HbDDm0fUp9g1SvDDm02DDDm0HbDDj&grant_type=authorization_code
[2016-04-30 20:30:30][debug] [2-1]. Get openid return: {"errcode":40029,"errmsg":"invalid code, hints: [ req_id: QD3.JA0427ns81 ]"}
[2016-04-30 20:30:30][debug] [4]. Get access token url: https://api.weixin.qq.com/cgi-bin/token?grant_type=client_credential&appid=wxe375e15cc67fa781&secret=228cf37dd081a8de71dd7cd330b080a7
[2016-04-30 20:30:30][debug] [4-1]. Get access token return: {"access_token":"Azfcbh_CYwiByNSgJJ9AS4Ch5LoVNrkMU8Mvvrw5c2F-tBPg_HOskuYFrxmpcZZlMlRH0YFd6X7rPWPkijNk1-Q41CwpjHkX4zdVicIYvi5dpL2Xc3KoY5s3GnJdelqJZAKaAIAQRB","expires_in":7200}
[2016-04-30 20:30:30][debug] [3]. Get user info url: https://api.weixin.qq.com/cgi-bin/user/info?access_token=Azfcbh_CYwiByNSgJJ9AS4Ch5LoVNrkMU8Mvvrw5c2F-tBPg_HOskuYFrxmpcZZlMlRH0YFd6X7rPWPkijNk1-Q41CwpjHkX4zdVicIYvi5dpL2Xc3KoY5s3GnJdelqJZAKaAIAQRB&openid=
[2016-04-30 20:30:31][debug] [3-1]. Get user info return: {"errcode":40003,"errmsg":"invalid openid hint: [A7KirA0427vr19]"}
