[2016-05-12 01:12:56][debug] [1-1]. openid Code: 041o7ouo1qf3tu0jihuo18lmuo1o7ouw
[2016-05-12 01:12:56][debug] [2]. Get openid url: https://api.weixin.qq.com/sns/oauth2/access_token?appid=wxe375e15cc67fa781&secret=228cf37dd081a8de71dd7cd330b080a7&code=041o7ouo1qf3tu0jihuo18lmuo1o7ouw&grant_type=authorization_code
[2016-05-12 01:12:57][debug] [2-1]. Get openid return: {"errcode":40029,"errmsg":"invalid code, hints: [ req_id: 8fqLBA0780ns82 ]"}
[2016-05-12 01:12:57][debug] [4]. Get access token url: https://api.weixin.qq.com/cgi-bin/token?grant_type=client_credential&appid=wxe375e15cc67fa781&secret=228cf37dd081a8de71dd7cd330b080a7
[2016-05-12 01:12:57][debug] [4-1]. Get access token return: {"access_token":"anW2vzLMUZiRk_doTS09UEmd0BcHJgbb4Pi9u-qS21Dmn1DwlJD4gaZwUjmDsCjOAV7gyR6oFxYFJldVACLhWjNqRoaSx1tgfryp5Skd9H5htVws2GNvWVNZ_aRDvdqbXRTbAGANHJ","expires_in":7200}
[2016-05-12 01:12:57][debug] [3]. Get user info url: https://api.weixin.qq.com/cgi-bin/user/info?access_token=anW2vzLMUZiRk_doTS09UEmd0BcHJgbb4Pi9u-qS21Dmn1DwlJD4gaZwUjmDsCjOAV7gyR6oFxYFJldVACLhWjNqRoaSx1tgfryp5Skd9H5htVws2GNvWVNZ_aRDvdqbXRTbAGANHJ&openid=
[2016-05-12 01:12:57][debug] [3-1]. Get user info return: {"errcode":40003,"errmsg":"invalid openid hint: [B80780vr20]"}
[2016-05-12 09:58:59][debug] [1]. Get openid url: https://open.weixin.qq.com/connect/oauth2/authorize?appid=wxe375e15cc67fa781&redirect_uri=http%3A%2F%2Fwww.csckl.com%2Fytj%2Fzhuli%2Findex.php&response_type=code&scope=snsapi_base&state=STATE#wechat_redirect
[2016-05-12 09:59:01][debug] [1]. Get openid url: https://open.weixin.qq.com/connect/oauth2/authorize?appid=wxe375e15cc67fa781&redirect_uri=http%3A%2F%2Fwww.csckl.com%2Fytj%2Fzhuli%2Findex.php&response_type=code&scope=snsapi_base&state=STATE#wechat_redirect
[2016-05-12 09:59:02][debug] [1-1]. openid Code: 031Bm4eV1tqiC81riBhV1HoXdV1Bm4eg
[2016-05-12 09:59:02][debug] [2]. Get openid url: https://api.weixin.qq.com/sns/oauth2/access_token?appid=wxe375e15cc67fa781&secret=228cf37dd081a8de71dd7cd330b080a7&code=031Bm4eV1tqiC81riBhV1HoXdV1Bm4eg&grant_type=authorization_code
[2016-05-12 09:59:03][debug] [2-1]. Get openid return: {"access_token":"OezXcEiiBSKSxW0eoylIeDAchTD-4X2pUqlFFdlgfywJrSdF67ke7ZkeuCzHkCKTE8KX-kcDB-yHk5-RHKC19ZOrEDuoCqzHws24DU3AhXjbFgDCRJUqNSIz8navSC95Ub_-50F1BqtMEiOpZ4zH8Q","expires_in":7200,"refresh_token":"OezXcEiiBSKSxW0eoylIeDAchTD-4X2pUqlFFdlgfywJrSdF67ke7ZkeuCzHkCKTsMGxo3oxTYkmdE30SJhKiw0MULZULtEfFBLPCQgai29fIq52iVf8aC2eCP-ls3mWOPeMJdPhakCixcY5I5PB4A","openid":"o7WT5jkaBk8wgzBpzb9Ndl7ARc1Y","scope":"snsapi_base"}
[2016-05-12 09:59:03][debug] [4]. Get access token url: https://api.weixin.qq.com/cgi-bin/token?grant_type=client_credential&appid=wxe375e15cc67fa781&secret=228cf37dd081a8de71dd7cd330b080a7
[2016-05-12 09:59:03][debug] [4-1]. Get access token return: {"access_token":"cPant-YCUymzRiSY5YCCRN6gvEjS7XGQ5bixcl9tGv44fGT_Z8pB-y2UHP4MssguyTWYZgSNUqYUSebi3CLslgPjQOdIfVVJWdrJLxCQKyBqZEnaVT4vBFvMuUqgNfDACXUgAEAVQN","expires_in":7200}
[2016-05-12 09:59:03][debug] [3]. Get user info url: https://api.weixin.qq.com/cgi-bin/user/info?access_token=cPant-YCUymzRiSY5YCCRN6gvEjS7XGQ5bixcl9tGv44fGT_Z8pB-y2UHP4MssguyTWYZgSNUqYUSebi3CLslgPjQOdIfVVJWdrJLxCQKyBqZEnaVT4vBFvMuUqgNfDACXUgAEAVQN&openid=o7WT5jkaBk8wgzBpzb9Ndl7ARc1Y
[2016-05-12 09:59:03][debug] [3-1]. Get user info return: {"subscribe":1,"openid":"o7WT5jkaBk8wgzBpzb9Ndl7ARc1Y","nickname":"陈阳","sex":2,"language":"zh_CN","city":"郑州","province":"河南","country":"中国","headimgurl":"http:\/\/wx.qlogo.cn\/mmopen\/e7cquZfpTniaicAufg4YJPDpYO3t8v7754dUy84QWgOeicYm6HC7MBoM4uc4FFKzZia7ZY0T9WWRHtjvPcVuoLEllzgpILcaj4zh\/0","subscribe_time":1460539622,"remark":"","groupid":0,"tagid_list":[]}
[2016-05-12 09:59:05][debug] [1]. Get openid url: https://open.weixin.qq.com/connect/oauth2/authorize?appid=wxe375e15cc67fa781&redirect_uri=http%3A%2F%2Fwww.csckl.com%2Fytj%2Fzhuli%2Findex.php%3Ftarget_openid%3Do7WT5jkaBk8wgzBpzb9Ndl7ARc1Y&response_type=code&scope=snsapi_base&state=STATE#wechat_redirect
[2016-05-12 09:59:06][debug] [1-1]. openid Code: 041qOxbL1xnTy01l9GbL1lbCbL1qOxbA
[2016-05-12 09:59:06][debug] [2]. Get openid url: https://api.weixin.qq.com/sns/oauth2/access_token?appid=wxe375e15cc67fa781&secret=228cf37dd081a8de71dd7cd330b080a7&code=041qOxbL1xnTy01l9GbL1lbCbL1qOxbA&grant_type=authorization_code
[2016-05-12 09:59:07][debug] [2-1]. Get openid return: {"access_token":"OezXcEiiBSKSxW0eoylIeDAchTD-4X2pUqlFFdlgfywJrSdF67ke7ZkeuCzHkCKTEqClr9KQGnhbIgQ_5DvxYQhv_Bm6zO8G9WwUpquJJ_JBMQnFFS-2JdWzl0EpceF9HuAaCiBrWh2SsoXduGFjYA","expires_in":7200,"refresh_token":"OezXcEiiBSKSxW0eoylIeDAchTD-4X2pUqlFFdlgfywJrSdF67ke7ZkeuCzHkCKT1X4rKa7aCGJM7t97fNSP3-B_CcADIaJpALa1OUj9Xg5tdepRfyTJaEQH4paYMxlN0QwwXFbSFy0kSV2ly-cg1Q","openid":"o7WT5jkaBk8wgzBpzb9Ndl7ARc1Y","scope":"snsapi_base"}
[2016-05-12 09:59:07][debug] [4]. Get access token url: https://api.weixin.qq.com/cgi-bin/token?grant_type=client_credential&appid=wxe375e15cc67fa781&secret=228cf37dd081a8de71dd7cd330b080a7
[2016-05-12 09:59:07][debug] [4-1]. Get access token return: {"access_token":"cPant-YCUymzRiSY5YCCRN6gvEjS7XGQ5bixcl9tGv5CEOeC21O9HcfXhLPDV_yTRJRK6GUKYpMJVz7_dTAwTi79AQJDXOVHTcspNx7xNx7TdctGsJCgOvawA_SKOYdSXUCgAEAFCK","expires_in":7196}
[2016-05-12 09:59:07][debug] [3]. Get user info url: https://api.weixin.qq.com/cgi-bin/user/info?access_token=cPant-YCUymzRiSY5YCCRN6gvEjS7XGQ5bixcl9tGv5CEOeC21O9HcfXhLPDV_yTRJRK6GUKYpMJVz7_dTAwTi79AQJDXOVHTcspNx7xNx7TdctGsJCgOvawA_SKOYdSXUCgAEAFCK&openid=o7WT5jkaBk8wgzBpzb9Ndl7ARc1Y
[2016-05-12 09:59:08][debug] [3-1]. Get user info return: {"subscribe":1,"openid":"o7WT5jkaBk8wgzBpzb9Ndl7ARc1Y","nickname":"陈阳","sex":2,"language":"zh_CN","city":"郑州","province":"河南","country":"中国","headimgurl":"http:\/\/wx.qlogo.cn\/mmopen\/e7cquZfpTniaicAufg4YJPDpYO3t8v7754dUy84QWgOeicYm6HC7MBoM4uc4FFKzZia7ZY0T9WWRHtjvPcVuoLEllzgpILcaj4zh\/0","subscribe_time":1460539622,"remark":"","groupid":0,"tagid_list":[]}
