[2016-05-09 16:04:55][debug] [1]. Get openid url: https://open.weixin.qq.com/connect/oauth2/authorize?appid=wxe375e15cc67fa781&redirect_uri=http%3A%2F%2Fwww.csckl.com%2Fytj%2Fzhuli%2Findex.php&response_type=code&scope=snsapi_base&state=STATE#wechat_redirect
[2016-05-09 16:04:55][debug] [1-1]. openid Code: 041jB0m21ctqJ22HLxk21IR2m21jB0m4
[2016-05-09 16:04:55][debug] [2]. Get openid url: https://api.weixin.qq.com/sns/oauth2/access_token?appid=wxe375e15cc67fa781&secret=228cf37dd081a8de71dd7cd330b080a7&code=041jB0m21ctqJ22HLxk21IR2m21jB0m4&grant_type=authorization_code
[2016-05-09 16:04:56][debug] [2-1]. Get openid return: {"access_token":"OezXcEiiBSKSxW0eoylIeDAchTD-4X2pUqlFFdlgfywNjjWoVvjGmA9_ZXjQG9gEQ08CQXr3lryzXS5wODc1Q3CLq7kMar58gdlRTKRD71imkFH66Yz7J1F8RgR3Gb6agP5Ddcu4W7O8UTE5jVKolQ","expires_in":7200,"refresh_token":"OezXcEiiBSKSxW0eoylIeDAchTD-4X2pUqlFFdlgfywNjjWoVvjGmA9_ZXjQG9gE6MTMENYyDrg_GsFjOwvRAZCowvdtLrn3f05I2RA5t67hAD-YqWbVPpPOUxTcIYfl9ACqdFQpoS5m1tUj30jZLw","openid":"o7WT5jvGwk3njKAD0OO5NySNWbZE","scope":"snsapi_base"}
[2016-05-09 16:04:56][debug] [4]. Get access token url: https://api.weixin.qq.com/cgi-bin/token?grant_type=client_credential&appid=wxe375e15cc67fa781&secret=228cf37dd081a8de71dd7cd330b080a7
[2016-05-09 16:04:57][debug] [4-1]. Get access token return: {"access_token":"X9DVTzyaxK2DCthr1aanGHtRTS4M_UVS4QQLlNhlTQrQuT_X3yHzbGaxEKcfoFm9MJFMyQTsuvz1pwvsZr2ZqQI43aVmRwBiMdcUEx-zFkfpAkUf7kWE2UZE4SwqMJHrDLBjAAAGOE","expires_in":7200}
[2016-05-09 16:04:57][debug] [3]. Get user info url: https://api.weixin.qq.com/cgi-bin/user/info?access_token=X9DVTzyaxK2DCthr1aanGHtRTS4M_UVS4QQLlNhlTQrQuT_X3yHzbGaxEKcfoFm9MJFMyQTsuvz1pwvsZr2ZqQI43aVmRwBiMdcUEx-zFkfpAkUf7kWE2UZE4SwqMJHrDLBjAAAGOE&openid=o7WT5jvGwk3njKAD0OO5NySNWbZE
[2016-05-09 16:04:57][debug] [3-1]. Get user info return: {"subscribe":1,"openid":"o7WT5jvGwk3njKAD0OO5NySNWbZE","nickname":"~\\(≧▽≦)\/~虫瓷","sex":2,"language":"zh_CN","city":"","province":"","country":"马达加斯加","headimgurl":"http:\/\/wx.qlogo.cn\/mmopen\/Q3auHgzwzM6mnRIsJZxJbNL9bGCxicjm58fAicGfCrH7AicPFcXDGjPzc5JFUxePqJ4bCekFBYeibjdZAEdjQwVJ7w\/0","subscribe_time":1429599603,"remark":"","groupid":0,"tagid_list":[]}
[2016-05-09 16:04:58][debug] [1]. Get openid url: https://open.weixin.qq.com/connect/oauth2/authorize?appid=wxe375e15cc67fa781&redirect_uri=http%3A%2F%2Fwww.csckl.com%2Fytj%2Fzhuli%2Findex.php%3Ftarget_openid%3Do7WT5jvGwk3njKAD0OO5NySNWbZE&response_type=code&scope=snsapi_base&state=STATE#wechat_redirect
[2016-05-09 16:04:58][debug] [1-1]. openid Code: 011Ef9Yx0QUBZm19IMYx0p1eYx0Ef9Y3
[2016-05-09 16:04:58][debug] [2]. Get openid url: https://api.weixin.qq.com/sns/oauth2/access_token?appid=wxe375e15cc67fa781&secret=228cf37dd081a8de71dd7cd330b080a7&code=011Ef9Yx0QUBZm19IMYx0p1eYx0Ef9Y3&grant_type=authorization_code
[2016-05-09 16:05:00][debug] [2-1]. Get openid return: {"access_token":"OezXcEiiBSKSxW0eoylIeDAchTD-4X2pUqlFFdlgfywNjjWoVvjGmA9_ZXjQG9gEKkL9mo0cz23hQxjGMIxhSddCb3Nf-2Pk4PKKOfrf4BvSQ4lcIoY4ssOwEAnEsgDGrluZwM7ZlBvEE8jhU6E6pg","expires_in":7200,"refresh_token":"OezXcEiiBSKSxW0eoylIeDAchTD-4X2pUqlFFdlgfywNjjWoVvjGmA9_ZXjQG9gEHGhwg5FA-ksYozk-mC3xkGbcq8z2uOPE97SILXN1nUwzz0XuDjrbZcLODUuTMImH66AeWGmvMxktryMuLXE3Hw","openid":"o7WT5jvGwk3njKAD0OO5NySNWbZE","scope":"snsapi_base"}
[2016-05-09 16:05:00][debug] [4]. Get access token url: https://api.weixin.qq.com/cgi-bin/token?grant_type=client_credential&appid=wxe375e15cc67fa781&secret=228cf37dd081a8de71dd7cd330b080a7
[2016-05-09 16:05:00][debug] [4-1]. Get access token return: {"access_token":"X9DVTzyaxK2DCthr1aanGHtRTS4M_UVS4QQLlNhlTQqZ-3c2Eo4WPfUVy-G4f2H34-MFDokTWHqqwN4747fBfXFouXeigR4-4znO1wQFB2Ef2aGO_08ms0HSz9hrjCknCEUjAAAPRH","expires_in":7197}
[2016-05-09 16:05:00][debug] [3]. Get user info url: https://api.weixin.qq.com/cgi-bin/user/info?access_token=X9DVTzyaxK2DCthr1aanGHtRTS4M_UVS4QQLlNhlTQqZ-3c2Eo4WPfUVy-G4f2H34-MFDokTWHqqwN4747fBfXFouXeigR4-4znO1wQFB2Ef2aGO_08ms0HSz9hrjCknCEUjAAAPRH&openid=o7WT5jvGwk3njKAD0OO5NySNWbZE
[2016-05-09 16:05:00][debug] [3-1]. Get user info return: {"subscribe":1,"openid":"o7WT5jvGwk3njKAD0OO5NySNWbZE","nickname":"~\\(≧▽≦)\/~虫瓷","sex":2,"language":"zh_CN","city":"","province":"","country":"马达加斯加","headimgurl":"http:\/\/wx.qlogo.cn\/mmopen\/Q3auHgzwzM6mnRIsJZxJbNL9bGCxicjm58fAicGfCrH7AicPFcXDGjPzc5JFUxePqJ4bCekFBYeibjdZAEdjQwVJ7w\/0","subscribe_time":1429599603,"remark":"","groupid":0,"tagid_list":[]}
[2016-05-09 16:05:25][debug] [1-1]. openid Code: 041jB0m21ctqJ22HLxk21IR2m21jB0m4
[2016-05-09 16:05:25][debug] [2]. Get openid url: https://api.weixin.qq.com/sns/oauth2/access_token?appid=wxe375e15cc67fa781&secret=228cf37dd081a8de71dd7cd330b080a7&code=041jB0m21ctqJ22HLxk21IR2m21jB0m4&grant_type=authorization_code
[2016-05-09 16:05:27][debug] [2-1]. Get openid return: {"errcode":40029,"errmsg":"invalid code, hints: [ req_id: U2ki5a0130ns73 ]"}
[2016-05-09 16:05:27][debug] [4]. Get access token url: https://api.weixin.qq.com/cgi-bin/token?grant_type=client_credential&appid=wxe375e15cc67fa781&secret=228cf37dd081a8de71dd7cd330b080a7
[2016-05-09 16:05:27][debug] [4-1]. Get access token return: {"access_token":"it5vb38KZ48ZvjaNf7BlMhrYPE3VREPjQ3RPP4oIdhTXsrzNNnzcaiim--K54LtX58l2q548-mgfOll_YAwd2rx52_MlYtApQ5LsGGMQ5DSs4LtJBJwv0w8TRRjYWpyUBADfAGAHGJ","expires_in":7200}
[2016-05-09 16:05:27][debug] [3]. Get user info url: https://api.weixin.qq.com/cgi-bin/user/info?access_token=it5vb38KZ48ZvjaNf7BlMhrYPE3VREPjQ3RPP4oIdhTXsrzNNnzcaiim--K54LtX58l2q548-mgfOll_YAwd2rx52_MlYtApQ5LsGGMQ5DSs4LtJBJwv0w8TRRjYWpyUBADfAGAHGJ&openid=
[2016-05-09 16:05:27][debug] [3-1]. Get user info return: {"errcode":40003,"errmsg":"invalid openid hint: [vugZHA0131vr21]"}
[2016-05-09 23:40:12][debug] [1-1]. openid Code: 021SV7GY1aH2g512b9DY1ED7GY1SV7Go
[2016-05-09 23:40:12][debug] [2]. Get openid url: https://api.weixin.qq.com/sns/oauth2/access_token?appid=wxe375e15cc67fa781&secret=228cf37dd081a8de71dd7cd330b080a7&code=021SV7GY1aH2g512b9DY1ED7GY1SV7Go&grant_type=authorization_code
[2016-05-09 23:40:13][debug] [2-1]. Get openid return: {"access_token":"OezXcEiiBSKSxW0eoylIeDAchTD-4X2pUqlFFdlgfyxJjhlfJl8pGNNzELBDwc8DR7tCwHTe-cNU2yoIArG0oXOSf-LHKx8TXMSMN45EdHDSuBqettmCkeZEtNbKlu5F7-olth9HP2Jmxz3ziAYoPw","expires_in":7200,"refresh_token":"OezXcEiiBSKSxW0eoylIeDAchTD-4X2pUqlFFdlgfyxJjhlfJl8pGNNzELBDwc8DdQuHb44UkcUYk4VRim4-v4k2GWVloQqhRtBk_zP_eZCkK063PcWZ4svZBmFJPCN1RyVkuzggQu4pjRaSXaKkaQ","openid":"o7WT5jiPFhZ_iCMz4WoHi5qqYEVo","scope":"snsapi_base"}
[2016-05-09 23:40:13][debug] [4]. Get access token url: https://api.weixin.qq.com/cgi-bin/token?grant_type=client_credential&appid=wxe375e15cc67fa781&secret=228cf37dd081a8de71dd7cd330b080a7
[2016-05-09 23:40:14][debug] [4-1]. Get access token return: {"access_token":"n_zf84TnxlxlMJuPLXa3t9pPIMn9DUcha1gk24M3NVHy2MpcDMvKpEVBfqi5CwDeyhF7J7a4QaD7Tl6IbGcQh33RWi3WpGt3MEu5-vUalh4SXTeAIAVAW","expires_in":7200}
[2016-05-09 23:40:14][debug] [3]. Get user info url: https://api.weixin.qq.com/cgi-bin/user/info?access_token=n_zf84TnxlxlMJuPLXa3t9pPIMn9DUcha1gk24M3NVHy2MpcDMvKpEVBfqi5CwDeyhF7J7a4QaD7Tl6IbGcQh33RWi3WpGt3MEu5-vUalh4SXTeAIAVAW&openid=o7WT5jiPFhZ_iCMz4WoHi5qqYEVo
[2016-05-09 23:40:14][debug] [3-1]. Get user info return: {"subscribe":0,"openid":"o7WT5jiPFhZ_iCMz4WoHi5qqYEVo","tagid_list":[]}
