[2016-05-07 09:31:17][debug] [1-1]. openid Code: 031Y16De2JTxkP0PaUDe2U27De2Y16DA
[2016-05-07 09:31:17][debug] [2]. Get openid url: https://api.weixin.qq.com/sns/oauth2/access_token?appid=wxe375e15cc67fa781&secret=228cf37dd081a8de71dd7cd330b080a7&code=031Y16De2JTxkP0PaUDe2U27De2Y16DA&grant_type=authorization_code
[2016-05-07 09:31:18][debug] [2-1]. Get openid return: {"access_token":"OezXcEiiBSKSxW0eoylIeDAchTD-4X2pUqlFFdlgfyxn74GaEkxC42Q_paXICAki1fb9iwbDeqHO2tLslKISyu4iBknBXbJFGD-oDw3MiOAEMXBKR6iPEkl8pvaOw9XF21_uSeQ_S4j7i_2sKib9wA","expires_in":7200,"refresh_token":"OezXcEiiBSKSxW0eoylIeDAchTD-4X2pUqlFFdlgfyxn74GaEkxC42Q_paXICAkivfKiGdgw6kMDexx_fd4ToEKL10WKpXL0mmSpO-a07xBqV9MfaHZsKsNs8HKKSb29Yx8MBcqwQyhaeAsnV3_1hw","openid":"o7WT5jmkpTX2DTWgi5a4beiYLi44","scope":"snsapi_base"}
[2016-05-07 09:31:18][debug] [4]. Get access token url: https://api.weixin.qq.com/cgi-bin/token?grant_type=client_credential&appid=wxe375e15cc67fa781&secret=228cf37dd081a8de71dd7cd330b080a7
[2016-05-07 09:31:18][debug] [4-1]. Get access token return: {"access_token":"76JsbSVySAt_61-uVRisguOtkjZ8r2w19LToz7pmgxeg1ztIKBLcdiBj4p4HfWXtapyxObtvHwhTwUMuUoaBkrvr60K_qX-eE6cJC_WATvAGQRiAFAJTU","expires_in":7200}
[2016-05-07 09:31:18][debug] [3]. Get user info url: https://api.weixin.qq.com/cgi-bin/user/info?access_token=76JsbSVySAt_61-uVRisguOtkjZ8r2w19LToz7pmgxeg1ztIKBLcdiBj4p4HfWXtapyxObtvHwhTwUMuUoaBkrvr60K_qX-eE6cJC_WATvAGQRiAFAJTU&openid=o7WT5jmkpTX2DTWgi5a4beiYLi44
[2016-05-07 09:31:18][debug] [3-1]. Get user info return: {"subscribe":1,"openid":"o7WT5jmkpTX2DTWgi5a4beiYLi44","nickname":"My life van","sex":2,"language":"zh_CN","city":"南京","province":"江苏","country":"中国","headimgurl":"http:\/\/wx.qlogo.cn\/mmopen\/bibticD21NjTWdocdPuMICR8FvRPlRW8XJpxKia9Htg2GxjvUqDnta6YpsKvDZa6g1UIVnKUgW5ZZ6zYhZLchzg28TJbSX7r7Iic\/0","subscribe_time":1441520686,"remark":"","groupid":0,"tagid_list":[]}
[2016-05-07 09:32:00][debug] [1-1]. openid Code: 041IyHtl0BOaeh1x8jul0yxItl0IyHtJ
[2016-05-07 09:32:00][debug] [2]. Get openid url: https://api.weixin.qq.com/sns/oauth2/access_token?appid=wxe375e15cc67fa781&secret=228cf37dd081a8de71dd7cd330b080a7&code=041IyHtl0BOaeh1x8jul0yxItl0IyHtJ&grant_type=authorization_code
[2016-05-07 09:32:01][debug] [2-1]. Get openid return: {"access_token":"OezXcEiiBSKSxW0eoylIeDAchTD-4X2pUqlFFdlgfyxgnFpMp56m22jLGztQqbVtMKdKe9K2lUfjobC9NWHXed3rE1oFmrWMhRsqg_UERGJoZ61aPD__fTTHT_MqdijVjc-vwwCS6OAdSrJNV6MjTg","expires_in":7200,"refresh_token":"OezXcEiiBSKSxW0eoylIeDAchTD-4X2pUqlFFdlgfyxgnFpMp56m22jLGztQqbVtG_fctrbwf1CkYlF3B8BP-seQKx7_h9UiogRVmbSA9ewWIOYWQpNPsH53TOZWVnUtcSCPlhH5YyzJdtqcZKdAQg","openid":"o7WT5jsVHimJVsSnIfQpUHsGuLl8","scope":"snsapi_base"}
[2016-05-07 09:32:01][debug] [4]. Get access token url: https://api.weixin.qq.com/cgi-bin/token?grant_type=client_credential&appid=wxe375e15cc67fa781&secret=228cf37dd081a8de71dd7cd330b080a7
[2016-05-07 09:32:01][debug] [4-1]. Get access token return: {"access_token":"z6lCMNaaGJDXZYT5Ef6Ox-z-CRtHbSd3YA12BJUe-LndQAQXv3HHXgV8Gz6k_Ypx5e6iaZvGrqhCWizL-SWd3AC0aqGITog019dVbFaQxFor1CCPwRFABXS6Oz3yTdquVJUeAAAYMX","expires_in":7200}
[2016-05-07 09:32:01][debug] [3]. Get user info url: https://api.weixin.qq.com/cgi-bin/user/info?access_token=z6lCMNaaGJDXZYT5Ef6Ox-z-CRtHbSd3YA12BJUe-LndQAQXv3HHXgV8Gz6k_Ypx5e6iaZvGrqhCWizL-SWd3AC0aqGITog019dVbFaQxFor1CCPwRFABXS6Oz3yTdquVJUeAAAYMX&openid=o7WT5jsVHimJVsSnIfQpUHsGuLl8
[2016-05-07 09:32:02][debug] [3-1]. Get user info return: {"subscribe":1,"openid":"o7WT5jsVHimJVsSnIfQpUHsGuLl8","nickname":"徐胜","sex":1,"language":"zh_CN","city":"苏州","province":"江苏","country":"中国","headimgurl":"http:\/\/wx.qlogo.cn\/mmopen\/47CicbLQOxtWBkl0yH8iaTFXJpEoBKWFRhzJbzl4iapPkJg1G70920e8dicHibuS7DaEEyVgGbqia78VH1NHbwKFhzzg\/0","subscribe_time":1441521675,"remark":"","groupid":0,"tagid_list":[]}
[2016-05-07 15:19:04][debug] [1-1]. openid Code: 021pwLpp10OTzv0ZZHop16yRpp1pwLpg
[2016-05-07 15:19:04][debug] [2]. Get openid url: https://api.weixin.qq.com/sns/oauth2/access_token?appid=wxe375e15cc67fa781&secret=228cf37dd081a8de71dd7cd330b080a7&code=021pwLpp10OTzv0ZZHop16yRpp1pwLpg&grant_type=authorization_code
[2016-05-07 15:19:05][debug] [2-1]. Get openid return: {"access_token":"OezXcEiiBSKSxW0eoylIeDAchTD-4X2pUqlFFdlgfyy_Gi19FMDuySLM5HTuhdou5YYtmNOfLNXgFCgO9kr_7Jo2qcFVBepN4QVbIutclKSsou0jYvXf70LDFx4qmcI2fZFn-_CudQf9QIBFQ2wv8A","expires_in":7200,"refresh_token":"OezXcEiiBSKSxW0eoylIeDAchTD-4X2pUqlFFdlgfyy_Gi19FMDuySLM5HTuhdou77SzDRYUBdsBShJ2MkgctJppNCOqQNBYWHjWapbFKMGuBndU2XsKpLPxwUyKTbkLRko9KIL4Q_2pJClNaQRNCg","openid":"o7WT5jln7YDBS-wgzoEYmle_doJA","scope":"snsapi_base"}
[2016-05-07 15:19:05][debug] [4]. Get access token url: https://api.weixin.qq.com/cgi-bin/token?grant_type=client_credential&appid=wxe375e15cc67fa781&secret=228cf37dd081a8de71dd7cd330b080a7
[2016-05-07 15:19:05][debug] [4-1]. Get access token return: {"access_token":"wxYIFqdw2AKtDogZLAVjqY1uyiNuLthoR_AQ8p4lGqj7jo9e1_1BSc9NNL8kMorejl4JgVa8aVfuJuPzxJ2BASaMqfIC3dkt08qoKYMw7i_IFs5l3vtOz09U080qxxl7ZZPjAIACCS","expires_in":7200}
[2016-05-07 15:19:05][debug] [3]. Get user info url: https://api.weixin.qq.com/cgi-bin/user/info?access_token=wxYIFqdw2AKtDogZLAVjqY1uyiNuLthoR_AQ8p4lGqj7jo9e1_1BSc9NNL8kMorejl4JgVa8aVfuJuPzxJ2BASaMqfIC3dkt08qoKYMw7i_IFs5l3vtOz09U080qxxl7ZZPjAIACCS&openid=o7WT5jln7YDBS-wgzoEYmle_doJA
[2016-05-07 15:19:05][debug] [3-1]. Get user info return: {"subscribe":1,"openid":"o7WT5jln7YDBS-wgzoEYmle_doJA","nickname":"Zting","sex":2,"language":"zh_CN","city":"苏州","province":"江苏","country":"中国","headimgurl":"http:\/\/wx.qlogo.cn\/mmopen\/Q3auHgzwzM4t8ffM7Sl8ymrabibVDQKfOIFXXqib1ibEoHcPLianJW6LkeL955xsS7PXn2pRFIsj5suGAJqaHC8UUQ\/0","subscribe_time":1462422742,"remark":"","groupid":0,"tagid_list":[]}
[2016-05-07 20:03:50][debug] [1]. Get openid url: https://open.weixin.qq.com/connect/oauth2/authorize?appid=wxe375e15cc67fa781&redirect_uri=http%3A%2F%2Fwww.csckl.com%2Fytj%2Fzhuli%2Findex.php&response_type=code&scope=snsapi_base&state=STATE#wechat_redirect
[2016-05-07 20:03:50][debug] [1-1]. openid Code: 0119WE8w0CQYAn1inu6w0sMJ8w09WE82
[2016-05-07 20:03:50][debug] [2]. Get openid url: https://api.weixin.qq.com/sns/oauth2/access_token?appid=wxe375e15cc67fa781&secret=228cf37dd081a8de71dd7cd330b080a7&code=0119WE8w0CQYAn1inu6w0sMJ8w09WE82&grant_type=authorization_code
[2016-05-07 20:03:51][debug] [2-1]. Get openid return: {"access_token":"OezXcEiiBSKSxW0eoylIeDAchTD-4X2pUqlFFdlgfyy9JlNqZrrOb1_UTFVPUE_6ZmRpwx-3YObYH_iVuCX4nM3sx_RiamyGJwYyfdkOrB5fq1mjv6fxPy0qR9F2sT6XeXJofCGbKGryaKbKEIC0Kg","expires_in":7200,"refresh_token":"OezXcEiiBSKSxW0eoylIeDAchTD-4X2pUqlFFdlgfyy9JlNqZrrOb1_UTFVPUE_6PLaqOPjcdECfYdF7bgEUHrXM30QYy2tJYhSgfUlV-oAfiqGsIh31ZxFBD0ATUVvQ2qlDDkYErPY6dUWhJhYkyQ","openid":"o7WT5jmzW60QxLG-4fp80UhsNX4g","scope":"snsapi_base"}
[2016-05-07 20:03:51][debug] [4]. Get access token url: https://api.weixin.qq.com/cgi-bin/token?grant_type=client_credential&appid=wxe375e15cc67fa781&secret=228cf37dd081a8de71dd7cd330b080a7
[2016-05-07 20:03:52][debug] [4-1]. Get access token return: {"access_token":"n_zf84TnxlxlMJuPLXa3t9pVUf9BLuMivkq1hh4ynODFvnPSec9GmdHXtyX0bnMw7bNPPRxSu2ahbOFY1lNfs_fNMc14uMZtqBQOyf8wwcoXKNiAIASFI","expires_in":7200}
[2016-05-07 20:03:52][debug] [3]. Get user info url: https://api.weixin.qq.com/cgi-bin/user/info?access_token=n_zf84TnxlxlMJuPLXa3t9pVUf9BLuMivkq1hh4ynODFvnPSec9GmdHXtyX0bnMw7bNPPRxSu2ahbOFY1lNfs_fNMc14uMZtqBQOyf8wwcoXKNiAIASFI&openid=o7WT5jmzW60QxLG-4fp80UhsNX4g
[2016-05-07 20:03:52][debug] [3-1]. Get user info return: {"subscribe":1,"openid":"o7WT5jmzW60QxLG-4fp80UhsNX4g","nickname":" 喜洋","sex":2,"language":"zh_CN","city":"苏州","province":"江苏","country":"中国","headimgurl":"http:\/\/wx.qlogo.cn\/mmopen\/Q3auHgzwzM7TT8IaF3HUgJ010Iyh2zKbAHgpBicuTEtvBliaGnv3XxJ44lcTC7McgaqYfVia3b3BIdI73dIaGTiawA\/0","subscribe_time":1457497233,"remark":"","groupid":0,"tagid_list":[]}
[2016-05-07 20:03:54][debug] [1]. Get openid url: https://open.weixin.qq.com/connect/oauth2/authorize?appid=wxe375e15cc67fa781&redirect_uri=http%3A%2F%2Fwww.csckl.com%2Fytj%2Fzhuli%2Findex.php%3Ftarget_openid%3Do7WT5jmzW60QxLG-4fp80UhsNX4g&response_type=code&scope=snsapi_base&state=STATE#wechat_redirect
[2016-05-07 20:03:54][debug] [1-1]. openid Code: 031c8cH11xjkg22Gr7G11hQgH11c8cHE
[2016-05-07 20:03:54][debug] [2]. Get openid url: https://api.weixin.qq.com/sns/oauth2/access_token?appid=wxe375e15cc67fa781&secret=228cf37dd081a8de71dd7cd330b080a7&code=031c8cH11xjkg22Gr7G11hQgH11c8cHE&grant_type=authorization_code
[2016-05-07 20:03:56][debug] [2-1]. Get openid return: {"access_token":"OezXcEiiBSKSxW0eoylIeDAchTD-4X2pUqlFFdlgfyy9JlNqZrrOb1_UTFVPUE_6s9hzriPEIonPddHjUQU7nzZx7uNtaFOivrQMHZpcz77WiP1uCVmy2-dXKI1yxQ4RzvWTQXzE83yXPVqdqC4j0w","expires_in":7200,"refresh_token":"OezXcEiiBSKSxW0eoylIeDAchTD-4X2pUqlFFdlgfyy9JlNqZrrOb1_UTFVPUE_6wvzCgfRTCTAZid4gbAApHkb8T47gujWbzM6RFYzuLe8G-mhVggiZxsSQnBCF1PJ6dqtB_onAaMZb-ouwqoQtBg","openid":"o7WT5jmzW60QxLG-4fp80UhsNX4g","scope":"snsapi_base"}
[2016-05-07 20:03:56][debug] [4]. Get access token url: https://api.weixin.qq.com/cgi-bin/token?grant_type=client_credential&appid=wxe375e15cc67fa781&secret=228cf37dd081a8de71dd7cd330b080a7
[2016-05-07 20:03:56][debug] [4-1]. Get access token return: {"access_token":"n_zf84TnxlxlMJuPLXa3t9pVUf9BLuMivkq1hh4ynOC7TJXawLqUsdt1ONdU2H8hkk6-mYMjdtzdCeoTx4a5XvCJRVi3Kg7sr_ohXAOTQ2UBDBiAIAWYW","expires_in":7196}
[2016-05-07 20:03:56][debug] [3]. Get user info url: https://api.weixin.qq.com/cgi-bin/user/info?access_token=n_zf84TnxlxlMJuPLXa3t9pVUf9BLuMivkq1hh4ynOC7TJXawLqUsdt1ONdU2H8hkk6-mYMjdtzdCeoTx4a5XvCJRVi3Kg7sr_ohXAOTQ2UBDBiAIAWYW&openid=o7WT5jmzW60QxLG-4fp80UhsNX4g
[2016-05-07 20:03:56][debug] [3-1]. Get user info return: {"subscribe":1,"openid":"o7WT5jmzW60QxLG-4fp80UhsNX4g","nickname":" 喜洋","sex":2,"language":"zh_CN","city":"苏州","province":"江苏","country":"中国","headimgurl":"http:\/\/wx.qlogo.cn\/mmopen\/Q3auHgzwzM7TT8IaF3HUgJ010Iyh2zKbAHgpBicuTEtvBliaGnv3XxJ44lcTC7McgaqYfVia3b3BIdI73dIaGTiawA\/0","subscribe_time":1457497233,"remark":"","groupid":0,"tagid_list":[]}
[2016-05-07 20:04:14][debug] [1-1]. openid Code: 0119WE8w0CQYAn1inu6w0sMJ8w09WE82
[2016-05-07 20:04:14][debug] [2]. Get openid url: https://api.weixin.qq.com/sns/oauth2/access_token?appid=wxe375e15cc67fa781&secret=228cf37dd081a8de71dd7cd330b080a7&code=0119WE8w0CQYAn1inu6w0sMJ8w09WE82&grant_type=authorization_code
[2016-05-07 20:04:15][debug] [2-1]. Get openid return: {"errcode":40029,"errmsg":"invalid code, hints: [ req_id: iSaVpa0660ns57 ]"}
[2016-05-07 20:04:15][debug] [4]. Get access token url: https://api.weixin.qq.com/cgi-bin/token?grant_type=client_credential&appid=wxe375e15cc67fa781&secret=228cf37dd081a8de71dd7cd330b080a7
[2016-05-07 20:04:15][debug] [4-1]. Get access token return: {"access_token":"lxTk9r6RyEcZZWZFE2TPWBybUt2OFhrKwydkedvVCuzfdfifpMIWmz6cRhbdRHzQ_Q6iHiaHes-Mxr_wC9eX071HvRgOWhBfD2sA1Gl0x65qUEmJRiCjAJ4FFTRFBVsAWICfAJASEY","expires_in":7200}
[2016-05-07 20:04:15][debug] [3]. Get user info url: https://api.weixin.qq.com/cgi-bin/user/info?access_token=lxTk9r6RyEcZZWZFE2TPWBybUt2OFhrKwydkedvVCuzfdfifpMIWmz6cRhbdRHzQ_Q6iHiaHes-Mxr_wC9eX071HvRgOWhBfD2sA1Gl0x65qUEmJRiCjAJ4FFTRFBVsAWICfAJASEY&openid=
[2016-05-07 20:04:16][debug] [3-1]. Get user info return: {"errcode":40003,"errmsg":"invalid openid hint: [oKNChA0661vr18]"}
[2016-05-07 20:04:16][debug] [1]. Get openid url: https://open.weixin.qq.com/connect/oauth2/authorize?appid=wxe375e15cc67fa781&redirect_uri=http%3A%2F%2Fwww.csckl.com%2Fytj%2Fzhuli%2Findex.php%3Ftarget_openid%3D&response_type=code&scope=snsapi_base&state=STATE#wechat_redirect
[2016-05-07 20:04:16][debug] [1-1]. openid Code: 021AmbGL1TNlf11xR7FL10rhGL1AmbGS
[2016-05-07 20:04:16][debug] [2]. Get openid url: https://api.weixin.qq.com/sns/oauth2/access_token?appid=wxe375e15cc67fa781&secret=228cf37dd081a8de71dd7cd330b080a7&code=021AmbGL1TNlf11xR7FL10rhGL1AmbGS&grant_type=authorization_code
[2016-05-07 20:04:18][debug] [2-1]. Get openid return: {"access_token":"OezXcEiiBSKSxW0eoylIeDAchTD-4X2pUqlFFdlgfyy9JlNqZrrOb1_UTFVPUE_6pi_mJ6MLUFdcpWOC76lnAbE09KjAQ8jvUPV0ZWrpGre014vlSJRdMg0r9i6uvZKtydbNKykYxqoidFn-7cLLCw","expires_in":7200,"refresh_token":"OezXcEiiBSKSxW0eoylIeDAchTD-4X2pUqlFFdlgfyy9JlNqZrrOb1_UTFVPUE_6zC-8UNEIO4c1XUUQr5Ye4r5bHrQoDpiGyFKDqELfW40NaXw1QWq63LfFrCqQ-u5_1WE16SmpA_0klWcVhSFGFQ","openid":"o7WT5jmzW60QxLG-4fp80UhsNX4g","scope":"snsapi_base"}
[2016-05-07 20:04:18][debug] [4]. Get access token url: https://api.weixin.qq.com/cgi-bin/token?grant_type=client_credential&appid=wxe375e15cc67fa781&secret=228cf37dd081a8de71dd7cd330b080a7
[2016-05-07 20:04:18][debug] [4-1]. Get access token return: {"access_token":"lxTk9r6RyEcZZWZFE2TPWBybUt2OFhrKwydkedvVCuwIB5s-Nm2PPRKKelejpH7uIlykRQ-nK8JrBDlHkCY5O_eUzF5IPDPe21QeRi4lEsk0nAL8VqX8pUmWLZAD6VIoRHFfAJAJZX","expires_in":7198}
[2016-05-07 20:04:18][debug] [3]. Get user info url: https://api.weixin.qq.com/cgi-bin/user/info?access_token=lxTk9r6RyEcZZWZFE2TPWBybUt2OFhrKwydkedvVCuwIB5s-Nm2PPRKKelejpH7uIlykRQ-nK8JrBDlHkCY5O_eUzF5IPDPe21QeRi4lEsk0nAL8VqX8pUmWLZAD6VIoRHFfAJAJZX&openid=o7WT5jmzW60QxLG-4fp80UhsNX4g
[2016-05-07 20:04:19][debug] [3-1]. Get user info return: {"subscribe":1,"openid":"o7WT5jmzW60QxLG-4fp80UhsNX4g","nickname":" 喜洋","sex":2,"language":"zh_CN","city":"苏州","province":"江苏","country":"中国","headimgurl":"http:\/\/wx.qlogo.cn\/mmopen\/Q3auHgzwzM7TT8IaF3HUgJ010Iyh2zKbAHgpBicuTEtvBliaGnv3XxJ44lcTC7McgaqYfVia3b3BIdI73dIaGTiawA\/0","subscribe_time":1457497233,"remark":"","groupid":0,"tagid_list":[]}
